{
  "stats": {
    "suites": 1,
    "tests": 15,
    "passes": 15,
    "pending": 0,
    "failures": 0,
    "start": "2023-12-02T16:07:33.520Z",
    "end": "2023-12-02T16:07:33.652Z",
    "duration": 132,
    "testsRegistered": 15,
    "passPercent": 100,
    "pendingPercent": 0,
    "other": 0,
    "hasOther": false,
    "skipped": 0,
    "hasSkipped": false
  },
  "results": [
    {
      "uuid": "389b37ba-291d-499d-a1fc-c9eb4523eeb5",
      "title": "",
      "fullFile": "/Users/bhargavvidja/Desktop/newest/IT_314_JOB_FICTION/Backend_final/test/test.spec.js",
      "file": "/test/test.spec.js",
      "beforeHooks": [],
      "afterHooks": [],
      "tests": [],
      "suites": [
        {
          "uuid": "8b46bd86-c7ff-4b0c-8d0b-8a7c225150d5",
          "title": "Testing route company/login",
          "fullFile": "/Users/bhargavvidja/Desktop/newest/IT_314_JOB_FICTION/Backend_final/test/test.spec.js",
          "file": "/test/test.spec.js",
          "beforeHooks": [],
          "afterHooks": [],
          "tests": [
            {
              "title": "All Valid Information",
              "fullTitle": "Testing route company/login All Valid Information",
              "timedOut": false,
              "duration": 94,
              "state": "passed",
              "speed": "slow",
              "pass": true,
              "fail": false,
              "pending": false,
              "context": null,
              "code": "chai\n  .request(host)\n  .post(path)\n  .send({\n    email: 'bhargav.vidja@gmail.com', \n    password: 'Apple@1122',\n  })\n  .end((err, res) => {\n    res.should.have.status(200);\n    res.body.should.be.an(\"object\");\n    done();\n  });",
              "err": {},
              "uuid": "5a809804-65fa-47af-b635-652b835e9b87",
              "parentUUID": "8b46bd86-c7ff-4b0c-8d0b-8a7c225150d5",
              "isHook": false,
              "skipped": false
            },
            {
              "title": "Invalid Email Upper latter",
              "fullTitle": "Testing route company/login Invalid Email Upper latter",
              "timedOut": false,
              "duration": 2,
              "state": "passed",
              "speed": "fast",
              "pass": true,
              "fail": false,
              "pending": false,
              "context": null,
              "code": "chai\n  .request(host)\n  .post(path)\n  .send({\n    email: 'Bhargav.Vidja@gmail.com', \n    password: 'Apple@1122',\n  })\n  .end((err, res) => {\n    res.should.have.status(400);\n    res.body.should.be.an(\"object\");\n    done();\n  });",
              "err": {},
              "uuid": "e5afc73a-0995-42ed-b708-b31b2836ea5f",
              "parentUUID": "8b46bd86-c7ff-4b0c-8d0b-8a7c225150d5",
              "isHook": false,
              "skipped": false
            },
            {
              "title": "Invalid Email two times @",
              "fullTitle": "Testing route company/login Invalid Email two times @",
              "timedOut": false,
              "duration": 2,
              "state": "passed",
              "speed": "fast",
              "pass": true,
              "fail": false,
              "pending": false,
              "context": null,
              "code": "chai\n  .request(host)\n  .post(path)\n  .send({\n    email: 'bhargav.vidja@@gmail.com', \n    password: 'Apple@1122',\n  })\n  .end((err, res) => {\n    res.should.have.status(400);\n    res.body.should.be.an(\"object\");\n    done();\n  });",
              "err": {},
              "uuid": "7518d5fa-5045-4763-a669-694452cf1685",
              "parentUUID": "8b46bd86-c7ff-4b0c-8d0b-8a7c225150d5",
              "isHook": false,
              "skipped": false
            },
            {
              "title": "Invalid Email (Missing @)",
              "fullTitle": "Testing route company/login Invalid Email (Missing @)",
              "timedOut": false,
              "duration": 2,
              "state": "passed",
              "speed": "fast",
              "pass": true,
              "fail": false,
              "pending": false,
              "context": null,
              "code": "chai\n  .request(host)\n  .post(path)\n  .send({\n    email: 'bhargav.vidjagmail.com', \n    password: 'Apple@1122',\n  })\n  .end((err, res) => {\n    res.should.have.status(400);\n    res.body.should.be.an(\"object\");\n    done();\n  });",
              "err": {},
              "uuid": "04d919fd-007b-40fb-b78c-d54610563457",
              "parentUUID": "8b46bd86-c7ff-4b0c-8d0b-8a7c225150d5",
              "isHook": false,
              "skipped": false
            },
            {
              "title": "Invalid Email ",
              "fullTitle": "Testing route company/login Invalid Email ",
              "timedOut": false,
              "duration": 3,
              "state": "passed",
              "speed": "fast",
              "pass": true,
              "fail": false,
              "pending": false,
              "context": null,
              "code": "chai\n  .request(host)\n  .post(path)\n  .send({\n    email: 'bhargav.vidja@gmail', \n    password: 'Apple@1122',\n  })\n  .end((err, res) => {\n    res.should.have.status(400);\n    res.body.should.be.an(\"object\");\n    done();\n  });",
              "err": {},
              "uuid": "97ebd4c5-5bf1-4d5e-a679-ae24b7bfb7b9",
              "parentUUID": "8b46bd86-c7ff-4b0c-8d0b-8a7c225150d5",
              "isHook": false,
              "skipped": false
            },
            {
              "title": "Not in database",
              "fullTitle": "Testing route company/login Not in database",
              "timedOut": false,
              "duration": 2,
              "state": "passed",
              "speed": "fast",
              "pass": true,
              "fail": false,
              "pending": false,
              "context": null,
              "code": "chai\n  .request(host)\n  .post(path)\n  .send({\n    email: 'vidja.bhargav@gmail.com', \n    password: 'Apple@1122',\n  })\n  .end((err, res) => {\n    res.should.have.status(400);\n    res.body.should.be.an(\"object\");\n    done();\n  });",
              "err": {},
              "uuid": "166e5065-7ddc-43b0-8743-97a096d5de36",
              "parentUUID": "8b46bd86-c7ff-4b0c-8d0b-8a7c225150d5",
              "isHook": false,
              "skipped": false
            },
            {
              "title": "Password length needs to beetween 8 to 15",
              "fullTitle": "Testing route company/login Password length needs to beetween 8 to 15",
              "timedOut": false,
              "duration": 3,
              "state": "passed",
              "speed": "fast",
              "pass": true,
              "fail": false,
              "pending": false,
              "context": null,
              "code": "chai\n  .request(host)\n  .post(path)\n  .send({\n    email: 'bhargav.vidja@gmail.com', \n    password: 'a',\n  })\n  .end((err, res) => {\n    res.should.have.status(400);\n    res.body.should.be.an(\"object\");\n    done();\n  });",
              "err": {},
              "uuid": "45670d15-cfd8-4cfd-8bf4-ccdb40655b62",
              "parentUUID": "8b46bd86-c7ff-4b0c-8d0b-8a7c225150d5",
              "isHook": false,
              "skipped": false
            },
            {
              "title": "Password length needs to beetween 8 to 15",
              "fullTitle": "Testing route company/login Password length needs to beetween 8 to 15",
              "timedOut": false,
              "duration": 4,
              "state": "passed",
              "speed": "fast",
              "pass": true,
              "fail": false,
              "pending": false,
              "context": null,
              "code": "chai\n  .request(host)\n  .post(path)\n  .send({\n    email: 'bhargav.vidja@gmail.com', \n    password: 'Apple@@1212233323232',\n  })\n  .end((err, res) => {\n    res.should.have.status(400);\n    res.body.should.be.an(\"object\");\n    done();\n  });",
              "err": {},
              "uuid": "42e88a70-0ccb-40b6-b4db-67e1712b10b0",
              "parentUUID": "8b46bd86-c7ff-4b0c-8d0b-8a7c225150d5",
              "isHook": false,
              "skipped": false
            },
            {
              "title": "Need one upper later in password",
              "fullTitle": "Testing route company/login Need one upper later in password",
              "timedOut": false,
              "duration": 3,
              "state": "passed",
              "speed": "fast",
              "pass": true,
              "fail": false,
              "pending": false,
              "context": null,
              "code": "chai\n  .request(host)\n  .post(path)\n  .send({\n    email: 'bhargav.vidja@gmail.com', \n    password: 'apple@1122',\n  })\n  .end((err, res) => {\n    res.should.have.status(400);\n    res.body.should.be.an(\"object\");\n    done();\n  });",
              "err": {},
              "uuid": "57062bff-da4c-436f-ba80-52c4910b305f",
              "parentUUID": "8b46bd86-c7ff-4b0c-8d0b-8a7c225150d5",
              "isHook": false,
              "skipped": false
            },
            {
              "title": "Need one lower later in password",
              "fullTitle": "Testing route company/login Need one lower later in password",
              "timedOut": false,
              "duration": 2,
              "state": "passed",
              "speed": "fast",
              "pass": true,
              "fail": false,
              "pending": false,
              "context": null,
              "code": "chai\n  .request(host)\n  .post(path)\n  .send({\n    email: 'bhargav.vidja@gmail.com', \n    password: 'APPLE@1122',\n  })\n  .end((err, res) => {\n    res.should.have.status(400);\n    res.body.should.be.an(\"object\");\n    done();\n  });",
              "err": {},
              "uuid": "75906d3d-a847-44ef-9338-9a8bbce605a2",
              "parentUUID": "8b46bd86-c7ff-4b0c-8d0b-8a7c225150d5",
              "isHook": false,
              "skipped": false
            },
            {
              "title": "Need one number in password",
              "fullTitle": "Testing route company/login Need one number in password",
              "timedOut": false,
              "duration": 2,
              "state": "passed",
              "speed": "fast",
              "pass": true,
              "fail": false,
              "pending": false,
              "context": null,
              "code": "chai\n  .request(host)\n  .post(path)\n  .send({\n    email: 'bhargav.vidja@gmail.com', \n    password: 'APPle@@#@df',\n  })\n  .end((err, res) => {\n    res.should.have.status(400);\n    res.body.should.be.an(\"object\");\n    done();\n  });",
              "err": {},
              "uuid": "8eba3674-ee7a-428f-a53d-b4cce8594eae",
              "parentUUID": "8b46bd86-c7ff-4b0c-8d0b-8a7c225150d5",
              "isHook": false,
              "skipped": false
            },
            {
              "title": "Need one special character in password",
              "fullTitle": "Testing route company/login Need one special character in password",
              "timedOut": false,
              "duration": 2,
              "state": "passed",
              "speed": "fast",
              "pass": true,
              "fail": false,
              "pending": false,
              "context": null,
              "code": "chai\n  .request(host)\n  .post(path)\n  .send({\n    email: 'bhargav.vidja@gmail.com', \n    password: 'APPle232',\n  })\n  .end((err, res) => {\n    res.should.have.status(400);\n    res.body.should.be.an(\"object\");\n    done();\n  });",
              "err": {},
              "uuid": "e9b079d3-f520-45b4-a1e4-13a90fe1fc43",
              "parentUUID": "8b46bd86-c7ff-4b0c-8d0b-8a7c225150d5",
              "isHook": false,
              "skipped": false
            },
            {
              "title": "password length should between 8-15",
              "fullTitle": "Testing route company/login password length should between 8-15",
              "timedOut": false,
              "duration": 2,
              "state": "passed",
              "speed": "fast",
              "pass": true,
              "fail": false,
              "pending": false,
              "context": null,
              "code": "chai\n  .request(host)\n  .post(path)\n  .send({\n    email: 'bhargav.vidja@gmail.com', \n    password: 'Apple@12121212121212121',\n  })\n  .end((err, res) => {\n    res.should.have.status(400);\n    res.body.should.be.an(\"object\");\n    done();\n  });",
              "err": {},
              "uuid": "a2056715-49f9-4113-838c-aba630f1ff2c",
              "parentUUID": "8b46bd86-c7ff-4b0c-8d0b-8a7c225150d5",
              "isHook": false,
              "skipped": false
            },
            {
              "title": "password cant be empty",
              "fullTitle": "Testing route company/login password cant be empty",
              "timedOut": false,
              "duration": 2,
              "state": "passed",
              "speed": "fast",
              "pass": true,
              "fail": false,
              "pending": false,
              "context": null,
              "code": "chai\n  .request(host)\n  .post(path)\n  .send({\n    email: 'bhargav.vidja@gmail.com', \n    password: '',\n  })\n  .end((err, res) => {\n    res.should.have.status(400);\n    res.body.should.be.an(\"object\");\n    done();\n  });",
              "err": {},
              "uuid": "4c81032f-106f-4388-a511-27bb2c431bac",
              "parentUUID": "8b46bd86-c7ff-4b0c-8d0b-8a7c225150d5",
              "isHook": false,
              "skipped": false
            },
            {
              "title": "Email cant be empty",
              "fullTitle": "Testing route company/login Email cant be empty",
              "timedOut": false,
              "duration": 2,
              "state": "passed",
              "speed": "fast",
              "pass": true,
              "fail": false,
              "pending": false,
              "context": null,
              "code": "chai\n  .request(host)\n  .post(path)\n  .send({\n    email: '', \n    password: 'Apple@1122',\n  })\n  .end((err, res) => {\n    res.should.have.status(400);\n    res.body.should.be.an(\"object\");\n    done();\n  });",
              "err": {},
              "uuid": "1c6742e7-c50d-4db6-9082-e088dc62889a",
              "parentUUID": "8b46bd86-c7ff-4b0c-8d0b-8a7c225150d5",
              "isHook": false,
              "skipped": false
            }
          ],
          "suites": [],
          "passes": [
            "5a809804-65fa-47af-b635-652b835e9b87",
            "e5afc73a-0995-42ed-b708-b31b2836ea5f",
            "7518d5fa-5045-4763-a669-694452cf1685",
            "04d919fd-007b-40fb-b78c-d54610563457",
            "97ebd4c5-5bf1-4d5e-a679-ae24b7bfb7b9",
            "166e5065-7ddc-43b0-8743-97a096d5de36",
            "45670d15-cfd8-4cfd-8bf4-ccdb40655b62",
            "42e88a70-0ccb-40b6-b4db-67e1712b10b0",
            "57062bff-da4c-436f-ba80-52c4910b305f",
            "75906d3d-a847-44ef-9338-9a8bbce605a2",
            "8eba3674-ee7a-428f-a53d-b4cce8594eae",
            "e9b079d3-f520-45b4-a1e4-13a90fe1fc43",
            "a2056715-49f9-4113-838c-aba630f1ff2c",
            "4c81032f-106f-4388-a511-27bb2c431bac",
            "1c6742e7-c50d-4db6-9082-e088dc62889a"
          ],
          "failures": [],
          "pending": [],
          "skipped": [],
          "duration": 127,
          "root": false,
          "rootEmpty": false,
          "_timeout": 2000
        }
      ],
      "passes": [],
      "failures": [],
      "pending": [],
      "skipped": [],
      "duration": 0,
      "root": true,
      "rootEmpty": true,
      "_timeout": 2000
    }
  ],
  "meta": {
    "mocha": {
      "version": "10.2.0"
    },
    "mochawesome": {
      "options": {
        "quiet": false,
        "reportFilename": "mochawesome",
        "saveHtml": true,
        "saveJson": true,
        "consoleReporter": "spec",
        "useInlineDiffs": false,
        "code": true
      },
      "version": "7.1.3"
    },
    "marge": {
      "options": null,
      "version": "6.2.0"
    }
  }
}