{
  "stats": {
    "suites": 1,
    "tests": 37,
    "passes": 37,
    "pending": 0,
    "failures": 0,
    "start": "2023-12-04T12:04:32.157Z",
    "end": "2023-12-04T12:04:34.124Z",
    "duration": 1967,
    "testsRegistered": 37,
    "passPercent": 100,
    "pendingPercent": 0,
    "other": 0,
    "hasOther": false,
    "skipped": 0,
    "hasSkipped": false
  },
  "results": [
    {
      "uuid": "e5de0abb-94a1-4a28-8f18-f4a913d8676e",
      "title": "",
      "fullFile": "E:\\IT_314_JOB_FICTION\\Backend_final\\test\\test.spec.js",
      "file": "\\test\\test.spec.js",
      "beforeHooks": [],
      "afterHooks": [],
      "tests": [],
      "suites": [
        {
          "uuid": "00f4a551-0383-41fd-8799-210c7fe3a752",
          "title": "Testing route company/newpost",
          "fullFile": "E:\\IT_314_JOB_FICTION\\Backend_final\\test\\test.spec.js",
          "file": "\\test\\test.spec.js",
          "beforeHooks": [],
          "afterHooks": [],
          "tests": [
            {
              "title": "Experience cannot be negative",
              "fullTitle": "Testing route company/newpost Experience cannot be negative",
              "timedOut": false,
              "duration": 92,
              "state": "passed",
              "speed": "slow",
              "pass": true,
              "fail": false,
              "pending": false,
              "context": null,
              "code": "chai\n  .request(host)\n  .post(path)\n  .send({\n    job_title: 'Computer Engineering',\n    Responsibilities: 'Software Development Engineer',\n    exp: -1,\n    salary: 50000,\n    location: 'Rajkot',\n    Perks: 'Food',\n    last_date: '2023-12-25'\n  })\n  .end(function (err, res, body) {\n    console.log(res)\n    res.status.should.equal(400);\n    done();\n  });",
              "err": {},
              "uuid": "097ffc10-36dc-4561-93f3-488c2e5f84ef",
              "parentUUID": "00f4a551-0383-41fd-8799-210c7fe3a752",
              "isHook": false,
              "skipped": false
            },
            {
              "title": "Experience cannot be negative",
              "fullTitle": "Testing route company/newpost Experience cannot be negative",
              "timedOut": false,
              "duration": 71,
              "state": "passed",
              "speed": "medium",
              "pass": true,
              "fail": false,
              "pending": false,
              "context": null,
              "code": "chai\n  .request(host)\n  .post(path)\n  .send({\n    job_title: 'Computer Engineering',\n    Responsibilities: 'Software Development Engineer',\n    exp: -5,\n    salary: 50000,\n    location: 'Rajkot',\n    Perks: 'Food',\n    last_date: '2023-12-25'\n  })\n  .end(function (err, res, body) {\n    console.log(res)\n    res.status.should.equal(400);\n    done();\n  });",
              "err": {},
              "uuid": "66e6826f-1c54-4b83-a561-ad896953f810",
              "parentUUID": "00f4a551-0383-41fd-8799-210c7fe3a752",
              "isHook": false,
              "skipped": false
            },
            {
              "title": "Experience cannot be negative",
              "fullTitle": "Testing route company/newpost Experience cannot be negative",
              "timedOut": false,
              "duration": 54,
              "state": "passed",
              "speed": "medium",
              "pass": true,
              "fail": false,
              "pending": false,
              "context": null,
              "code": "chai\n  .request(host)\n  .post(path)\n  .send({\n    job_title: 'Computer Engineering',\n    Responsibilities: 'Software Development Engineer',\n    exp: -57,\n    salary: 50000,\n    location: 'Rajkot',\n    Perks: 'Food',\n    last_date: '2023-12-25'\n  })\n  .end(function (err, res, body) {\n    console.log(res)\n    res.status.should.equal(400);\n    done();\n  });",
              "err": {},
              "uuid": "2ae7a0a9-d5de-4ae6-aeac-08b33c9c8d38",
              "parentUUID": "00f4a551-0383-41fd-8799-210c7fe3a752",
              "isHook": false,
              "skipped": false
            },
            {
              "title": "Experience cannot exceed 25.",
              "fullTitle": "Testing route company/newpost Experience cannot exceed 25.",
              "timedOut": false,
              "duration": 48,
              "state": "passed",
              "speed": "medium",
              "pass": true,
              "fail": false,
              "pending": false,
              "context": null,
              "code": "chai\n  .request(host)\n  .post(path)\n  .send({\n    job_title: 'Computer Engineering',\n    Responsibilities: 'Software Development Engineer',\n    exp: 26,\n    salary: 50000,\n    location: 'Rajkot',\n    Perks: 'Food',\n    last_date: '2023-12-25'\n  })\n  .end(function (err, res, body) {\n    console.log(res)\n    res.status.should.equal(400);\n    done();\n  });",
              "err": {},
              "uuid": "cc5fee9a-b453-4a33-8775-297729b77aec",
              "parentUUID": "00f4a551-0383-41fd-8799-210c7fe3a752",
              "isHook": false,
              "skipped": false
            },
            {
              "title": "Experience cannot exceed 25.",
              "fullTitle": "Testing route company/newpost Experience cannot exceed 25.",
              "timedOut": false,
              "duration": 51,
              "state": "passed",
              "speed": "medium",
              "pass": true,
              "fail": false,
              "pending": false,
              "context": null,
              "code": "chai\n  .request(host)\n  .post(path)\n  .send({\n    job_title: 'Computer Engineering',\n    Responsibilities: 'Software Development Engineer',\n    exp: 45,\n    salary: 50000,\n    location: 'Rajkot',\n    Perks: 'Food',\n    last_date: '2023-12-25'\n  })\n  .end(function (err, res, body) {\n    console.log(res)\n    res.status.should.equal(400);\n    done();\n  });",
              "err": {},
              "uuid": "a65a78c9-1053-4c17-9abb-7bebde478636",
              "parentUUID": "00f4a551-0383-41fd-8799-210c7fe3a752",
              "isHook": false,
              "skipped": false
            },
            {
              "title": "All valid field",
              "fullTitle": "Testing route company/newpost All valid field",
              "timedOut": false,
              "duration": 48,
              "state": "passed",
              "speed": "medium",
              "pass": true,
              "fail": false,
              "pending": false,
              "context": null,
              "code": "chai\n  .request(host)\n  .post(path)\n  .send({\n    job_title: 'Electric Engineering',\n    Responsibilities: 'Engineer',\n    exp: 1,\n    salary: 50000,\n    location: 'Gandhinagar',\n    Perks: 'Food',\n    last_date: '2023-12-31'\n  })\n  .end(function (err, res, body) {\n    console.log(res)\n    res.status.should.equal(400);\n    done();\n  });",
              "err": {},
              "uuid": "92697ad7-1ca1-4d17-8cef-66f8129c6b74",
              "parentUUID": "00f4a551-0383-41fd-8799-210c7fe3a752",
              "isHook": false,
              "skipped": false
            },
            {
              "title": "Job title is Invalid.",
              "fullTitle": "Testing route company/newpost Job title is Invalid.",
              "timedOut": false,
              "duration": 42,
              "state": "passed",
              "speed": "medium",
              "pass": true,
              "fail": false,
              "pending": false,
              "context": null,
              "code": "chai\n  .request(host)\n  .post(path)\n  .send({\n    job_title: 'Computer Engineering123',\n    Responsibilities: 'Software Development Engineer',\n    exp: 1,\n    salary: 50000,\n    location: 'Rajkot',\n    Perks: 'Food',\n    last_date: '2024-01-01'\n  })\n  .end(function (err, res, body) {\n    console.log(res)\n    res.status.should.equal(400);\n    done();\n  });",
              "err": {},
              "uuid": "8b0ad890-8577-478d-bf5c-c7c6485224ee",
              "parentUUID": "00f4a551-0383-41fd-8799-210c7fe3a752",
              "isHook": false,
              "skipped": false
            },
            {
              "title": "Job title is Invalid.",
              "fullTitle": "Testing route company/newpost Job title is Invalid.",
              "timedOut": false,
              "duration": 45,
              "state": "passed",
              "speed": "medium",
              "pass": true,
              "fail": false,
              "pending": false,
              "context": null,
              "code": "chai\n  .request(host)\n  .post(path)\n  .send({\n    job_title: 'Computer123Engineering',\n    Responsibilities: 'Software Development Engineer',\n    exp: 1,\n    salary: 50000,\n    location: 'Rajkot',\n    Perks: 'medical',\n    last_date: '2023-12-30'\n  })\n  .end(function (err, res, body) {\n    console.log(res)\n    res.status.should.equal(400);\n    done();\n  });",
              "err": {},
              "uuid": "e3547f32-7e48-4284-836f-d7a4d48814ba",
              "parentUUID": "00f4a551-0383-41fd-8799-210c7fe3a752",
              "isHook": false,
              "skipped": false
            },
            {
              "title": "Job title is Invalid.",
              "fullTitle": "Testing route company/newpost Job title is Invalid.",
              "timedOut": false,
              "duration": 59,
              "state": "passed",
              "speed": "medium",
              "pass": true,
              "fail": false,
              "pending": false,
              "context": null,
              "code": "chai\n  .request(host)\n  .post(path)\n  .send({\n    job_title: '1234',\n    Responsibilities: 'Software Development Engineer',\n    exp: 1,\n    salary: 50000,\n    location: 'Rajkot',\n    Perks: 'Food',\n    last_date: '2023-12-05'\n  })\n  .end(function (err, res, body) {\n    console.log(res)\n    res.status.should.equal(400);\n    done();\n  });",
              "err": {},
              "uuid": "28f4205f-5b5f-4ce3-a0e9-d98087d474b9",
              "parentUUID": "00f4a551-0383-41fd-8799-210c7fe3a752",
              "isHook": false,
              "skipped": false
            },
            {
              "title": "Job title should contain atleast 3 character.",
              "fullTitle": "Testing route company/newpost Job title should contain atleast 3 character.",
              "timedOut": false,
              "duration": 57,
              "state": "passed",
              "speed": "medium",
              "pass": true,
              "fail": false,
              "pending": false,
              "context": null,
              "code": "chai\n  .request(host)\n  .post(path)\n  .send({\n    job_title: 'HR',\n    Responsibilities: 'Software Development Engineer',\n    exp: 1,\n    salary: 50000,\n    location: 'Rajkot',\n    Perks: 'Food',\n    last_date: '2023-12-10'\n  })\n  .end(function (err, res, body) {\n    console.log(res)\n    res.status.should.equal(400);\n    done();\n  });",
              "err": {},
              "uuid": "1541a071-146b-4ae0-82fe-32c9ae62861d",
              "parentUUID": "00f4a551-0383-41fd-8799-210c7fe3a752",
              "isHook": false,
              "skipped": false
            },
            {
              "title": "Project name should not contain more than 50 character.",
              "fullTitle": "Testing route company/newpost Project name should not contain more than 50 character.",
              "timedOut": false,
              "duration": 42,
              "state": "passed",
              "speed": "medium",
              "pass": true,
              "fail": false,
              "pending": false,
              "context": null,
              "code": "chai\n  .request(host)\n  .post(path)\n  .send({\n    job_title: 'ComputerEngineeringkdjskdjfksdhjhjhjdhfjhjfygoiyhjkhfjhkjdfhjhjghjfdhdjfhdjhkjhjdhgkjhdkj',\n    Responsibilities: 'Software Development Engineer',\n    exp: 1,\n    salary: 50000,\n    location: 'Rajkot',\n    Perks: 'Food',\n    last_date: '2023-12-15'\n  })\n  .end(function (err, res, body) {\n    console.log(res)\n    res.status.should.equal(400);\n    done();\n  });",
              "err": {},
              "uuid": "c8844156-8bc8-44c6-b401-9ca56031dffa",
              "parentUUID": "00f4a551-0383-41fd-8799-210c7fe3a752",
              "isHook": false,
              "skipped": false
            },
            {
              "title": "All valid field",
              "fullTitle": "Testing route company/newpost All valid field",
              "timedOut": false,
              "duration": 50,
              "state": "passed",
              "speed": "medium",
              "pass": true,
              "fail": false,
              "pending": false,
              "context": null,
              "code": "chai\n  .request(host)\n  .post(path)\n  .send({\n    job_title: 'Hotel manager',\n    Responsibilities: 'trainer',\n    exp: 1,\n    salary: 20000,\n    location: 'Rajkot',\n    Perks: 'Food',\n    last_date: '2023-12-31'\n  })\n  .end(function (err, res, body) {\n    console.log(res)\n    res.status.should.equal(400);\n    done();\n  });",
              "err": {},
              "uuid": "2c1664c8-a9f1-46cc-82a1-3178dab19a6c",
              "parentUUID": "00f4a551-0383-41fd-8799-210c7fe3a752",
              "isHook": false,
              "skipped": false
            },
            {
              "title": "All valid field",
              "fullTitle": "Testing route company/newpost All valid field",
              "timedOut": false,
              "duration": 60,
              "state": "passed",
              "speed": "medium",
              "pass": true,
              "fail": false,
              "pending": false,
              "context": null,
              "code": "chai\n  .request(host)\n  .post(path)\n  .send({\n    job_title: 'Hospital Manager',\n    Responsibilities: 'doctor',\n    exp: 1,\n    salary: 75000,\n    location: 'Mumbai',\n    Perks: 'Residance',\n    last_date: '2024-01-14'\n  })\n  .end(function (err, res, body) {\n    console.log(res)\n    res.status.should.equal(400);\n    done();\n  });",
              "err": {},
              "uuid": "0efe3d52-6b79-46ad-9c0e-3954da58eda0",
              "parentUUID": "00f4a551-0383-41fd-8799-210c7fe3a752",
              "isHook": false,
              "skipped": false
            },
            {
              "title": "All valid Field",
              "fullTitle": "Testing route company/newpost All valid Field",
              "timedOut": false,
              "duration": 51,
              "state": "passed",
              "speed": "medium",
              "pass": true,
              "fail": false,
              "pending": false,
              "context": null,
              "code": "chai\n  .request(host)\n  .post(path)\n  .send({\n    job_title: 'Software Engineering',\n    Responsibilities: 'Fontend Devloper',\n    exp: 1,\n    salary: 50000,\n    location: 'Rajkot',\n    Perks: 'Food',\n    last_date: '2024-02-14'\n  })\n  .end(function (err, res, body) {\n    console.log(res)\n    res.status.should.equal(400);\n    done();\n  });",
              "err": {},
              "uuid": "14a8a57f-1fe2-4427-9c72-9b8e3e3a0b5c",
              "parentUUID": "00f4a551-0383-41fd-8799-210c7fe3a752",
              "isHook": false,
              "skipped": false
            },
            {
              "title": "All valid field",
              "fullTitle": "Testing route company/newpost All valid field",
              "timedOut": false,
              "duration": 49,
              "state": "passed",
              "speed": "medium",
              "pass": true,
              "fail": false,
              "pending": false,
              "context": null,
              "code": "chai\n  .request(host)\n  .post(path)\n  .send({\n    job_title: 'Software Engineering',\n    Responsibilities: 'Backend Devloper',\n    exp: 4,\n    salary: 75000,\n    location: 'Delhi',\n    Perks: 'Food',\n    last_date: '2023-12-14'\n  })\n  .end(function (err, res, body) {\n    console.log(res)\n    res.status.should.equal(400);\n    done();\n  });",
              "err": {},
              "uuid": "a184f02d-331f-4f57-8c53-917f7db526fe",
              "parentUUID": "00f4a551-0383-41fd-8799-210c7fe3a752",
              "isHook": false,
              "skipped": false
            },
            {
              "title": "All valid Field",
              "fullTitle": "Testing route company/newpost All valid Field",
              "timedOut": false,
              "duration": 47,
              "state": "passed",
              "speed": "medium",
              "pass": true,
              "fail": false,
              "pending": false,
              "context": null,
              "code": "chai\n  .request(host)\n  .post(path)\n  .send({\n    job_title: 'Computer Engineering',\n    Responsibilities: 'Software Development Engineer',\n    exp: 1,\n    salary: 85000,\n    location: 'Bangalore',\n    Perks: 'medicale',\n    last_date: '2023-12-25'\n  })\n  .end(function (err, res, body) {\n    console.log(res)\n    res.status.should.equal(400);\n    done();\n  });",
              "err": {},
              "uuid": "4aa1ca54-bebd-412d-a1a4-37e275a9de4f",
              "parentUUID": "00f4a551-0383-41fd-8799-210c7fe3a752",
              "isHook": false,
              "skipped": false
            },
            {
              "title": "salary cannot be negative.",
              "fullTitle": "Testing route company/newpost salary cannot be negative.",
              "timedOut": false,
              "duration": 46,
              "state": "passed",
              "speed": "medium",
              "pass": true,
              "fail": false,
              "pending": false,
              "context": null,
              "code": "chai\n  .request(host)\n  .post(path)\n  .send({\n    job_title: 'Software Engineering',\n    Responsibilities: 'Backend Devloper',\n    exp: 4,\n    salary: -5000,\n    location: 'Delhi',\n    Perks: 'Food',\n    last_date: '2024-06-07'\n  })\n  .end(function (err, res, body) {\n    console.log(res)\n    res.status.should.equal(400);\n    done();\n  });",
              "err": {},
              "uuid": "9095abe7-fdb9-46f4-b55a-e6e98df4d78a",
              "parentUUID": "00f4a551-0383-41fd-8799-210c7fe3a752",
              "isHook": false,
              "skipped": false
            },
            {
              "title": "salary cannot be less than 5000.",
              "fullTitle": "Testing route company/newpost salary cannot be less than 5000.",
              "timedOut": false,
              "duration": 45,
              "state": "passed",
              "speed": "medium",
              "pass": true,
              "fail": false,
              "pending": false,
              "context": null,
              "code": "chai\n  .request(host)\n  .post(path)\n  .send({\n    job_title: 'Software Engineering',\n    Responsibilities: 'Backend Devloper',\n    exp: 1,\n    salary: 75,\n    location: 'Delhi',\n    Perks: 'Food',\n    last_date: '2024-06-07'\n  })\n  .end(function (err, res, body) {\n    console.log(res)\n    res.status.should.equal(400);\n    done();\n  });",
              "err": {},
              "uuid": "4b8cc9cf-1845-4795-95b1-5785eec71f5d",
              "parentUUID": "00f4a551-0383-41fd-8799-210c7fe3a752",
              "isHook": false,
              "skipped": false
            },
            {
              "title": "salary cannot be more than 500000.",
              "fullTitle": "Testing route company/newpost salary cannot be more than 500000.",
              "timedOut": false,
              "duration": 49,
              "state": "passed",
              "speed": "medium",
              "pass": true,
              "fail": false,
              "pending": false,
              "context": null,
              "code": "chai\n  .request(host)\n  .post(path)\n  .send({\n    job_title: 'Software Engineering',\n    Responsibilities: 'Backend Devloper',\n    exp: 4,\n    salary: 750000,\n    location: 'Delhi',\n    Perks: 'Food',\n    last_date: '2024-07-07'\n  })\n  .end(function (err, res, body) {\n    console.log(res)\n    res.status.should.equal(400);\n    done();\n  });",
              "err": {},
              "uuid": "d205a635-4192-43d2-8096-312b70f7cbe7",
              "parentUUID": "00f4a551-0383-41fd-8799-210c7fe3a752",
              "isHook": false,
              "skipped": false
            },
            {
              "title": "salary cannot be more than 500000.",
              "fullTitle": "Testing route company/newpost salary cannot be more than 500000.",
              "timedOut": false,
              "duration": 47,
              "state": "passed",
              "speed": "medium",
              "pass": true,
              "fail": false,
              "pending": false,
              "context": null,
              "code": "chai\n  .request(host)\n  .post(path)\n  .send({\n    job_title: 'Software Engineering',\n    Responsibilities: 'Backend Devloper',\n    exp: 4,\n    salary: 1000000,\n    location: 'Delhi',\n    Perks: 'Food',\n    last_date: '2024-08-07'\n  })\n  .end(function (err, res, body) {\n    console.log(res)\n    res.status.should.equal(400);\n    done();\n  });",
              "err": {},
              "uuid": "6bdd8e7a-68c7-483e-b448-0c1a0380379e",
              "parentUUID": "00f4a551-0383-41fd-8799-210c7fe3a752",
              "isHook": false,
              "skipped": false
            },
            {
              "title": "All valid Field",
              "fullTitle": "Testing route company/newpost All valid Field",
              "timedOut": false,
              "duration": 44,
              "state": "passed",
              "speed": "medium",
              "pass": true,
              "fail": false,
              "pending": false,
              "context": null,
              "code": "chai\n  .request(host)\n  .post(path)\n  .send({\n    job_title: 'Software Engineering',\n    Responsibilities: 'Backend Devloper',\n    exp: 4,\n    salary: 100000,\n    location: 'Delhi',\n    Perks: 'Food',\n    last_date: '2024-03-07'\n  })\n  .end(function (err, res, body) {\n    console.log(res)\n    res.status.should.equal(400);\n    done();\n  });",
              "err": {},
              "uuid": "28debc7e-ad14-40fd-b500-958663492baf",
              "parentUUID": "00f4a551-0383-41fd-8799-210c7fe3a752",
              "isHook": false,
              "skipped": false
            },
            {
              "title": "All valid Field.",
              "fullTitle": "Testing route company/newpost All valid Field.",
              "timedOut": false,
              "duration": 58,
              "state": "passed",
              "speed": "medium",
              "pass": true,
              "fail": false,
              "pending": false,
              "context": null,
              "code": "chai\n  .request(host)\n  .post(path)\n  .send({\n    job_title: 'Software Engineering',\n    Responsibilities: 'Frontend Devloper',\n    exp: 2,\n    salary: 50000,\n    location: 'Bangalor',\n    Perks: 'Food',\n    last_date: '2024-06-29'\n  })\n  .end(function (err, res, body) {\n    console.log(res)\n    res.status.should.equal(400);\n    done();\n  });",
              "err": {},
              "uuid": "f36be7ba-7d6e-4b45-8e35-d2aac1783b83",
              "parentUUID": "00f4a551-0383-41fd-8799-210c7fe3a752",
              "isHook": false,
              "skipped": false
            },
            {
              "title": "Location is not valid.",
              "fullTitle": "Testing route company/newpost Location is not valid.",
              "timedOut": false,
              "duration": 49,
              "state": "passed",
              "speed": "medium",
              "pass": true,
              "fail": false,
              "pending": false,
              "context": null,
              "code": "chai\n  .request(host)\n  .post(path)\n  .send({\n    job_title: 'Computer Engineering',\n    Responsibilities:'In the vast expanse of the cosmos, where galaxies twirl in cosmic dances and stars flicker like distant lanterns, there exists a profound beauty that captivates the imagination. Nebulas stretch their ethereal arms across the cosmic tapestry, creating celestial paintings that defy the limits of human comprehension. Black holes, mysterious and enigmatic, devour light and time, bending the very fabric of space itself Planets, each a unique world with its own story, orbit their parent stars in a delicate ballet. Moons, faithful companions, cast their silvery glow upon alien landscapes. Meteoroids zip through the cosmic void, leaving trails of stardust in their wake. Supernovae unleash titanic explosions, scattering elements forged in the hearts of stars across the cosmic landscape.Amidst this cosmic symphony, life emerges on a pale blue dot called Earth. From the microscopic dance of cells to the majestic migrations of whales, life weaves its intricate patterns. Human minds ponder the mysteries of existence, reaching for the stars with a thirst for knowledge that transcends the boundaries of our terrestrial home As we gaze into the night sky, let us marvel at the wonders that unfold in the grand theater of the universe. For in the cosmic poetry written across the heavens, we find a reflection of our own curiosity and a reminder of the boundless possibilities that await those who dare to explore the infinite reaches of space and time',\n    exp: 4,\n    salary: 100000,\n    location: 'Delhi',\n    Perks: 'Food',\n    last_date: '2024-11-07'\n  })\n  .end(function (err, res, body) {\n    console.log(res)\n    res.status.should.equal(400);\n    done();\n  });",
              "err": {},
              "uuid": "6f8cea7b-c0f7-4346-a350-769a239ba2d6",
              "parentUUID": "00f4a551-0383-41fd-8799-210c7fe3a752",
              "isHook": false,
              "skipped": false
            },
            {
              "title": "Responsibilities not valid.",
              "fullTitle": "Testing route company/newpost Responsibilities not valid.",
              "timedOut": false,
              "duration": 42,
              "state": "passed",
              "speed": "medium",
              "pass": true,
              "fail": false,
              "pending": false,
              "context": null,
              "code": "chai\n  .request(host)\n  .post(path)\n  .send({\n    job_title: 'This is a sample string with more than 100 letters. It serves the purpose of demonstrating a text that exceeds the specified length. Feel free to use it for your testing or any other purposes you may have.',\n    Responsibilities: 'Backend Devloper',\n    exp: 4,\n    salary: 100000,\n    location: 'Delhi',\n    Perks: 'Food',\n    last_date: '2024-09-29'\n  })\n  .end(function (err, res, body) {\n    console.log(res)\n    res.status.should.equal(400);\n    done();\n  });",
              "err": {},
              "uuid": "d4cbb29c-58b9-489c-908d-e9bd8bff874d",
              "parentUUID": "00f4a551-0383-41fd-8799-210c7fe3a752",
              "isHook": false,
              "skipped": false
            },
            {
              "title": "perk is not valid.",
              "fullTitle": "Testing route company/newpost perk is not valid.",
              "timedOut": false,
              "duration": 46,
              "state": "passed",
              "speed": "medium",
              "pass": true,
              "fail": false,
              "pending": false,
              "context": null,
              "code": "chai\n  .request(host)\n  .post(path)\n  .send({\n    job_title: 'Software Engineering',\n    Responsibilities: 'Backend Devloper',\n    exp: 4,\n    salary: 100000,\n    location: 'Delhi',\n    Perks: 'In the vast expanse of the cosmos, where galaxies twirl in cosmic dances and stars flicker like distant lanterns, there exists a profound beauty that captivates the imagination. Nebulas stretch their ethereal arms across the cosmic tapestry, creating celestial paintings that defy the limits of human comprehension. Black holes, mysterious and enigmatic, devour light and time, bending the very fabric of space itself Planets, each a unique world with its own story, orbit their parent stars in a delicate ballet. Moons, faithful companions, cast their silvery glow upon alien landscapes. Meteoroids zip through the cosmic void, leaving trails of stardust in their wake. Supernovae unleash titanic explosions, scattering elements forged in the hearts of stars across the cosmic landscape.Amidst this cosmic symphony, life emerges on a pale blue dot called Earth. From the microscopic dance of cells to the majestic migrations of whales, life weaves its intricate patterns. Human minds ponder the mysteries of existence, reaching for the stars with a thirst for knowledge that transcends the boundaries of our terrestrial home As we gaze into the night sky, let us marvel at the wonders that unfold in the grand theater of the universe. For in the cosmic poetry written across the heavens, we find a reflection of our own curiosity and a reminder of the boundless possibilities that await those who dare to explore the infinite reaches of space and time',\n    last_date: '2024-06-07'\n  })\n  .end(function (err, res, body) {\n    console.log(res)\n    res.status.should.equal(400);\n    done();\n  });",
              "err": {},
              "uuid": "80f06bbe-7c6f-4a52-94a7-f68a897e9074",
              "parentUUID": "00f4a551-0383-41fd-8799-210c7fe3a752",
              "isHook": false,
              "skipped": false
            },
            {
              "title": "All valid Field.",
              "fullTitle": "Testing route company/newpost All valid Field.",
              "timedOut": false,
              "duration": 53,
              "state": "passed",
              "speed": "medium",
              "pass": true,
              "fail": false,
              "pending": false,
              "context": null,
              "code": "chai\n  .request(host)\n  .post(path)\n  .send({\n    job_title: 'Computer Engineering',\n    Responsibilities: 'Promte Engineer',\n    exp: 2,\n    salary: 10000,\n    location: 'Delhi',\n    Perks: 'Food',\n    last_date: '2024-04-23'\n  })\n  .end(function (err, res, body) {\n    console.log(res)\n    res.status.should.equal(400);\n    done();\n  });",
              "err": {},
              "uuid": "578e1235-c96a-4be4-98e6-2eeff3aa1810",
              "parentUUID": "00f4a551-0383-41fd-8799-210c7fe3a752",
              "isHook": false,
              "skipped": false
            },
            {
              "title": "All valid Field.",
              "fullTitle": "Testing route company/newpost All valid Field.",
              "timedOut": false,
              "duration": 45,
              "state": "passed",
              "speed": "medium",
              "pass": true,
              "fail": false,
              "pending": false,
              "context": null,
              "code": "chai\n  .request(host)\n  .post(path)\n  .send({\n    job_title: 'Software Engineering',\n    Responsibilities: 'Frontend Devloper',\n    exp: 5,\n    salary: 95000,\n    location: 'Pune',\n    Perks: 'Residence',\n    last_date: '2024-08-27'\n  })\n  .end(function (err, res, body) {\n    console.log(res)\n    res.status.should.equal(400);\n    done();\n  });",
              "err": {},
              "uuid": "4c75a709-5c27-40c5-bc34-e0379e209054",
              "parentUUID": "00f4a551-0383-41fd-8799-210c7fe3a752",
              "isHook": false,
              "skipped": false
            },
            {
              "title": "Empty job_title.",
              "fullTitle": "Testing route company/newpost Empty job_title.",
              "timedOut": false,
              "duration": 46,
              "state": "passed",
              "speed": "medium",
              "pass": true,
              "fail": false,
              "pending": false,
              "context": null,
              "code": "chai\n  .request(host)\n  .post(path)\n  .send({\n    job_title: '',\n    Responsibilities: 'Backend Devloper',\n    exp: 4,\n    salary: 100000,\n    location: 'Delhi',\n    Perks: 'Food',\n    last_date: '2024-07-21'\n  })\n  .end(function (err, res, body) {\n    console.log(res)\n    res.status.should.equal(400);\n    done();\n  });",
              "err": {},
              "uuid": "6b4f519e-b607-4cac-969e-ecc6650e65ab",
              "parentUUID": "00f4a551-0383-41fd-8799-210c7fe3a752",
              "isHook": false,
              "skipped": false
            },
            {
              "title": "Empty Responsibilities.",
              "fullTitle": "Testing route company/newpost Empty Responsibilities.",
              "timedOut": false,
              "duration": 83,
              "state": "passed",
              "speed": "slow",
              "pass": true,
              "fail": false,
              "pending": false,
              "context": null,
              "code": "chai\n  .request(host)\n  .post(path)\n  .send({\n    job_title: 'Software Engineering',\n    Responsibilities: '',\n    exp: 4,\n    salary: 100000,\n    location: 'chennai',\n    Perks: 'Food',\n    last_date: '2024-07-21'\n  })\n  .end(function (err, res, body) {\n    console.log(res)\n    res.status.should.equal(400);\n    done();\n  });",
              "err": {},
              "uuid": "70e4d2c0-2b28-4f25-a228-885b8f8312b9",
              "parentUUID": "00f4a551-0383-41fd-8799-210c7fe3a752",
              "isHook": false,
              "skipped": false
            },
            {
              "title": "Empty exp.",
              "fullTitle": "Testing route company/newpost Empty exp.",
              "timedOut": false,
              "duration": 51,
              "state": "passed",
              "speed": "medium",
              "pass": true,
              "fail": false,
              "pending": false,
              "context": null,
              "code": "chai\n  .request(host)\n  .post(path)\n  .send({\n    job_title: 'Software Engineering',\n    Responsibilities: 'Backend Devloper',\n    exp: '',\n    salary: 100000,\n    location: 'mumbai',\n    Perks: 'Food',\n    last_date: '2024-07-25'\n  })\n  .end(function (err, res, body) {\n    console.log(res)\n    res.status.should.equal(400);\n    done();\n  });",
              "err": {},
              "uuid": "2f38115b-e076-4fe6-8c07-ddbf9ebf2f38",
              "parentUUID": "00f4a551-0383-41fd-8799-210c7fe3a752",
              "isHook": false,
              "skipped": false
            },
            {
              "title": "Empty salary.",
              "fullTitle": "Testing route company/newpost Empty salary.",
              "timedOut": false,
              "duration": 46,
              "state": "passed",
              "speed": "medium",
              "pass": true,
              "fail": false,
              "pending": false,
              "context": null,
              "code": "chai\n  .request(host)\n  .post(path)\n  .send({\n    job_title: 'Software Engineering',\n    Responsibilities: 'Backend Devloper',\n    exp: 4,\n    salary: '',\n    location: 'Delhi',\n    Perks: 'Food',\n    last_date: '2024-07-15'\n  })\n  .end(function (err, res, body) {\n    console.log(res)\n    res.status.should.equal(400);\n    done();\n  });",
              "err": {},
              "uuid": "4966cd07-a10f-4e6c-9643-464cdaf811d8",
              "parentUUID": "00f4a551-0383-41fd-8799-210c7fe3a752",
              "isHook": false,
              "skipped": false
            },
            {
              "title": "Empty location.",
              "fullTitle": "Testing route company/newpost Empty location.",
              "timedOut": false,
              "duration": 47,
              "state": "passed",
              "speed": "medium",
              "pass": true,
              "fail": false,
              "pending": false,
              "context": null,
              "code": "chai\n  .request(host)\n  .post(path)\n  .send({\n    job_title: 'Software Engineering',\n    Responsibilities: 'Backend Devloper',\n    exp: 4,\n    salary: 100000,\n    location: '',\n    Perks: 'Food',\n    last_date: '2024-12-25'\n  })\n  .end(function (err, res, body) {\n    console.log(res)\n    res.status.should.equal(400);\n    done();\n  });",
              "err": {},
              "uuid": "e19e4037-3af5-4fde-a5b3-d835bdf5d1ff",
              "parentUUID": "00f4a551-0383-41fd-8799-210c7fe3a752",
              "isHook": false,
              "skipped": false
            },
            {
              "title": "Empty perk.",
              "fullTitle": "Testing route company/newpost Empty perk.",
              "timedOut": false,
              "duration": 47,
              "state": "passed",
              "speed": "medium",
              "pass": true,
              "fail": false,
              "pending": false,
              "context": null,
              "code": "chai\n  .request(host)\n  .post(path)\n  .send({\n    job_title: 'Software Engineering',\n    Responsibilities: 'Backend Devloper',\n    exp: 4,\n    salary: 100000,\n    location: 'Delhi',\n    Perks: '',\n    last_date: '2024-03-21'\n  })\n  .end(function (err, res, body) {\n    console.log(res)\n    res.status.should.equal(400);\n    done();\n  });",
              "err": {},
              "uuid": "0618e5de-0aa1-4d48-9768-dbb3db2afc29",
              "parentUUID": "00f4a551-0383-41fd-8799-210c7fe3a752",
              "isHook": false,
              "skipped": false
            },
            {
              "title": "Empty last_date.",
              "fullTitle": "Testing route company/newpost Empty last_date.",
              "timedOut": false,
              "duration": 49,
              "state": "passed",
              "speed": "medium",
              "pass": true,
              "fail": false,
              "pending": false,
              "context": null,
              "code": "chai\n  .request(host)\n  .post(path)\n  .send({\n    job_title: 'Software Engineering',\n    Responsibilities: 'Backend Devloper',\n    exp: 4,\n    salary: 100000,\n    location: 'Delhi',\n    Perks: '',\n    last_date: '',\n  })\n  .end(function (err, res, body) {\n    console.log(res)\n    res.status.should.equal(400);\n    done();\n  });",
              "err": {},
              "uuid": "29f252fb-19eb-4cb0-99b4-22d0d78d2b68",
              "parentUUID": "00f4a551-0383-41fd-8799-210c7fe3a752",
              "isHook": false,
              "skipped": false
            },
            {
              "title": "last_date not valid.",
              "fullTitle": "Testing route company/newpost last_date not valid.",
              "timedOut": false,
              "duration": 45,
              "state": "passed",
              "speed": "medium",
              "pass": true,
              "fail": false,
              "pending": false,
              "context": null,
              "code": "chai\n  .request(host)\n  .post(path)\n  .send({\n    job_title: 'Software Engineering',\n    Responsibilities: 'Backend Devloper',\n    exp: 4,\n    salary: 100000,\n    location: 'Delhi',\n    Perks: '',\n    last_date: '2023-03-21'\n  })\n  .end(function (err, res, body) {\n    console.log(res)\n    res.status.should.equal(400);\n    done();\n  });",
              "err": {},
              "uuid": "01cb6eec-5fab-4614-a51c-88a8d49bb914",
              "parentUUID": "00f4a551-0383-41fd-8799-210c7fe3a752",
              "isHook": false,
              "skipped": false
            },
            {
              "title": "All valid Field.",
              "fullTitle": "Testing route company/newpost All valid Field.",
              "timedOut": false,
              "duration": 56,
              "state": "passed",
              "speed": "medium",
              "pass": true,
              "fail": false,
              "pending": false,
              "context": null,
              "code": "chai\n  .request(host)\n  .post(path)\n  .send({\n    job_title: 'Software Engineering',\n    Responsibilities: 'senior manager',\n    exp: 5,\n    salary: 1000000,\n    location: 'Delhi',\n    Perks: 'Residence',\n    last_date: '2024-07-25'\n  })\n  .end(function (err, res, body) {\n    console.log(res)\n    res.status.should.equal(400);\n    done();\n  });",
              "err": {},
              "uuid": "2f1226d6-62ce-4040-be3b-ab72ad418f7c",
              "parentUUID": "00f4a551-0383-41fd-8799-210c7fe3a752",
              "isHook": false,
              "skipped": false
            },
            {
              "title": "All valid Field.",
              "fullTitle": "Testing route company/newpost All valid Field.",
              "timedOut": false,
              "duration": 48,
              "state": "passed",
              "speed": "medium",
              "pass": true,
              "fail": false,
              "pending": false,
              "context": null,
              "code": "chai\n  .request(host)\n  .post(path)\n  .send({\n    job_title: 'Computer Engineering',\n    Responsibilities: 'HR manager',\n    exp: 7,\n    salary: 200000,\n    location: 'Gandhinagar',\n    Perks: 'Food',\n    last_date: '2024-04-07'\n  })\n  .end(function (err, res, body) {\n    console.log(res)\n    res.status.should.equal(400);\n    done();\n  });",
              "err": {},
              "uuid": "e281580f-a1f6-4002-94ab-8c89a68c851e",
              "parentUUID": "00f4a551-0383-41fd-8799-210c7fe3a752",
              "isHook": false,
              "skipped": false
            }
          ],
          "suites": [],
          "passes": [
            "097ffc10-36dc-4561-93f3-488c2e5f84ef",
            "66e6826f-1c54-4b83-a561-ad896953f810",
            "2ae7a0a9-d5de-4ae6-aeac-08b33c9c8d38",
            "cc5fee9a-b453-4a33-8775-297729b77aec",
            "a65a78c9-1053-4c17-9abb-7bebde478636",
            "92697ad7-1ca1-4d17-8cef-66f8129c6b74",
            "8b0ad890-8577-478d-bf5c-c7c6485224ee",
            "e3547f32-7e48-4284-836f-d7a4d48814ba",
            "28f4205f-5b5f-4ce3-a0e9-d98087d474b9",
            "1541a071-146b-4ae0-82fe-32c9ae62861d",
            "c8844156-8bc8-44c6-b401-9ca56031dffa",
            "2c1664c8-a9f1-46cc-82a1-3178dab19a6c",
            "0efe3d52-6b79-46ad-9c0e-3954da58eda0",
            "14a8a57f-1fe2-4427-9c72-9b8e3e3a0b5c",
            "a184f02d-331f-4f57-8c53-917f7db526fe",
            "4aa1ca54-bebd-412d-a1a4-37e275a9de4f",
            "9095abe7-fdb9-46f4-b55a-e6e98df4d78a",
            "4b8cc9cf-1845-4795-95b1-5785eec71f5d",
            "d205a635-4192-43d2-8096-312b70f7cbe7",
            "6bdd8e7a-68c7-483e-b448-0c1a0380379e",
            "28debc7e-ad14-40fd-b500-958663492baf",
            "f36be7ba-7d6e-4b45-8e35-d2aac1783b83",
            "6f8cea7b-c0f7-4346-a350-769a239ba2d6",
            "d4cbb29c-58b9-489c-908d-e9bd8bff874d",
            "80f06bbe-7c6f-4a52-94a7-f68a897e9074",
            "578e1235-c96a-4be4-98e6-2eeff3aa1810",
            "4c75a709-5c27-40c5-bc34-e0379e209054",
            "6b4f519e-b607-4cac-969e-ecc6650e65ab",
            "70e4d2c0-2b28-4f25-a228-885b8f8312b9",
            "2f38115b-e076-4fe6-8c07-ddbf9ebf2f38",
            "4966cd07-a10f-4e6c-9643-464cdaf811d8",
            "e19e4037-3af5-4fde-a5b3-d835bdf5d1ff",
            "0618e5de-0aa1-4d48-9768-dbb3db2afc29",
            "29f252fb-19eb-4cb0-99b4-22d0d78d2b68",
            "01cb6eec-5fab-4614-a51c-88a8d49bb914",
            "2f1226d6-62ce-4040-be3b-ab72ad418f7c",
            "e281580f-a1f6-4002-94ab-8c89a68c851e"
          ],
          "failures": [],
          "pending": [],
          "skipped": [],
          "duration": 1908,
          "root": false,
          "rootEmpty": false,
          "_timeout": 2000
        }
      ],
      "passes": [],
      "failures": [],
      "pending": [],
      "skipped": [],
      "duration": 0,
      "root": true,
      "rootEmpty": true,
      "_timeout": 2000
    }
  ],
  "meta": {
    "mocha": {
      "version": "10.2.0"
    },
    "mochawesome": {
      "options": {
        "quiet": false,
        "reportFilename": "mochawesome",
        "saveHtml": true,
        "saveJson": true,
        "consoleReporter": "spec",
        "useInlineDiffs": false,
        "code": true
      },
      "version": "7.1.3"
    },
    "marge": {
      "options": null,
      "version": "6.2.0"
    }
  }
}