{
  "stats": {
    "suites": 1,
    "tests": 45,
    "passes": 45,
    "pending": 0,
    "failures": 0,
    "start": "2023-12-04T11:59:35.076Z",
    "end": "2023-12-04T11:59:37.822Z",
    "duration": 2746,
    "testsRegistered": 45,
    "passPercent": 100,
    "pendingPercent": 0,
    "other": 0,
    "hasOther": false,
    "skipped": 0,
    "hasSkipped": false
  },
  "results": [
    {
      "uuid": "3bfe2b56-167c-4942-a5e6-34d7a6220d96",
      "title": "",
      "fullFile": "E:\\IT_314_JOB_FICTION\\Backend_final\\test\\test.spec.js",
      "file": "\\test\\test.spec.js",
      "beforeHooks": [],
      "afterHooks": [],
      "tests": [],
      "suites": [
        {
          "uuid": "28a3daa1-6a8a-410e-b039-522aee35215a",
          "title": "Testing route company/edit_profile",
          "fullFile": "E:\\IT_314_JOB_FICTION\\Backend_final\\test\\test.spec.js",
          "file": "\\test\\test.spec.js",
          "beforeHooks": [],
          "afterHooks": [],
          "tests": [
            {
              "title": "Experience cannot be negative",
              "fullTitle": "Testing route company/edit_profile Experience cannot be negative",
              "timedOut": false,
              "duration": 117,
              "state": "passed",
              "speed": "slow",
              "pass": true,
              "fail": false,
              "pending": false,
              "context": null,
              "code": "chai\n  .request(host)\n  .post(path)\n  .send({\n    resume_link: 'https://drive.google.com/file/d/1HzTz9H4JBvUKYG0XTvSeI-yimxYtIkKI/view?usp=sharing',\n    experience: '-1',\n    project: 'Job fiction',\n    college: 'DAIICT',\n    class12: '94.5',\n    class10: '93.3',\n  })\n  .end(function (err, res, body) {\n    console.log(res)\n    res.status.should.equal(400);\n    done();\n  });",
              "err": {},
              "uuid": "2191c181-dbb6-4dcb-9771-0328cedbf8e3",
              "parentUUID": "28a3daa1-6a8a-410e-b039-522aee35215a",
              "isHook": false,
              "skipped": false
            },
            {
              "title": "Experience cannot be negative",
              "fullTitle": "Testing route company/edit_profile Experience cannot be negative",
              "timedOut": false,
              "duration": 74,
              "state": "passed",
              "speed": "medium",
              "pass": true,
              "fail": false,
              "pending": false,
              "context": null,
              "code": "chai\n  .request(host)\n  .post(path)\n  .send({\n    resume_link: 'https://drive.google.com/file/d/1HzTz9H4JBvUKYG0XTvSeI-yimxYtIkKI/view?usp=sharing',\n    experience: '-5',\n    project: 'Job fiction',\n    college: 'DAIICT',\n    class12: '94.5',\n    class10: '94.6',\n  })\n  .end(function (err, res, body) {\n    console.log(res)\n    res.status.should.equal(400);\n    done();\n  });",
              "err": {},
              "uuid": "57c942ec-56e2-4578-854f-27f0f8d91ac2",
              "parentUUID": "28a3daa1-6a8a-410e-b039-522aee35215a",
              "isHook": false,
              "skipped": false
            },
            {
              "title": "Experience cannot be negative",
              "fullTitle": "Testing route company/edit_profile Experience cannot be negative",
              "timedOut": false,
              "duration": 59,
              "state": "passed",
              "speed": "medium",
              "pass": true,
              "fail": false,
              "pending": false,
              "context": null,
              "code": "chai\n  .request(host)\n  .post(path)\n  .send({\n    resume_link: 'https://drive.google.com/file/d/1HzTz9H4JBvUKYG0XTvSeI-yimxYtIkKI/view?usp=sharing',\n    experience: '-100',\n    project: 'Job fiction',\n    college: 'DAIICT',\n    class12: '94.5',\n    class10: '94.6',\n  })\n  .end(function (err, res, body) {\n    console.log(res)\n    res.status.should.equal(400);\n    done();\n  });",
              "err": {},
              "uuid": "959a7552-eca1-40db-bf44-af1eb5b0b200",
              "parentUUID": "28a3daa1-6a8a-410e-b039-522aee35215a",
              "isHook": false,
              "skipped": false
            },
            {
              "title": "Experience cannot exceed 25.",
              "fullTitle": "Testing route company/edit_profile Experience cannot exceed 25.",
              "timedOut": false,
              "duration": 71,
              "state": "passed",
              "speed": "medium",
              "pass": true,
              "fail": false,
              "pending": false,
              "context": null,
              "code": "chai\n  .request(host)\n  .post(path)\n  .send({\n    resume_link: 'https://drive.google.com/file/d/1HzTz9H4JBvUKYG0XTvSeI-yimxYtIkKI/view?usp=sharing',\n    experience: '26',\n    project: 'Job fiction',\n    college: 'DAIICT',\n    class12: '94.5',\n    class10: '94.6',\n  })\n  .end(function (err, res, body) {\n    console.log(res)\n    res.status.should.equal(400);\n    done();\n  });",
              "err": {},
              "uuid": "01240463-f138-4cec-bae0-760ad8179cd9",
              "parentUUID": "28a3daa1-6a8a-410e-b039-522aee35215a",
              "isHook": false,
              "skipped": false
            },
            {
              "title": "Experience cannot exceed 25.",
              "fullTitle": "Testing route company/edit_profile Experience cannot exceed 25.",
              "timedOut": false,
              "duration": 62,
              "state": "passed",
              "speed": "medium",
              "pass": true,
              "fail": false,
              "pending": false,
              "context": null,
              "code": "chai\n  .request(host)\n  .post(path)\n  .send({\n    resume_link: 'https://drive.google.com/file/d/1HzTz9H4JBvUKYG0XTvSeI-yimxYtIkKI/view?usp=sharing',\n    experience: '30',\n    project: 'Job fiction',\n    college: 'DAIICT',\n    class12: '94.5',\n    class10: '94.6',\n  })\n  .end(function (err, res, body) {\n    console.log(res)\n    res.status.should.equal(400);\n    done();\n  });",
              "err": {},
              "uuid": "220e4aac-4b6d-4bef-bc2c-8410b98511d6",
              "parentUUID": "28a3daa1-6a8a-410e-b039-522aee35215a",
              "isHook": false,
              "skipped": false
            },
            {
              "title": "Project name is Invalid.",
              "fullTitle": "Testing route company/edit_profile Project name is Invalid.",
              "timedOut": false,
              "duration": 52,
              "state": "passed",
              "speed": "medium",
              "pass": true,
              "fail": false,
              "pending": false,
              "context": null,
              "code": "chai\n  .request(host)\n  .post(path)\n  .send({\n    resume_link: 'https://drive.google.com/file/d/1HzTz9H4JBvUKYG0XTvSeI-yimxYtIkKI/view?usp=sharing',\n    experience: '2',\n    project: '$dfv',\n    college: 'DAIICT',\n    class12: '94.5',\n    class10: '94.6',\n  })\n  .end(function (err, res, body) {\n    console.log(res)\n    res.status.should.equal(400);\n    done();\n  });",
              "err": {},
              "uuid": "9504c61b-058f-4658-a736-95236bf59ed6",
              "parentUUID": "28a3daa1-6a8a-410e-b039-522aee35215a",
              "isHook": false,
              "skipped": false
            },
            {
              "title": "Project name is Invalid.",
              "fullTitle": "Testing route company/edit_profile Project name is Invalid.",
              "timedOut": false,
              "duration": 59,
              "state": "passed",
              "speed": "medium",
              "pass": true,
              "fail": false,
              "pending": false,
              "context": null,
              "code": "chai\n  .request(host)\n  .post(path)\n  .send({\n    resume_link: 'https://drive.google.com/file/d/1HzTz9H4JBvUKYG0XTvSeI-yimxYtIkKI/view?usp=sharing',\n    experience: '2',\n    project: '12457',\n    college: 'DAIICT',\n    class12: '94.5',\n    class10: '94.6',\n  })\n  .end(function (err, res, body) {\n    console.log(res)\n    res.status.should.equal(400);\n    done();\n  });",
              "err": {},
              "uuid": "c253ef9b-e30f-43d5-8f87-33fdeabe2761",
              "parentUUID": "28a3daa1-6a8a-410e-b039-522aee35215a",
              "isHook": false,
              "skipped": false
            },
            {
              "title": "Project name is Invalid.",
              "fullTitle": "Testing route company/edit_profile Project name is Invalid.",
              "timedOut": false,
              "duration": 62,
              "state": "passed",
              "speed": "medium",
              "pass": true,
              "fail": false,
              "pending": false,
              "context": null,
              "code": "chai\n  .request(host)\n  .post(path)\n  .send({\n    resume_link: 'https://drive.google.com/file/d/1HzTz9H4JBvUKYG0XTvSeI-yimxYtIkKI/view?usp=sharing',\n    experience: '1',\n    project: '#123',\n    college: 'DAIICT',\n    class12: '94.5',\n    class10: '94.6',\n  })\n  .end(function (err, res, body) {\n    console.log(res)\n    res.status.should.equal(400);\n    done();\n  });",
              "err": {},
              "uuid": "9bdc1fa5-68c2-402d-9d20-345e539de84a",
              "parentUUID": "28a3daa1-6a8a-410e-b039-522aee35215a",
              "isHook": false,
              "skipped": false
            },
            {
              "title": "Project name should contain atleast 3 character.",
              "fullTitle": "Testing route company/edit_profile Project name should contain atleast 3 character.",
              "timedOut": false,
              "duration": 72,
              "state": "passed",
              "speed": "medium",
              "pass": true,
              "fail": false,
              "pending": false,
              "context": null,
              "code": "chai\n  .request(host)\n  .post(path)\n  .send({\n    resume_link: 'https://drive.google.com/file/d/1HzTz9H4JBvUKYG0XTvSeI-yimxYtIkKI/view?usp=sharing',\n    experience: '2',\n    project: 'ab',\n    college: 'DAIICT',\n    class12: '94.5',\n    class10: '94.6',\n  })\n  .end(function (err, res, body) {\n    console.log(res)\n    res.status.should.equal(400);\n    done();\n  });",
              "err": {},
              "uuid": "56ddca2e-6942-4829-9e52-700ca0054ec3",
              "parentUUID": "28a3daa1-6a8a-410e-b039-522aee35215a",
              "isHook": false,
              "skipped": false
            },
            {
              "title": "Project name should not contain more than 50 character.",
              "fullTitle": "Testing route company/edit_profile Project name should not contain more than 50 character.",
              "timedOut": false,
              "duration": 72,
              "state": "passed",
              "speed": "medium",
              "pass": true,
              "fail": false,
              "pending": false,
              "context": null,
              "code": "chai\n  .request(host)\n  .post(path)\n  .send({\n    resume_link: 'https://drive.google.com/file/d/1HzTz9H4JBvUKYG0XTvSeI-yimxYtIkKI/view?usp=sharing',\n    experience: '2',\n    project: 'aswqlkdkjldjfkdfhjhjdkhjdshfkjhjhnbbhfuihuihfsdjhfhjkdhjhskjdhehiohewruiure',\n    college: 'DAIICT',\n    class12: '94.5',\n    class10: '94.6',\n  })\n  .end(function (err, res, body) {\n    console.log(res)\n    res.status.should.equal(400);\n    done();\n  });",
              "err": {},
              "uuid": "ea65a436-56d5-496b-87c6-225099a5c151",
              "parentUUID": "28a3daa1-6a8a-410e-b039-522aee35215a",
              "isHook": false,
              "skipped": false
            },
            {
              "title": "All valid Field.",
              "fullTitle": "Testing route company/edit_profile All valid Field.",
              "timedOut": false,
              "duration": 59,
              "state": "passed",
              "speed": "medium",
              "pass": true,
              "fail": false,
              "pending": false,
              "context": null,
              "code": "chai\n  .request(host)\n  .post(path)\n  .send({\n    resume_link: 'https://drive.google.com/file/d/1HzTz9H4JBvUKYG0XTvSeI-yimxYtIkKI/view?usp=sharing',\n    experience: '2',\n    project: 'Job Fiction',\n    college: 'Nirma',\n    class12: '94.5',\n    class10: '94.6',\n  })\n  .end(function (err, res, body) {\n    console.log(res)\n    res.status.should.equal(400);\n    done();\n  });",
              "err": {},
              "uuid": "cb48ac97-cc59-4b88-b56d-1ac3652cda50",
              "parentUUID": "28a3daa1-6a8a-410e-b039-522aee35215a",
              "isHook": false,
              "skipped": false
            },
            {
              "title": "All valid field.",
              "fullTitle": "Testing route company/edit_profile All valid field.",
              "timedOut": false,
              "duration": 63,
              "state": "passed",
              "speed": "medium",
              "pass": true,
              "fail": false,
              "pending": false,
              "context": null,
              "code": "chai\n  .request(host)\n  .post(path)\n  .send({\n    resume_link: 'https://drive.google.com/file/d/1HzTz9H4JBvUKYG0XTvSeI-yimxYtIkKI/view?usp=sharing',\n    experience: '2',\n    project: 'Job Fiction',\n    college: 'Haward',\n    class12: '85.12',\n    class10: '94.6',\n  })\n  .end(function (err, res, body) {\n    console.log(res)\n    res.status.should.equal(400);\n    done();\n  });",
              "err": {},
              "uuid": "2f9cb5ef-fe14-4de5-840f-8ba837a6be37",
              "parentUUID": "28a3daa1-6a8a-410e-b039-522aee35215a",
              "isHook": false,
              "skipped": false
            },
            {
              "title": "Collage name is not valid.",
              "fullTitle": "Testing route company/edit_profile Collage name is not valid.",
              "timedOut": false,
              "duration": 55,
              "state": "passed",
              "speed": "medium",
              "pass": true,
              "fail": false,
              "pending": false,
              "context": null,
              "code": "chai\n  .request(host)\n  .post(path)\n  .send({\n    resume_link: 'https://drive.google.com/file/d/1HzTz9H4JBvUKYG0XTvSeI-yimxYtIkKI/view?usp=sharing',\n    experience: '2',\n    project: 'Job Fiction',\n    college: '@#DA$IICT',\n    class12: '94.5',\n    class10: '94.6',\n  })\n  .end(function (err, res, body) {\n    console.log(res)\n    res.status.should.equal(400);\n    done();\n  });",
              "err": {},
              "uuid": "9d4c787e-98b6-41be-bad0-7e14c7938213",
              "parentUUID": "28a3daa1-6a8a-410e-b039-522aee35215a",
              "isHook": false,
              "skipped": false
            },
            {
              "title": "Collage name is not valid.",
              "fullTitle": "Testing route company/edit_profile Collage name is not valid.",
              "timedOut": false,
              "duration": 58,
              "state": "passed",
              "speed": "medium",
              "pass": true,
              "fail": false,
              "pending": false,
              "context": null,
              "code": "chai\n  .request(host)\n  .post(path)\n  .send({\n    resume_link: 'https://drive.google.com/file/d/1HzTz9H4JBvUKYG0XTvSeI-yimxYtIkKI/view?usp=sharing',\n    experience: '2',\n    project: 'Job Fiction',\n    college: 'DA@IICT',\n    class12: '94.5',\n    class10: '94.6',\n  })\n  .end(function (err, res, body) {\n    console.log(res)\n    res.status.should.equal(400);\n    done();\n  });",
              "err": {},
              "uuid": "3a35df8e-a23d-4977-87a7-1111f6d9f9c3",
              "parentUUID": "28a3daa1-6a8a-410e-b039-522aee35215a",
              "isHook": false,
              "skipped": false
            },
            {
              "title": "Collage name is not valid.",
              "fullTitle": "Testing route company/edit_profile Collage name is not valid.",
              "timedOut": false,
              "duration": 61,
              "state": "passed",
              "speed": "medium",
              "pass": true,
              "fail": false,
              "pending": false,
              "context": null,
              "code": "chai\n  .request(host)\n  .post(path)\n  .send({\n    resume_link: 'https://drive.google.com/file/d/1HzTz9H4JBvUKYG0XTvSeI-yimxYtIkKI/view?usp=sharing',\n    experience: '2',\n    project: 'Job Fiction',\n    college: '123',\n    class12: '94.5',\n    class10: '94.6',\n  })\n  .end(function (err, res, body) {\n    console.log(res)\n    res.status.should.equal(400);\n    done();\n  });",
              "err": {},
              "uuid": "c17dfa9c-6609-462e-818c-88b40013824e",
              "parentUUID": "28a3daa1-6a8a-410e-b039-522aee35215a",
              "isHook": false,
              "skipped": false
            },
            {
              "title": "Collage name is not valid.",
              "fullTitle": "Testing route company/edit_profile Collage name is not valid.",
              "timedOut": false,
              "duration": 77,
              "state": "passed",
              "speed": "slow",
              "pass": true,
              "fail": false,
              "pending": false,
              "context": null,
              "code": "chai\n  .request(host)\n  .post(path)\n  .send({\n    resume_link: 'https://drive.google.com/file/d/1HzTz9H4JBvUKYG0XTvSeI-yimxYtIkKI/view?usp=sharing',\n    experience: '2',\n    project: 'Job Fiction',\n    college: 'DA-IICT',\n    class12: '94.5',\n    class10: '94.6',\n  })\n  .end(function (err, res, body) {\n    console.log(res)\n    res.status.should.equal(400);\n    done();\n  });",
              "err": {},
              "uuid": "975d902d-0447-43be-8e33-30fff61d10e0",
              "parentUUID": "28a3daa1-6a8a-410e-b039-522aee35215a",
              "isHook": false,
              "skipped": false
            },
            {
              "title": "Collage name is not valid.",
              "fullTitle": "Testing route company/edit_profile Collage name is not valid.",
              "timedOut": false,
              "duration": 55,
              "state": "passed",
              "speed": "medium",
              "pass": true,
              "fail": false,
              "pending": false,
              "context": null,
              "code": "chai\n  .request(host)\n  .post(path)\n  .send({\n    resume_link: 'https://drive.google.com/file/d/1HzTz9H4JBvUKYG0XTvSeI-yimxYtIkKI/view?usp=sharing',\n    experience: '2',\n    project: 'Job Fiction',\n    college: 'DAIICT@123',\n    class12: '94.5',\n    class10: '94.6',\n  })\n  .end(function (err, res, body) {\n    console.log(res)\n    res.status.should.equal(400);\n    done();\n  });",
              "err": {},
              "uuid": "61315fd6-3a1a-446c-867e-b80af6000ee4",
              "parentUUID": "28a3daa1-6a8a-410e-b039-522aee35215a",
              "isHook": false,
              "skipped": false
            },
            {
              "title": "Collage name is not valid.",
              "fullTitle": "Testing route company/edit_profile Collage name is not valid.",
              "timedOut": false,
              "duration": 50,
              "state": "passed",
              "speed": "medium",
              "pass": true,
              "fail": false,
              "pending": false,
              "context": null,
              "code": "chai\n  .request(host)\n  .post(path)\n  .send({\n    resume_link: 'https://drive.google.com/file/d/1HzTz9H4JBvUKYG0XTvSeI-yimxYtIkKI/view?usp=sharing',\n    experience: '2',\n    project: 'Job Fiction',\n    college: 'DA_IICT',\n    class12: '94.5',\n    class10: '94.6',\n  })\n  .end(function (err, res, body) {\n    console.log(res)\n    res.status.should.equal(400);\n    done();\n  });",
              "err": {},
              "uuid": "f8cb0103-6383-43fd-8750-7e7e44016dde",
              "parentUUID": "28a3daa1-6a8a-410e-b039-522aee35215a",
              "isHook": false,
              "skipped": false
            },
            {
              "title": "All valid Field",
              "fullTitle": "Testing route company/edit_profile All valid Field",
              "timedOut": false,
              "duration": 57,
              "state": "passed",
              "speed": "medium",
              "pass": true,
              "fail": false,
              "pending": false,
              "context": null,
              "code": "chai\n  .request(host)\n  .post(path)\n  .send({\n    resume_link: 'https://drive.google.com/file/d/1HzTz9H4JBvUKYG0XTvSeI-yimxYtIkKI/view?usp=sharing',\n    experience: '2',\n    project: 'Job Fiction',\n    college: 'Marwadi University',\n    class12: '94.5',\n    class10: '94.6',\n  })\n  .end(function (err, res, body) {\n    console.log(res)\n    res.status.should.equal(400);\n    done();\n  });",
              "err": {},
              "uuid": "da229bc9-885a-42cd-8a7c-daea83d09267",
              "parentUUID": "28a3daa1-6a8a-410e-b039-522aee35215a",
              "isHook": false,
              "skipped": false
            },
            {
              "title": "All valid field",
              "fullTitle": "Testing route company/edit_profile All valid field",
              "timedOut": false,
              "duration": 54,
              "state": "passed",
              "speed": "medium",
              "pass": true,
              "fail": false,
              "pending": false,
              "context": null,
              "code": "chai\n  .request(host)\n  .post(path)\n  .send({\n    resume_link: 'https://drive.google.com/file/d/1HzTz9H4JBvUKYG0XTvSeI-yimxYtIkKI/view?usp=sharing',\n    experience: '2',\n    project: 'Job Fiction',\n    college: 'IIT Gandhinagar',\n    class12: '94.5',\n    class10: '94.6',\n  })\n  .end(function (err, res, body) {\n    console.log(res)\n    res.status.should.equal(400);\n    done();\n  });",
              "err": {},
              "uuid": "db9a5740-db56-41e9-a612-24413f5f4c6a",
              "parentUUID": "28a3daa1-6a8a-410e-b039-522aee35215a",
              "isHook": false,
              "skipped": false
            },
            {
              "title": "All valid Field",
              "fullTitle": "Testing route company/edit_profile All valid Field",
              "timedOut": false,
              "duration": 55,
              "state": "passed",
              "speed": "medium",
              "pass": true,
              "fail": false,
              "pending": false,
              "context": null,
              "code": "chai\n  .request(host)\n  .post(path)\n  .send({\n    resume_link: 'https://drive.google.com/file/d/1HzTz9H4JBvUKYG0XTvSeI-yimxYtIkKI/view?usp=sharing',\n    experience: '2',\n    project: 'Job Fiction',\n    college: 'IIIT Delhi',\n    class12: '94.5',\n    class10: '94.6',\n  })\n  .end(function (err, res, body) {\n    console.log(res)\n    res.status.should.equal(400);\n    done();\n  });",
              "err": {},
              "uuid": "2734bd49-ba64-4ad5-b13f-a0089f8d1d8e",
              "parentUUID": "28a3daa1-6a8a-410e-b039-522aee35215a",
              "isHook": false,
              "skipped": false
            },
            {
              "title": "Class12 percentage cannot be negative.",
              "fullTitle": "Testing route company/edit_profile Class12 percentage cannot be negative.",
              "timedOut": false,
              "duration": 59,
              "state": "passed",
              "speed": "medium",
              "pass": true,
              "fail": false,
              "pending": false,
              "context": null,
              "code": "chai\n  .request(host)\n  .post(path)\n  .send({\n    resume_link: 'https://drive.google.com/file/d/1HzTz9H4JBvUKYG0XTvSeI-yimxYtIkKI/view?usp=sharing',\n    experience: '2',\n    project: 'Job Fiction',\n    college: 'DAIICT',\n    class12: '-1.00',\n    class10: '94.6',\n  })\n  .end(function (err, res, body) {\n    console.log(res)\n    res.status.should.equal(400);\n    done();\n  });",
              "err": {},
              "uuid": "9d1d8d81-e14f-4a71-8d6b-e7a425d5a996",
              "parentUUID": "28a3daa1-6a8a-410e-b039-522aee35215a",
              "isHook": false,
              "skipped": false
            },
            {
              "title": "Class12 percentage cannot be negative.",
              "fullTitle": "Testing route company/edit_profile Class12 percentage cannot be negative.",
              "timedOut": false,
              "duration": 53,
              "state": "passed",
              "speed": "medium",
              "pass": true,
              "fail": false,
              "pending": false,
              "context": null,
              "code": "chai\n  .request(host)\n  .post(path)\n  .send({\n    resume_link: 'https://drive.google.com/file/d/1HzTz9H4JBvUKYG0XTvSeI-yimxYtIkKI/view?usp=sharing',\n    experience: '2',\n    project: 'Job Fiction',\n    college: 'DAIICT',\n    class12: '-56.23',\n    class10: '94.6',\n  })\n  .end(function (err, res, body) {\n    console.log(res)\n    res.status.should.equal(400);\n    done();\n  });",
              "err": {},
              "uuid": "b3d75196-a320-4483-9b66-affe4628295c",
              "parentUUID": "28a3daa1-6a8a-410e-b039-522aee35215a",
              "isHook": false,
              "skipped": false
            },
            {
              "title": "Class12 percentage cannot be more than 100.",
              "fullTitle": "Testing route company/edit_profile Class12 percentage cannot be more than 100.",
              "timedOut": false,
              "duration": 61,
              "state": "passed",
              "speed": "medium",
              "pass": true,
              "fail": false,
              "pending": false,
              "context": null,
              "code": "chai\n  .request(host)\n  .post(path)\n  .send({\n    resume_link: 'https://drive.google.com/file/d/1HzTz9H4JBvUKYG0XTvSeI-yimxYtIkKI/view?usp=sharing',\n    experience: '2',\n    project: 'Job Fiction',\n    college: 'DAIICT',\n    class12: '101.00',\n    class10: '94.6',\n  })\n  .end(function (err, res, body) {\n    console.log(res)\n    res.status.should.equal(400);\n    done();\n  });",
              "err": {},
              "uuid": "fa407758-fb4b-4b6b-bb5e-7c6534c19a0b",
              "parentUUID": "28a3daa1-6a8a-410e-b039-522aee35215a",
              "isHook": false,
              "skipped": false
            },
            {
              "title": "Class12 percentage cannot be more than 100.",
              "fullTitle": "Testing route company/edit_profile Class12 percentage cannot be more than 100.",
              "timedOut": false,
              "duration": 64,
              "state": "passed",
              "speed": "medium",
              "pass": true,
              "fail": false,
              "pending": false,
              "context": null,
              "code": "chai\n  .request(host)\n  .post(path)\n  .send({\n    resume_link: 'https://drive.google.com/file/d/1HzTz9H4JBvUKYG0XTvSeI-yimxYtIkKI/view?usp=sharing',\n    experience: '2',\n    project: 'Job Fiction',\n    college: 'DAIICT',\n    class12: '180.00',\n    class10: '94.6',\n  })\n  .end(function (err, res, body) {\n    console.log(res)\n    res.status.should.equal(400);\n    done();\n  });",
              "err": {},
              "uuid": "00c4a053-0117-4fcd-93af-aead5fedb406",
              "parentUUID": "28a3daa1-6a8a-410e-b039-522aee35215a",
              "isHook": false,
              "skipped": false
            },
            {
              "title": "All valid Field",
              "fullTitle": "Testing route company/edit_profile All valid Field",
              "timedOut": false,
              "duration": 55,
              "state": "passed",
              "speed": "medium",
              "pass": true,
              "fail": false,
              "pending": false,
              "context": null,
              "code": "chai\n  .request(host)\n  .post(path)\n  .send({\n    resume_link: 'https://drive.google.com/file/d/1HzTz9H4JBvUKYG0XTvSeI-yimxYtIkKI/view?usp=sharing',\n    experience: '2',\n    project: 'Job Fiction',\n    college: 'DAIICT',\n    class12: '0.00',\n    class10: '94.6',\n  })\n  .end(function (err, res, body) {\n    console.log(res)\n    res.status.should.equal(400);\n    done();\n  });",
              "err": {},
              "uuid": "3a2bb1b9-1a42-4ed6-aa55-7ddded24652f",
              "parentUUID": "28a3daa1-6a8a-410e-b039-522aee35215a",
              "isHook": false,
              "skipped": false
            },
            {
              "title": "All valid Field.",
              "fullTitle": "Testing route company/edit_profile All valid Field.",
              "timedOut": false,
              "duration": 52,
              "state": "passed",
              "speed": "medium",
              "pass": true,
              "fail": false,
              "pending": false,
              "context": null,
              "code": "chai\n  .request(host)\n  .post(path)\n  .send({\n    resume_link: 'https://drive.google.com/file/d/1HzTz9H4JBvUKYG0XTvSeI-yimxYtIkKI/view?usp=sharing',\n    experience: '2',\n    project: 'Job Fiction',\n    college: 'DAIICT',\n    class12: '54.75',\n    class10: '94.6',\n  })\n  .end(function (err, res, body) {\n    console.log(res)\n    res.status.should.equal(400);\n    done();\n  });",
              "err": {},
              "uuid": "ae05f0a0-4d2b-43e0-a36b-2c5c57019934",
              "parentUUID": "28a3daa1-6a8a-410e-b039-522aee35215a",
              "isHook": false,
              "skipped": false
            },
            {
              "title": "Class10 percentage cannot be negative.",
              "fullTitle": "Testing route company/edit_profile Class10 percentage cannot be negative.",
              "timedOut": false,
              "duration": 62,
              "state": "passed",
              "speed": "medium",
              "pass": true,
              "fail": false,
              "pending": false,
              "context": null,
              "code": "chai\n  .request(host)\n  .post(path)\n  .send({\n    resume_link: 'https://drive.google.com/file/d/1HzTz9H4JBvUKYG0XTvSeI-yimxYtIkKI/view?usp=sharing',\n    experience: '2',\n    project: 'Job Fiction',\n    college: 'DAIICT',\n    class12: '54.75',\n    class10: '-1.00',\n  })\n  .end(function (err, res, body) {\n    console.log(res)\n    res.status.should.equal(400);\n    done();\n  });",
              "err": {},
              "uuid": "971de18d-6acd-4173-bf2b-28dadaead349",
              "parentUUID": "28a3daa1-6a8a-410e-b039-522aee35215a",
              "isHook": false,
              "skipped": false
            },
            {
              "title": "Class10 percentage cannot be negative.",
              "fullTitle": "Testing route company/edit_profile Class10 percentage cannot be negative.",
              "timedOut": false,
              "duration": 62,
              "state": "passed",
              "speed": "medium",
              "pass": true,
              "fail": false,
              "pending": false,
              "context": null,
              "code": "chai\n  .request(host)\n  .post(path)\n  .send({\n    resume_link: 'https://drive.google.com/file/d/1HzTz9H4JBvUKYG0XTvSeI-yimxYtIkKI/view?usp=sharing',\n    experience: '2',\n    project: 'Job Fiction',\n    college: 'DAIICT',\n    class12: '101.00',\n    class10: '-94.6',\n  })\n  .end(function (err, res, body) {\n    console.log(res)\n    res.status.should.equal(400);\n    done();\n  });",
              "err": {},
              "uuid": "56d2f81e-acad-4a93-8c56-9bbed938b797",
              "parentUUID": "28a3daa1-6a8a-410e-b039-522aee35215a",
              "isHook": false,
              "skipped": false
            },
            {
              "title": "Class10 percentage cannot be more than 100.",
              "fullTitle": "Testing route company/edit_profile Class10 percentage cannot be more than 100.",
              "timedOut": false,
              "duration": 55,
              "state": "passed",
              "speed": "medium",
              "pass": true,
              "fail": false,
              "pending": false,
              "context": null,
              "code": "chai\n  .request(host)\n  .post(path)\n  .send({\n    resume_link: 'https://drive.google.com/file/d/1HzTz9H4JBvUKYG0XTvSeI-yimxYtIkKI/view?usp=sharing',\n    experience: '2',\n    project: 'Job Fiction',\n    college: 'DAIICT',\n    class12: '54.75',\n    class10: '101.6',\n  })\n  .end(function (err, res, body) {\n    console.log(res)\n    res.status.should.equal(400);\n    done();\n  });",
              "err": {},
              "uuid": "860f963d-a73e-4a50-91c0-18c2b818bfa4",
              "parentUUID": "28a3daa1-6a8a-410e-b039-522aee35215a",
              "isHook": false,
              "skipped": false
            },
            {
              "title": "Class10 percentage cannot be more than 100.",
              "fullTitle": "Testing route company/edit_profile Class10 percentage cannot be more than 100.",
              "timedOut": false,
              "duration": 52,
              "state": "passed",
              "speed": "medium",
              "pass": true,
              "fail": false,
              "pending": false,
              "context": null,
              "code": "chai\n  .request(host)\n  .post(path)\n  .send({\n    resume_link: 'https://drive.google.com/file/d/1HzTz9H4JBvUKYG0XTvSeI-yimxYtIkKI/view?usp=sharing',\n    experience: '2',\n    project: 'Job Fiction',\n    college: 'DAIICT',\n    class12: '54.75',\n    class10: '8000.6',\n  })\n  .end(function (err, res, body) {\n    console.log(res)\n    res.status.should.equal(400);\n    done();\n  });",
              "err": {},
              "uuid": "681dfd87-0d21-4277-9074-a112d716d7f3",
              "parentUUID": "28a3daa1-6a8a-410e-b039-522aee35215a",
              "isHook": false,
              "skipped": false
            },
            {
              "title": "All valid Field.",
              "fullTitle": "Testing route company/edit_profile All valid Field.",
              "timedOut": false,
              "duration": 50,
              "state": "passed",
              "speed": "medium",
              "pass": true,
              "fail": false,
              "pending": false,
              "context": null,
              "code": "chai\n  .request(host)\n  .post(path)\n  .send({\n    resume_link: 'https://drive.google.com/file/d/1HzTz9H4JBvUKYG0XTvSeI-yimxYtIkKI/view?usp=sharing',\n    experience: '2',\n    project: 'Job Fiction',\n    college: 'DAIICT',\n    class12: '75.84',\n    class10: '94.6',\n  })\n  .end(function (err, res, body) {\n    console.log(res)\n    res.status.should.equal(400);\n    done();\n  });",
              "err": {},
              "uuid": "5cfaf2d6-cdf8-4d63-ba41-5aa2397bae10",
              "parentUUID": "28a3daa1-6a8a-410e-b039-522aee35215a",
              "isHook": false,
              "skipped": false
            },
            {
              "title": "All valid Field.",
              "fullTitle": "Testing route company/edit_profile All valid Field.",
              "timedOut": false,
              "duration": 52,
              "state": "passed",
              "speed": "medium",
              "pass": true,
              "fail": false,
              "pending": false,
              "context": null,
              "code": "chai\n  .request(host)\n  .post(path)\n  .send({\n    resume_link: 'https://drive.google.com/file/d/1HzTz9H4JBvUKYG0XTvSeI-yimxYtIkKI/view?usp=sharing',\n    experience: '2',\n    project: 'Job Fiction',\n    college: 'DAIICT',\n    class12: '46.58',\n    class10: '39.78',\n  })\n  .end(function (err, res, body) {\n    console.log(res)\n    res.status.should.equal(400);\n    done();\n  });",
              "err": {},
              "uuid": "a40927a6-d32f-4080-a64c-28249cd322c5",
              "parentUUID": "28a3daa1-6a8a-410e-b039-522aee35215a",
              "isHook": false,
              "skipped": false
            },
            {
              "title": "All valid Field.",
              "fullTitle": "Testing route company/edit_profile All valid Field.",
              "timedOut": false,
              "duration": 49,
              "state": "passed",
              "speed": "medium",
              "pass": true,
              "fail": false,
              "pending": false,
              "context": null,
              "code": "chai\n  .request(host)\n  .post(path)\n  .send({\n    resume_link: 'https://drive.google.com/file/d/1HzTz9H4JBvUKYG0XTvSeI-yimxYtIkKI/view?usp=sharing',\n    experience: '2',\n    project: 'Job Fiction',\n    college: 'DAIICT',\n    class12: '75.84',\n    class10: '94.6',\n  })\n  .end(function (err, res, body) {\n    console.log(res)\n    res.status.should.equal(400);\n    done();\n  });",
              "err": {},
              "uuid": "5204222e-d8cb-4545-97b6-27421956173f",
              "parentUUID": "28a3daa1-6a8a-410e-b039-522aee35215a",
              "isHook": false,
              "skipped": false
            },
            {
              "title": "invalid drive link.",
              "fullTitle": "Testing route company/edit_profile invalid drive link.",
              "timedOut": false,
              "duration": 51,
              "state": "passed",
              "speed": "medium",
              "pass": true,
              "fail": false,
              "pending": false,
              "context": null,
              "code": "chai\n  .request(host)\n  .post(path)\n  .send({\n    resume_link: 'https://web.whatsapp.com',\n    experience: '2',\n    project: 'Job Fiction',\n    college: 'DAIICT',\n    class12: '85.58',\n    class10: '69.78',\n  })\n  .end(function (err, res, body) {\n    console.log(res)\n    res.status.should.equal(400);\n    done();\n  });",
              "err": {},
              "uuid": "ab7e814e-69da-4d65-9322-8c2fc5d8fb90",
              "parentUUID": "28a3daa1-6a8a-410e-b039-522aee35215a",
              "isHook": false,
              "skipped": false
            },
            {
              "title": "invalid drive link.",
              "fullTitle": "Testing route company/edit_profile invalid drive link.",
              "timedOut": false,
              "duration": 55,
              "state": "passed",
              "speed": "medium",
              "pass": true,
              "fail": false,
              "pending": false,
              "context": null,
              "code": "chai\n  .request(host)\n  .post(path)\n  .send({\n    resume_link: 'https://www.youtube.com',\n    experience: '2',\n    project: 'Job Fiction',\n    college: 'DAIICT',\n    class12: '46.58',\n    class10: '39.78',\n  })\n  .end(function (err, res, body) {\n    console.log(res)\n    res.status.should.equal(400);\n    done();\n  });",
              "err": {},
              "uuid": "225e5106-0a4a-4db5-8c5f-e3ef31e44bca",
              "parentUUID": "28a3daa1-6a8a-410e-b039-522aee35215a",
              "isHook": false,
              "skipped": false
            },
            {
              "title": "Empty Field.",
              "fullTitle": "Testing route company/edit_profile Empty Field.",
              "timedOut": false,
              "duration": 63,
              "state": "passed",
              "speed": "medium",
              "pass": true,
              "fail": false,
              "pending": false,
              "context": null,
              "code": "chai\n  .request(host)\n  .post(path)\n  .send({\n    resume_link: '',\n    experience: '2',\n    project: 'Job Fiction',\n    college: 'DAIICT',\n    class12: '75.84',\n    class10: '94.6',\n  })\n  .end(function (err, res, body) {\n    console.log(res)\n    res.status.should.equal(400);\n    done();\n  });",
              "err": {},
              "uuid": "ead5a22d-a60d-4d1a-a705-9db5bdab956e",
              "parentUUID": "28a3daa1-6a8a-410e-b039-522aee35215a",
              "isHook": false,
              "skipped": false
            },
            {
              "title": "Empty Field.",
              "fullTitle": "Testing route company/edit_profile Empty Field.",
              "timedOut": false,
              "duration": 52,
              "state": "passed",
              "speed": "medium",
              "pass": true,
              "fail": false,
              "pending": false,
              "context": null,
              "code": "chai\n  .request(host)\n  .post(path)\n  .send({\n    resume_link: 'https://drive.google.com/file/d/1HzTz9H4JBvUKYG0XTvSeI-yimxYtIkKI/view?usp=sharing',\n    experience: '',\n    project: 'Job Fiction',\n    college: 'DAIICT',\n    class12: '75.84',\n    class10: '94.6',\n  })\n  .end(function (err, res, body) {\n    console.log(res)\n    res.status.should.equal(400);\n    done();\n  });",
              "err": {},
              "uuid": "d65cc72a-f2b4-4df6-a87a-5284808c7aae",
              "parentUUID": "28a3daa1-6a8a-410e-b039-522aee35215a",
              "isHook": false,
              "skipped": false
            },
            {
              "title": "Empty project name.",
              "fullTitle": "Testing route company/edit_profile Empty project name.",
              "timedOut": false,
              "duration": 58,
              "state": "passed",
              "speed": "medium",
              "pass": true,
              "fail": false,
              "pending": false,
              "context": null,
              "code": "chai\n  .request(host)\n  .post(path)\n  .send({\n    resume_link: 'https://drive.google.com/file/d/1HzTz9H4JBvUKYG0XTvSeI-yimxYtIkKI/view?usp=sharing',\n    experience: '2',\n    project: '',\n    college: 'DAIICT',\n    class12: '75.84',\n    class10: '94.6',\n  })\n  .end(function (err, res, body) {\n    console.log(res)\n    res.status.should.equal(400);\n    done();\n  });",
              "err": {},
              "uuid": "b7931b38-3d9c-42b2-bc77-ceb16d5d6b23",
              "parentUUID": "28a3daa1-6a8a-410e-b039-522aee35215a",
              "isHook": false,
              "skipped": false
            },
            {
              "title": "Empty collage name.",
              "fullTitle": "Testing route company/edit_profile Empty collage name.",
              "timedOut": false,
              "duration": 54,
              "state": "passed",
              "speed": "medium",
              "pass": true,
              "fail": false,
              "pending": false,
              "context": null,
              "code": "chai\n  .request(host)\n  .post(path)\n  .send({\n    resume_link: 'https://drive.google.com/file/d/1HzTz9H4JBvUKYG0XTvSeI-yimxYtIkKI/view?usp=sharing',\n    experience: '2',\n    project: 'Job Fiction',\n    college: '',\n    class12: '75.84',\n    class10: '94.6',\n  })\n  .end(function (err, res, body) {\n    console.log(res)\n    res.status.should.equal(400);\n    done();\n  });",
              "err": {},
              "uuid": "40fcdc75-0598-407b-ad35-59a8cc7581ae",
              "parentUUID": "28a3daa1-6a8a-410e-b039-522aee35215a",
              "isHook": false,
              "skipped": false
            },
            {
              "title": "Empty class12 grade.",
              "fullTitle": "Testing route company/edit_profile Empty class12 grade.",
              "timedOut": false,
              "duration": 50,
              "state": "passed",
              "speed": "medium",
              "pass": true,
              "fail": false,
              "pending": false,
              "context": null,
              "code": "chai\n  .request(host)\n  .post(path)\n  .send({\n    resume_link: 'https://drive.google.com/file/d/1HzTz9H4JBvUKYG0XTvSeI-yimxYtIkKI/view?usp=sharing',\n    experience: '2',\n    project: 'Job Fiction',\n    college: 'DAIICT',\n    class12: '',\n    class10: '94.6',\n  })\n  .end(function (err, res, body) {\n    console.log(res)\n    res.status.should.equal(400);\n    done();\n  });",
              "err": {},
              "uuid": "ee6eae50-ee9a-410a-82d7-3d3f4bfd81fb",
              "parentUUID": "28a3daa1-6a8a-410e-b039-522aee35215a",
              "isHook": false,
              "skipped": false
            },
            {
              "title": "Empty class10 grade.",
              "fullTitle": "Testing route company/edit_profile Empty class10 grade.",
              "timedOut": false,
              "duration": 48,
              "state": "passed",
              "speed": "medium",
              "pass": true,
              "fail": false,
              "pending": false,
              "context": null,
              "code": "chai\n  .request(host)\n  .post(path)\n  .send({\n    resume_link: 'https://drive.google.com/file/d/1HzTz9H4JBvUKYG0XTvSeI-yimxYtIkKI/view?usp=sharing',\n    experience: '2',\n    project: 'Job Fiction',\n    college: 'DAIICT',\n    class12: '75.84',\n    class10: '',\n  })\n  .end(function (err, res, body) {\n    console.log(res)\n    res.status.should.equal(400);\n    done();\n  });",
              "err": {},
              "uuid": "7c4b91c5-ffa8-4e17-bf58-5cf35fccfb07",
              "parentUUID": "28a3daa1-6a8a-410e-b039-522aee35215a",
              "isHook": false,
              "skipped": false
            },
            {
              "title": "All valid Field.",
              "fullTitle": "Testing route company/edit_profile All valid Field.",
              "timedOut": false,
              "duration": 64,
              "state": "passed",
              "speed": "medium",
              "pass": true,
              "fail": false,
              "pending": false,
              "context": null,
              "code": "chai\n  .request(host)\n  .post(path)\n  .send({\n    resume_link: 'https://drive.google.com/file/d/1HzTz9H4JBvUKYG0XTvSeI-yimxYtIkKI/view?usp=sharing',\n    experience: '2',\n    project: 'Hospital Management',\n    college: 'DAIICT',\n    class12: '49.84',\n    class10: '73.69',\n  })\n  .end(function (err, res, body) {\n    console.log(res)\n    res.status.should.equal(400);\n    done();\n  });",
              "err": {},
              "uuid": "9d549645-5f34-44fe-9c6a-4b728b097d4f",
              "parentUUID": "28a3daa1-6a8a-410e-b039-522aee35215a",
              "isHook": false,
              "skipped": false
            },
            {
              "title": "All valid Field.",
              "fullTitle": "Testing route company/edit_profile All valid Field.",
              "timedOut": false,
              "duration": 56,
              "state": "passed",
              "speed": "medium",
              "pass": true,
              "fail": false,
              "pending": false,
              "context": null,
              "code": "chai\n  .request(host)\n  .post(path)\n  .send({\n    resume_link: 'https://drive.google.com/file/d/1HzTz9H4JBvUKYG0XTvSeI-yimxYtIkKI/view?usp=sharing',\n    experience: '2',\n    project: 'Start Up for startup.',\n    college: 'LD collage',\n    class12: '56.84',\n    class10: '48.6',\n  })\n  .end(function (err, res, body) {\n    console.log(res)\n    res.status.should.equal(400);\n    done();\n  });",
              "err": {},
              "uuid": "9f9055f0-d2f0-4c4b-abed-6f24358579e4",
              "parentUUID": "28a3daa1-6a8a-410e-b039-522aee35215a",
              "isHook": false,
              "skipped": false
            },
            {
              "title": "All valid Field.",
              "fullTitle": "Testing route company/edit_profile All valid Field.",
              "timedOut": false,
              "duration": 56,
              "state": "passed",
              "speed": "medium",
              "pass": true,
              "fail": false,
              "pending": false,
              "context": null,
              "code": "chai\n  .request(host)\n  .post(path)\n  .send({\n    resume_link: 'https://drive.google.com/file/d/1HzTz9H4JBvUKYG0XTvSeI-yimxYtIkKI/view?usp=sharing',\n    experience: '5',\n    project: 'Library Management',\n    college: 'Nirma university',\n    class12: '75.84',\n    class10: '94.6',\n  })\n  .end(function (err, res, body) {\n    console.log(res)\n    res.status.should.equal(400);\n    done();\n  });",
              "err": {},
              "uuid": "bbab254e-1b89-4c0e-892f-3a6da5a0ccae",
              "parentUUID": "28a3daa1-6a8a-410e-b039-522aee35215a",
              "isHook": false,
              "skipped": false
            }
          ],
          "suites": [],
          "passes": [
            "2191c181-dbb6-4dcb-9771-0328cedbf8e3",
            "57c942ec-56e2-4578-854f-27f0f8d91ac2",
            "959a7552-eca1-40db-bf44-af1eb5b0b200",
            "01240463-f138-4cec-bae0-760ad8179cd9",
            "220e4aac-4b6d-4bef-bc2c-8410b98511d6",
            "9504c61b-058f-4658-a736-95236bf59ed6",
            "c253ef9b-e30f-43d5-8f87-33fdeabe2761",
            "9bdc1fa5-68c2-402d-9d20-345e539de84a",
            "56ddca2e-6942-4829-9e52-700ca0054ec3",
            "ea65a436-56d5-496b-87c6-225099a5c151",
            "cb48ac97-cc59-4b88-b56d-1ac3652cda50",
            "2f9cb5ef-fe14-4de5-840f-8ba837a6be37",
            "9d4c787e-98b6-41be-bad0-7e14c7938213",
            "3a35df8e-a23d-4977-87a7-1111f6d9f9c3",
            "c17dfa9c-6609-462e-818c-88b40013824e",
            "975d902d-0447-43be-8e33-30fff61d10e0",
            "61315fd6-3a1a-446c-867e-b80af6000ee4",
            "f8cb0103-6383-43fd-8750-7e7e44016dde",
            "da229bc9-885a-42cd-8a7c-daea83d09267",
            "db9a5740-db56-41e9-a612-24413f5f4c6a",
            "2734bd49-ba64-4ad5-b13f-a0089f8d1d8e",
            "9d1d8d81-e14f-4a71-8d6b-e7a425d5a996",
            "b3d75196-a320-4483-9b66-affe4628295c",
            "fa407758-fb4b-4b6b-bb5e-7c6534c19a0b",
            "00c4a053-0117-4fcd-93af-aead5fedb406",
            "3a2bb1b9-1a42-4ed6-aa55-7ddded24652f",
            "ae05f0a0-4d2b-43e0-a36b-2c5c57019934",
            "971de18d-6acd-4173-bf2b-28dadaead349",
            "56d2f81e-acad-4a93-8c56-9bbed938b797",
            "860f963d-a73e-4a50-91c0-18c2b818bfa4",
            "681dfd87-0d21-4277-9074-a112d716d7f3",
            "5cfaf2d6-cdf8-4d63-ba41-5aa2397bae10",
            "a40927a6-d32f-4080-a64c-28249cd322c5",
            "5204222e-d8cb-4545-97b6-27421956173f",
            "ab7e814e-69da-4d65-9322-8c2fc5d8fb90",
            "225e5106-0a4a-4db5-8c5f-e3ef31e44bca",
            "ead5a22d-a60d-4d1a-a705-9db5bdab956e",
            "d65cc72a-f2b4-4df6-a87a-5284808c7aae",
            "b7931b38-3d9c-42b2-bc77-ceb16d5d6b23",
            "40fcdc75-0598-407b-ad35-59a8cc7581ae",
            "ee6eae50-ee9a-410a-82d7-3d3f4bfd81fb",
            "7c4b91c5-ffa8-4e17-bf58-5cf35fccfb07",
            "9d549645-5f34-44fe-9c6a-4b728b097d4f",
            "9f9055f0-d2f0-4c4b-abed-6f24358579e4",
            "bbab254e-1b89-4c0e-892f-3a6da5a0ccae"
          ],
          "failures": [],
          "pending": [],
          "skipped": [],
          "duration": 2677,
          "root": false,
          "rootEmpty": false,
          "_timeout": 2000
        }
      ],
      "passes": [],
      "failures": [],
      "pending": [],
      "skipped": [],
      "duration": 0,
      "root": true,
      "rootEmpty": true,
      "_timeout": 2000
    }
  ],
  "meta": {
    "mocha": {
      "version": "10.2.0"
    },
    "mochawesome": {
      "options": {
        "quiet": false,
        "reportFilename": "mochawesome",
        "saveHtml": true,
        "saveJson": true,
        "consoleReporter": "spec",
        "useInlineDiffs": false,
        "code": true
      },
      "version": "7.1.3"
    },
    "marge": {
      "options": null,
      "version": "6.2.0"
    }
  }
}