{
  "stats": {
    "suites": 1,
    "tests": 37,
    "passes": 35,
    "pending": 0,
    "failures": 2,
    "start": "2023-11-26T19:17:12.929Z",
    "end": "2023-11-26T19:17:13.083Z",
    "duration": 154,
    "testsRegistered": 37,
    "passPercent": 94.5945945945946,
    "pendingPercent": 0,
    "other": 0,
    "hasOther": false,
    "skipped": 0,
    "hasSkipped": false
  },
  "results": [
    {
      "uuid": "0a7a60cf-4c4d-43b0-9449-88bbab777693",
      "title": "",
      "fullFile": "/Users/bhargavvidja/Desktop/newest/IT_314_JOB_FICTION/Backend_final/test/test.spec.js",
      "file": "/test/test.spec.js",
      "beforeHooks": [],
      "afterHooks": [],
      "tests": [],
      "suites": [
        {
          "uuid": "e85f4336-3985-47f3-a479-06725a5c3add",
          "title": "Testing route company/register",
          "fullFile": "/Users/bhargavvidja/Desktop/newest/IT_314_JOB_FICTION/Backend_final/test/test.spec.js",
          "file": "/test/test.spec.js",
          "beforeHooks": [],
          "afterHooks": [],
          "tests": [
            {
              "title": "Invalid Email Upper latter",
              "fullTitle": "Testing route company/register Invalid Email Upper latter",
              "timedOut": false,
              "duration": 13,
              "state": "failed",
              "speed": null,
              "pass": false,
              "fail": true,
              "pending": false,
              "context": null,
              "code": "chai\n  .request(host)\n  .post(path)\n  .send({\n    name: 'bhargav',\n    email: 'Bhargav.Vidja@gmail.com', \n    password: 'Apple@1122',\n    cpassword: 'Apple@1122',\n    number: '9999999999',\n    DOB: '2023-11-25',\n    gender: 'male',\n  })\n  .end((err, res) => {\n    res.should.have.status(200);\n    res.body.should.be.an(\"object\");\n    done();\n  });",
              "err": {
                "message": "AssertionError: expected { Object (_events, _eventsCount, ...) } to have status code 200 but got 400",
                "estack": "AssertionError: expected { Object (_events, _eventsCount, ...) } to have status code 200 but got 400\n    at /Users/bhargavvidja/Desktop/newest/IT_314_JOB_FICTION/Backend_final/test/test.spec.js:24:25\n    at Request.callback (node_modules/superagent/lib/node/index.js:857:12)\n    at /Users/bhargavvidja/Desktop/newest/IT_314_JOB_FICTION/Backend_final/node_modules/superagent/lib/node/index.js:1070:18\n    at IncomingMessage.<anonymous> (node_modules/superagent/lib/node/parsers/json.js:21:7)\n    at IncomingMessage.emit (node:events:527:35)\n    at endReadableNT (node:internal/streams/readable:1409:12)\n    at process.processTicksAndRejections (node:internal/process/task_queues:82:21)",
                "diff": "- 400\n+ 200\n"
              },
              "uuid": "def55f77-dd5e-4976-ada5-bcd741780628",
              "parentUUID": "e85f4336-3985-47f3-a479-06725a5c3add",
              "isHook": false,
              "skipped": false
            },
            {
              "title": "With All valid Credentials",
              "fullTitle": "Testing route company/register With All valid Credentials",
              "timedOut": false,
              "duration": 6,
              "state": "passed",
              "speed": "fast",
              "pass": true,
              "fail": false,
              "pending": false,
              "context": null,
              "code": "chai\n  .request(host)\n  .post(path)\n  .send({\n    name: 'bhargav',\n    email: 'user@example.com',\n    password: 'Apple@1122',\n    cpassword: 'Apple@1122',\n    number: '9999999999',\n    DOB: '2023-11-25',\n    gender: 'male',\n  })\n  .end(function (err, res, body) {\n    console.log(res)\n    res.status.should.equal(200);\n    done();\n  });",
              "err": {},
              "uuid": "1199711b-c106-404c-b427-fb8fc910fb14",
              "parentUUID": "e85f4336-3985-47f3-a479-06725a5c3add",
              "isHook": false,
              "skipped": false
            },
            {
              "title": "Password needs to have at least one Number",
              "fullTitle": "Testing route company/register Password needs to have at least one Number",
              "timedOut": false,
              "duration": 5,
              "state": "passed",
              "speed": "fast",
              "pass": true,
              "fail": false,
              "pending": false,
              "context": null,
              "code": "chai\n  .request(host)\n  .post(path)\n  .send({\n    name: 'bhargav',\n    email: 'user@example.com',\n    password: 'Apple@aaa',\n    cpassword: 'Apple@aaa',\n    number: '9999999999',\n    DOB: '2023-11-25',\n    gender: 'male',\n  })\n  .end(function (err, res, body) {\n    console.log(res)\n    res.status.should.equal(400);\n    done();\n  });",
              "err": {},
              "uuid": "10ea57cb-069a-44d6-9fd5-7621798d120d",
              "parentUUID": "e85f4336-3985-47f3-a479-06725a5c3add",
              "isHook": false,
              "skipped": false
            },
            {
              "title": "Password needs to have at least one Special Character",
              "fullTitle": "Testing route company/register Password needs to have at least one Special Character",
              "timedOut": false,
              "duration": 6,
              "state": "passed",
              "speed": "fast",
              "pass": true,
              "fail": false,
              "pending": false,
              "context": null,
              "code": "chai\n  .request(host)\n  .post(path)\n  .send({\n    name: 'bhargav',\n    email: 'user@example.com',\n    password: 'Apple122aaa',\n    cpassword: 'Apple122aaa',\n    number: '9999999999',\n    DOB: '2023-11-25',\n    gender: 'male',\n  })\n  .end(function (err, res, body) {\n    console.log(res)\n    res.status.should.equal(400);\n    done();\n  });",
              "err": {},
              "uuid": "f36be7f3-ea44-449f-b293-603ecb92e531",
              "parentUUID": "e85f4336-3985-47f3-a479-06725a5c3add",
              "isHook": false,
              "skipped": false
            },
            {
              "title": "Password needs to have at least one lower case latter",
              "fullTitle": "Testing route company/register Password needs to have at least one lower case latter",
              "timedOut": false,
              "duration": 5,
              "state": "passed",
              "speed": "fast",
              "pass": true,
              "fail": false,
              "pending": false,
              "context": null,
              "code": "chai\n  .request(host)\n  .post(path)\n  .send({\n    name: 'bhargav',\n    email: 'user@example.com',\n    password: 'APPLE@1122',\n    cpassword: 'APPLE@1122',\n    number: '9999999999',\n    DOB: '2023-11-25',\n    gender: 'male',\n  })\n  .end(function (err, res, body) {\n    console.log(res)\n    res.status.should.equal(400);\n    done();\n  });",
              "err": {},
              "uuid": "213061e3-04ba-4db8-a079-19bf0ede2124",
              "parentUUID": "e85f4336-3985-47f3-a479-06725a5c3add",
              "isHook": false,
              "skipped": false
            },
            {
              "title": "Password needs to have at least one Upper case latter",
              "fullTitle": "Testing route company/register Password needs to have at least one Upper case latter",
              "timedOut": false,
              "duration": 5,
              "state": "passed",
              "speed": "fast",
              "pass": true,
              "fail": false,
              "pending": false,
              "context": null,
              "code": "chai\n  .request(host)\n  .post(path)\n  .send({\n    name: 'bhargav',\n    email: 'user@example.com',\n    password: 'apple@1122',\n    cpassword: 'apple@1122',\n    number: '9999999999',\n    DOB: '2023-11-25',\n    gender: 'male',\n  })\n  .end(function (err, res, body) {\n    console.log(res)\n    res.status.should.equal(400);\n    done();\n  });",
              "err": {},
              "uuid": "85bd2e23-2ee2-443e-aa34-e8bce83551cb",
              "parentUUID": "e85f4336-3985-47f3-a479-06725a5c3add",
              "isHook": false,
              "skipped": false
            },
            {
              "title": "Password length need to have between 8 to 15",
              "fullTitle": "Testing route company/register Password length need to have between 8 to 15",
              "timedOut": false,
              "duration": 5,
              "state": "passed",
              "speed": "fast",
              "pass": true,
              "fail": false,
              "pending": false,
              "context": null,
              "code": "chai\n  .request(host)\n  .post(path)\n  .send({\n    name: 'bhargav',\n    email: 'user@example.com',\n    password: 'Aa@1',\n    cpassword: 'Aa@1',\n    number: '9999999999',\n    DOB: '2023-11-25',\n    gender: 'male',\n  })\n  .end(function (err, res, body) {\n    console.log(res)\n    res.status.should.equal(400);\n    done();\n  });",
              "err": {},
              "uuid": "9519698f-65a3-4a57-b07d-036a5c019167",
              "parentUUID": "e85f4336-3985-47f3-a479-06725a5c3add",
              "isHook": false,
              "skipped": false
            },
            {
              "title": "Mobile number with hyphen not after 5 digits. ",
              "fullTitle": "Testing route company/register Mobile number with hyphen not after 5 digits. ",
              "timedOut": false,
              "duration": 5,
              "state": "failed",
              "speed": null,
              "pass": false,
              "fail": true,
              "pending": false,
              "context": null,
              "code": "chai\n  .request(host)\n  .post(path)\n  .send({\n    name: 'bhargav',\n    email: 'user@example.com',\n    password: 'Apple@1122',\n    cpassword: 'Apple@1122',\n    number: '123456-7890',\n    DOB: '2023-11-25',\n    gender: 'male',\n  })\n  .end(function (err, res, body) {\n    console.log(res)\n    res.status.should.equal(200);\n    done();\n  });",
              "err": {
                "message": "AssertionError: expected 400 to equal 200",
                "estack": "AssertionError: expected 400 to equal 200\n    at /Users/bhargavvidja/Desktop/newest/IT_314_JOB_FICTION/Backend_final/test/test.spec.js:165:27\n    at Request.callback (node_modules/superagent/lib/node/index.js:857:12)\n    at /Users/bhargavvidja/Desktop/newest/IT_314_JOB_FICTION/Backend_final/node_modules/superagent/lib/node/index.js:1070:18\n    at IncomingMessage.<anonymous> (node_modules/superagent/lib/node/parsers/json.js:21:7)\n    at IncomingMessage.emit (node:events:527:35)\n    at endReadableNT (node:internal/streams/readable:1409:12)\n    at process.processTicksAndRejections (node:internal/process/task_queues:82:21)",
                "diff": "- 400\n+ 200\n"
              },
              "uuid": "079f3183-1499-4157-b1d7-e2980ebcf48f",
              "parentUUID": "e85f4336-3985-47f3-a479-06725a5c3add",
              "isHook": false,
              "skipped": false
            },
            {
              "title": "With All valid Credentials",
              "fullTitle": "Testing route company/register With All valid Credentials",
              "timedOut": false,
              "duration": 5,
              "state": "passed",
              "speed": "fast",
              "pass": true,
              "fail": false,
              "pending": false,
              "context": null,
              "code": "chai\n  .request(host)\n  .post(path)\n  .send({\n    name: 'bhargav',\n    email: 'user@example.com',\n    password: 'Apple@1122',\n    cpassword: 'Apple@1122',\n    number: '99999-99999',\n    DOB: '2023-1-25',\n    gender: 'male',\n  })\n  .end(function (err, res, body) {\n    console.log(res)\n    res.status.should.equal(200);\n    done();\n  });",
              "err": {},
              "uuid": "c67ae764-5d40-4257-a3e8-21347d1e25da",
              "parentUUID": "e85f4336-3985-47f3-a479-06725a5c3add",
              "isHook": false,
              "skipped": false
            },
            {
              "title": "With All valid Credentials",
              "fullTitle": "Testing route company/register With All valid Credentials",
              "timedOut": false,
              "duration": 5,
              "state": "passed",
              "speed": "fast",
              "pass": true,
              "fail": false,
              "pending": false,
              "context": null,
              "code": "chai\n  .request(host)\n  .post(path)\n  .send({\n    name: 'bhargav',\n    email: 'user@example.com',\n    password: 'Apple@1122',\n    cpassword: 'Apple@1122',\n    number: '9999999999',\n    DOB: '2023-11-25',\n    gender: 'male',\n  })\n  .end(function (err, res, body) {\n    console.log(res)\n    res.status.should.equal(200);\n    done();\n  });",
              "err": {},
              "uuid": "270c7a22-dadc-4902-8e79-b8a79e45bd7c",
              "parentUUID": "e85f4336-3985-47f3-a479-06725a5c3add",
              "isHook": false,
              "skipped": false
            },
            {
              "title": "Invalid Date Formate (Months need to have between 1 to 12)",
              "fullTitle": "Testing route company/register Invalid Date Formate (Months need to have between 1 to 12)",
              "timedOut": false,
              "duration": 4,
              "state": "passed",
              "speed": "fast",
              "pass": true,
              "fail": false,
              "pending": false,
              "context": null,
              "code": "chai\n  .request(host)\n  .post(path)\n  .send({\n    name: 'bhargav',\n    email: 'john.doe123@example.co.uk',\n    password: 'Apple@1122',\n    cpassword: 'Apple@1122',\n    number: '9999999999',\n    DOB: '2023-13-25',\n    gender: 'male',\n  })\n  .end(function (err, res, body) {\n    console.log(res)\n    res.status.should.equal(400);\n    done();\n  });",
              "err": {},
              "uuid": "60397baa-7519-45a9-8363-bece4fa6d5bb",
              "parentUUID": "e85f4336-3985-47f3-a479-06725a5c3add",
              "isHook": false,
              "skipped": false
            },
            {
              "title": "Invalid Date Formate (Date need to have between 1 to 31)",
              "fullTitle": "Testing route company/register Invalid Date Formate (Date need to have between 1 to 31)",
              "timedOut": false,
              "duration": 4,
              "state": "passed",
              "speed": "fast",
              "pass": true,
              "fail": false,
              "pending": false,
              "context": null,
              "code": "chai\n  .request(host)\n  .post(path)\n  .send({\n    name: 'bhargav',\n    email: 'john.doe123@example.co.uk',\n    password: 'Apple@1122',\n    cpassword: 'Apple@1122',\n    number: '9999999999',\n    DOB: '2023-12-32',\n    gender: 'male',\n  })\n  .end(function (err, res, body) {\n    console.log(res)\n    res.status.should.equal(400);\n    done();\n  });",
              "err": {},
              "uuid": "a15478c5-dfcf-4a23-ae89-c5dd6d25a0e1",
              "parentUUID": "e85f4336-3985-47f3-a479-06725a5c3add",
              "isHook": false,
              "skipped": false
            },
            {
              "title": "With All valid Credentials",
              "fullTitle": "Testing route company/register With All valid Credentials",
              "timedOut": false,
              "duration": 4,
              "state": "passed",
              "speed": "fast",
              "pass": true,
              "fail": false,
              "pending": false,
              "context": null,
              "code": "chai\n  .request(host)\n  .post(path)\n  .send({\n    name: 'bhargav',\n    email: 'alice.smith@company.org',\n    password: 'Apple@1122',\n    cpassword: 'Apple@1122',\n    number: '9999999999',\n    DOB: '2023-11-25',\n    gender: 'male',\n  })\n  .end(function (err, res, body) {\n    console.log(res)\n    res.status.should.equal(200);\n    done();\n  });",
              "err": {},
              "uuid": "bffbc7d9-f4cc-4ceb-9307-1b7440c801c9",
              "parentUUID": "e85f4336-3985-47f3-a479-06725a5c3add",
              "isHook": false,
              "skipped": false
            },
            {
              "title": "With All valid Credentials",
              "fullTitle": "Testing route company/register With All valid Credentials",
              "timedOut": false,
              "duration": 3,
              "state": "passed",
              "speed": "fast",
              "pass": true,
              "fail": false,
              "pending": false,
              "context": null,
              "code": "chai\n  .request(host)\n  .post(path)\n  .send({\n    name: 'bhargav',\n    email: 'bob@email123.net',\n    password: 'Apple@1122',\n    cpassword: 'Apple@1122',\n    number: '9999999999',\n    DOB: '2023-11-25',\n    gender: 'male',\n  })\n  .end(function (err, res, body) {\n    console.log(res)\n    res.status.should.equal(200);\n    done();\n  });",
              "err": {},
              "uuid": "01bc3969-5a13-411b-aacd-f12026268947",
              "parentUUID": "e85f4336-3985-47f3-a479-06725a5c3add",
              "isHook": false,
              "skipped": false
            },
            {
              "title": "With All valid Credentials",
              "fullTitle": "Testing route company/register With All valid Credentials",
              "timedOut": false,
              "duration": 3,
              "state": "passed",
              "speed": "fast",
              "pass": true,
              "fail": false,
              "pending": false,
              "context": null,
              "code": "chai\n  .request(host)\n  .post(path)\n  .send({\n    name: 'bhargav',\n    email: 'support@website.info',\n    password: 'Apple@1122',\n    cpassword: 'Apple@1122',\n    number: '9999999999',\n    DOB: '2023-11-25',\n    gender: 'male',\n  })\n  .end(function (err, res, body) {\n    console.log(res)\n    res.status.should.equal(200);\n    done();\n  });",
              "err": {},
              "uuid": "ae43f03d-ee7e-4d7c-ad62-db3db84214bd",
              "parentUUID": "e85f4336-3985-47f3-a479-06725a5c3add",
              "isHook": false,
              "skipped": false
            },
            {
              "title": "Invalid Email",
              "fullTitle": "Testing route company/register Invalid Email",
              "timedOut": false,
              "duration": 6,
              "state": "passed",
              "speed": "fast",
              "pass": true,
              "fail": false,
              "pending": false,
              "context": null,
              "code": "chai\n  .request(host)\n  .post(path)\n  .send({\n    name: 'bhargav',\n    email: 'User@Example.com',\n    password: 'Apple@1122',\n    cpassword: 'Apple@1122',\n    number: '9999999999',\n    DOB: '2023-11-25',\n    gender: 'male',\n  })\n  .end(function (err, res, body) {\n    console.log(res)\n    res.status.should.equal(400);\n    done();\n  });",
              "err": {},
              "uuid": "099fdda3-f716-48f5-b09b-32ec59e0b497",
              "parentUUID": "e85f4336-3985-47f3-a479-06725a5c3add",
              "isHook": false,
              "skipped": false
            },
            {
              "title": "Invalid Email",
              "fullTitle": "Testing route company/register Invalid Email",
              "timedOut": false,
              "duration": 3,
              "state": "passed",
              "speed": "fast",
              "pass": true,
              "fail": false,
              "pending": false,
              "context": null,
              "code": "chai\n  .request(host)\n  .post(path)\n  .send({\n    name: 'bhargav',\n    email: 'JOHN.doe123@Example.CO.uk',\n    password: 'Apple@1122',\n    cpassword: 'Apple@1122',\n    number: '9999999999',\n    DOB: '2023-11-25',\n    gender: 'male',\n  })\n  .end(function (err, res, body) {\n    console.log(res)\n    res.status.should.equal(400);\n    done();\n  });",
              "err": {},
              "uuid": "b6c1aba3-253f-40ac-83df-ab5581a7f6e7",
              "parentUUID": "e85f4336-3985-47f3-a479-06725a5c3add",
              "isHook": false,
              "skipped": false
            },
            {
              "title": "Invalid Email",
              "fullTitle": "Testing route company/register Invalid Email",
              "timedOut": false,
              "duration": 3,
              "state": "passed",
              "speed": "fast",
              "pass": true,
              "fail": false,
              "pending": false,
              "context": null,
              "code": "chai\n  .request(host)\n  .post(path)\n  .send({\n    name: 'bhargav',\n    email: 'ALICE.SMITH@company.org',\n    password: 'Apple@1122',\n    cpassword: 'Apple@1122',\n    number: '9999999999',\n    DOB: '2023-11-25',\n    gender: 'male',\n  })\n  .end(function (err, res, body) {\n    console.log(res)\n    res.status.should.equal(400);\n    done();\n  });",
              "err": {},
              "uuid": "9e750c99-05bd-4f4f-8e64-4b3b8ea5583b",
              "parentUUID": "e85f4336-3985-47f3-a479-06725a5c3add",
              "isHook": false,
              "skipped": false
            },
            {
              "title": "All valid Informantion",
              "fullTitle": "Testing route company/register All valid Informantion",
              "timedOut": false,
              "duration": 3,
              "state": "passed",
              "speed": "fast",
              "pass": true,
              "fail": false,
              "pending": false,
              "context": null,
              "code": "chai\n  .request(host)\n  .post(path)\n  .send({\n    name: 'bhargav',\n    email: 'alice-smith@company.org',\n    password: 'Apple@1122',\n    cpassword: 'Apple@1122',\n    number: '9999999999',\n    DOB: '2023-11-25',\n    gender: 'male',\n  })\n  .end(function (err, res, body) {\n    console.log(res)\n    res.status.should.equal(200);\n    done();\n  });",
              "err": {},
              "uuid": "75d1f248-7187-496f-828f-ac40e8abbc2d",
              "parentUUID": "e85f4336-3985-47f3-a479-06725a5c3add",
              "isHook": false,
              "skipped": false
            },
            {
              "title": "All valid Informantion",
              "fullTitle": "Testing route company/register All valid Informantion",
              "timedOut": false,
              "duration": 4,
              "state": "passed",
              "speed": "fast",
              "pass": true,
              "fail": false,
              "pending": false,
              "context": null,
              "code": "chai\n  .request(host)\n  .post(path)\n  .send({\n    name: 'bhargav',\n    email: 'user@example.co.uk',\n    password: 'Apple@1122',\n    cpassword: 'Apple@1122',\n    number: '9999999999',\n    DOB: '2023-11-25',\n    gender: 'male',\n  })\n  .end(function (err, res, body) {\n    console.log(res)\n    res.status.should.equal(200);\n    done();\n  });",
              "err": {},
              "uuid": "d641aa7a-fa3e-454a-85d9-38d058ce5033",
              "parentUUID": "e85f4336-3985-47f3-a479-06725a5c3add",
              "isHook": false,
              "skipped": false
            },
            {
              "title": "Valid Email",
              "fullTitle": "Testing route company/register Valid Email",
              "timedOut": false,
              "duration": 5,
              "state": "passed",
              "speed": "fast",
              "pass": true,
              "fail": false,
              "pending": false,
              "context": null,
              "code": "chai\n  .request(host)\n  .post(path)\n  .send({\n    name: 'bhargav',\n    email: 'user@sub.domain.com',\n    password: 'Apple@1122',\n    cpassword: 'Apple@1122',\n    number: '9999999999',\n    DOB: '2023-11-25',\n    gender: 'male',\n  })\n  .end(function (err, res, body) {\n    console.log(res)\n    res.status.should.equal(200);\n    done();\n  });",
              "err": {},
              "uuid": "002f71d3-9206-4a1e-8c47-2372b2b23f4b",
              "parentUUID": "e85f4336-3985-47f3-a479-06725a5c3add",
              "isHook": false,
              "skipped": false
            },
            {
              "title": "Valid Email",
              "fullTitle": "Testing route company/register Valid Email",
              "timedOut": false,
              "duration": 3,
              "state": "passed",
              "speed": "fast",
              "pass": true,
              "fail": false,
              "pending": false,
              "context": null,
              "code": "chai\n  .request(host)\n  .post(path)\n  .send({\n    name: 'bhargav',\n    email: '12345@example.com',\n    password: 'Apple@1122',\n    cpassword: 'Apple@1122',\n    number: '9999999999',\n    DOB: '2023-11-25',\n    gender: 'male',\n  })\n  .end(function (err, res, body) {\n    console.log(res)\n    res.status.should.equal(200);\n    done();\n  });",
              "err": {},
              "uuid": "75c7e23e-05fe-4161-a7bf-58f9092acba2",
              "parentUUID": "e85f4336-3985-47f3-a479-06725a5c3add",
              "isHook": false,
              "skipped": false
            },
            {
              "title": "Valid Email",
              "fullTitle": "Testing route company/register Valid Email",
              "timedOut": false,
              "duration": 3,
              "state": "passed",
              "speed": "fast",
              "pass": true,
              "fail": false,
              "pending": false,
              "context": null,
              "code": "chai\n  .request(host)\n  .post(path)\n  .send({\n    name: 'bhargav',\n    email: 'user@123domain.com',\n    password: 'Apple@1122',\n    cpassword: 'Apple@1122',\n    number: '9999999999',\n    DOB: '2023-11-25',\n    gender: 'male',\n  })\n  .end(function (err, res, body) {\n    console.log(res)\n    res.status.should.equal(200);\n    done();\n  });",
              "err": {},
              "uuid": "3f1a73a9-ec98-4f67-9966-003e6ef55aea",
              "parentUUID": "e85f4336-3985-47f3-a479-06725a5c3add",
              "isHook": false,
              "skipped": false
            },
            {
              "title": "Invalid Email",
              "fullTitle": "Testing route company/register Invalid Email",
              "timedOut": false,
              "duration": 3,
              "state": "passed",
              "speed": "fast",
              "pass": true,
              "fail": false,
              "pending": false,
              "context": null,
              "code": "chai\n  .request(host)\n  .post(path)\n  .send({\n    name: 'bhargav',\n    email: '202101201daiict.ac.in',\n    password: 'Apple@1122',\n    cpassword: 'Apple@1122',\n    number: '9999999999',\n    DOB: '2023-11-25',\n    gender: 'male',\n  })\n  .end(function (err, res, body) {\n    console.log(res)\n    res.status.should.equal(400);\n    done();\n  });",
              "err": {},
              "uuid": "4e8eb51e-8a84-402e-a49a-e22557373c62",
              "parentUUID": "e85f4336-3985-47f3-a479-06725a5c3add",
              "isHook": false,
              "skipped": false
            },
            {
              "title": "Invalid Email",
              "fullTitle": "Testing route company/register Invalid Email",
              "timedOut": false,
              "duration": 4,
              "state": "passed",
              "speed": "fast",
              "pass": true,
              "fail": false,
              "pending": false,
              "context": null,
              "code": "chai\n  .request(host)\n  .post(path)\n  .send({\n    name: 'bhargav',\n    email: '202101201@',\n    password: 'Apple@1122',\n    cpassword: 'Apple@1122',\n    number: '9999999999',\n    DOB: '2023-11-25',\n    gender: 'male',\n  })\n  .end(function (err, res, body) {\n    console.log(res)\n    res.status.should.equal(400);\n    done();\n  });",
              "err": {},
              "uuid": "3d8151ad-baae-4b87-9db7-f4e71967fe4d",
              "parentUUID": "e85f4336-3985-47f3-a479-06725a5c3add",
              "isHook": false,
              "skipped": false
            },
            {
              "title": "Invalid Email",
              "fullTitle": "Testing route company/register Invalid Email",
              "timedOut": false,
              "duration": 5,
              "state": "passed",
              "speed": "fast",
              "pass": true,
              "fail": false,
              "pending": false,
              "context": null,
              "code": "chai\n  .request(host)\n  .post(path)\n  .send({\n    name: 'bhargav',\n    email: '202101182@daiict',\n    password: 'Apple@1122',\n    cpassword: 'Apple@1122',\n    number: '9999999999',\n    DOB: '2023-11-25',\n    gender: 'male',\n  })\n  .end(function (err, res, body) {\n    console.log(res)\n    res.status.should.equal(400);\n    done();\n  });",
              "err": {},
              "uuid": "35d4dd1b-238c-4a23-bab0-8fe222982727",
              "parentUUID": "e85f4336-3985-47f3-a479-06725a5c3add",
              "isHook": false,
              "skipped": false
            },
            {
              "title": "Invalid Email",
              "fullTitle": "Testing route company/register Invalid Email",
              "timedOut": false,
              "duration": 4,
              "state": "passed",
              "speed": "fast",
              "pass": true,
              "fail": false,
              "pending": false,
              "context": null,
              "code": "chai\n  .request(host)\n  .post(path)\n  .send({\n    name: 'bhargav',\n    email: '202101182@.in',\n    password: 'Apple@1122',\n    cpassword: 'Apple@1122',\n    number: '9999999999',\n    DOB: '2023-11-25',\n    gender: 'male',\n  })\n  .end(function (err, res, body) {\n    console.log(res)\n    res.status.should.equal(400);\n    done();\n  });",
              "err": {},
              "uuid": "b7f018d1-7021-451f-8e75-c07b260b81fb",
              "parentUUID": "e85f4336-3985-47f3-a479-06725a5c3add",
              "isHook": false,
              "skipped": false
            },
            {
              "title": "Invalid Email",
              "fullTitle": "Testing route company/register Invalid Email",
              "timedOut": false,
              "duration": 2,
              "state": "passed",
              "speed": "fast",
              "pass": true,
              "fail": false,
              "pending": false,
              "context": null,
              "code": "chai\n  .request(host)\n  .post(path)\n  .send({\n    name: 'Bhargva',\n    email: '202101201daiict.ac.in',\n    password: 'Apple@1122',\n    cpassword: 'Apple@1122',\n    number: '9999999999',\n    DOB: '2023-11-25',\n    gender: 'male',\n  })\n  .end((err, res) => {\n    res.should.have.status(400);\n    res.body.should.be.an(\"object\");\n    done();\n  });",
              "err": {},
              "uuid": "2acaa6d4-8936-4eb6-ae3c-a174acd2e34f",
              "parentUUID": "e85f4336-3985-47f3-a479-06725a5c3add",
              "isHook": false,
              "skipped": false
            },
            {
              "title": "With Missing Email",
              "fullTitle": "Testing route company/register With Missing Email",
              "timedOut": false,
              "duration": 2,
              "state": "passed",
              "speed": "fast",
              "pass": true,
              "fail": false,
              "pending": false,
              "context": null,
              "code": "chai\n  .request(host)\n  .post(path)\n  .send({\n    name: 'bhargav',\n    email: '',\n    password: 'Apple@1122',\n    cpassword: 'Apple@1122',\n    number: '9999999999',\n    DOB: '2023-11-25',\n    gender: 'male',\n  })\n  .end((err, res) => {\n    res.should.have.status(400);\n    res.body.should.be.an(\"object\");\n    done();\n  });",
              "err": {},
              "uuid": "cd775923-4996-4164-aca2-263412fbbc70",
              "parentUUID": "e85f4336-3985-47f3-a479-06725a5c3add",
              "isHook": false,
              "skipped": false
            },
            {
              "title": "Invalid Email",
              "fullTitle": "Testing route company/register Invalid Email",
              "timedOut": false,
              "duration": 2,
              "state": "passed",
              "speed": "fast",
              "pass": true,
              "fail": false,
              "pending": false,
              "context": null,
              "code": "chai\n  .request(host)\n  .post(path)\n  .send({\n    name: 'bhargav',\n    email: 'invalidemailformat.com', \n    password: 'Apple@1122',\n    cpassword: 'Apple@1122',\n    number: '9999999999',\n    DOB: '2023-11-25',\n    gender: 'male',\n  })\n  .end((err, res) => {\n    res.should.have.status(400);\n    res.body.should.be.an(\"object\");\n    done();\n  });",
              "err": {},
              "uuid": "eaab9c29-5a12-4bf6-a3a8-b4e9abe6cd3a",
              "parentUUID": "e85f4336-3985-47f3-a479-06725a5c3add",
              "isHook": false,
              "skipped": false
            },
            {
              "title": "Invalid Email",
              "fullTitle": "Testing route company/register Invalid Email",
              "timedOut": false,
              "duration": 3,
              "state": "passed",
              "speed": "fast",
              "pass": true,
              "fail": false,
              "pending": false,
              "context": null,
              "code": "chai\n  .request(host)\n  .post(path)\n  .send({\n    name: 'bhargav',\n    email: 'invalidemailformat@', \n    password: 'Apple@1122',\n    cpassword: 'Apple@1122',\n    number: '9999999999',\n    DOB: '2023-11-25',\n    gender: 'male',\n  })\n  .end((err, res) => {\n    res.should.have.status(400);\n    res.body.should.be.an(\"object\");\n    done();\n  });",
              "err": {},
              "uuid": "9809ed11-9b02-4c5a-80f7-9630bfaebbc5",
              "parentUUID": "e85f4336-3985-47f3-a479-06725a5c3add",
              "isHook": false,
              "skipped": false
            },
            {
              "title": "With Empty Name",
              "fullTitle": "Testing route company/register With Empty Name",
              "timedOut": false,
              "duration": 1,
              "state": "passed",
              "speed": "fast",
              "pass": true,
              "fail": false,
              "pending": false,
              "context": null,
              "code": "chai\n  .request(host)\n  .post(path)\n  .send({\n    name: '', \n    email: 'bhargav.vidja@gmail.com',\n    password: 'Apple@1122',\n    cpassword: 'Apple@1122',\n    number: '9999999999',\n    DOB: '2023-11-25',\n    gender: 'male',\n  })\n  .end((err, res) => {\n    res.should.have.status(400);\n    res.body.should.be.an(\"object\");\n    done();\n  });",
              "err": {},
              "uuid": "8fc21265-5660-4552-8963-758acff0d87d",
              "parentUUID": "e85f4336-3985-47f3-a479-06725a5c3add",
              "isHook": false,
              "skipped": false
            },
            {
              "title": "With Invalid Gender",
              "fullTitle": "Testing route company/register With Invalid Gender",
              "timedOut": false,
              "duration": 2,
              "state": "passed",
              "speed": "fast",
              "pass": true,
              "fail": false,
              "pending": false,
              "context": null,
              "code": "chai\n  .request(host)\n  .post(path)\n  .send({\n    name: 'bhargav',\n    email: 'bhargav.vidja@gmail.com',\n    password: 'Apple@1122',\n    cpassword: 'Apple@1122',\n    number: '9999999999',\n    DOB: '2023-11-25',\n    gender: 'invalid', \n  })\n  .end((err, res) => {\n    res.should.have.status(400);\n    res.body.should.be.an(\"object\");\n    done();\n  });",
              "err": {},
              "uuid": "939d2ece-c1bd-4f29-999c-42b5ebf06cd1",
              "parentUUID": "e85f4336-3985-47f3-a479-06725a5c3add",
              "isHook": false,
              "skipped": false
            },
            {
              "title": "With Password Mismatch",
              "fullTitle": "Testing route company/register With Password Mismatch",
              "timedOut": false,
              "duration": 2,
              "state": "passed",
              "speed": "fast",
              "pass": true,
              "fail": false,
              "pending": false,
              "context": null,
              "code": "chai\n  .request(host)\n  .post(path)\n  .send({\n    name: 'bhargav',\n    email: 'bhargav.vidja@gmail.com',\n    password: 'Apple@1122',\n    cpassword: 'MismatchedPassword', \n    number: '9999999999',\n    DOB: '2023-11-25',\n    gender: 'male',\n  })\n  .end((err, res) => {\n    res.should.have.status(400);\n    res.body.should.be.an(\"object\");\n    done();\n  });",
              "err": {},
              "uuid": "fbc825c4-a6b3-40d2-9e49-3018b8f4171d",
              "parentUUID": "e85f4336-3985-47f3-a479-06725a5c3add",
              "isHook": false,
              "skipped": false
            },
            {
              "title": "Phone number with lower than 10 digit",
              "fullTitle": "Testing route company/register Phone number with lower than 10 digit",
              "timedOut": false,
              "duration": 1,
              "state": "passed",
              "speed": "fast",
              "pass": true,
              "fail": false,
              "pending": false,
              "context": null,
              "code": "chai\n  .request(host)\n  .post(path)\n  .send({\n    name: 'bhargav',\n    email: 'bhargav.vidja@gmail.com',\n    password: 'Apple@1122',\n    cpassword: 'Apple@1122',\n    number: '123',\n    DOB: '2023-11-25',\n    gender: 'male',\n  })\n  .end((err, res) => {\n    res.should.have.status(400);\n    res.body.should.be.an(\"object\");\n    done();\n  });",
              "err": {},
              "uuid": "5fe064a3-e290-4f81-8244-82de80731973",
              "parentUUID": "e85f4336-3985-47f3-a479-06725a5c3add",
              "isHook": false,
              "skipped": false
            },
            {
              "title": "Invalid Phone Number ",
              "fullTitle": "Testing route company/register Invalid Phone Number ",
              "timedOut": false,
              "duration": 3,
              "state": "passed",
              "speed": "fast",
              "pass": true,
              "fail": false,
              "pending": false,
              "context": null,
              "code": "chai\n  .request(host)\n  .post(path)\n  .send({\n    name: 'bhargav',\n    email: 'bhargav.vidja@daiict.ac.in',\n    password: 'Apple@1122',\n    cpassword: 'Apple@1122',\n    number: '123a567890',\n    DOB: '2023-11-25',\n    gender: 'male',\n  })\n  .end(function (err, res, body) {\n    console.log(res)\n    res.status.should.equal(400);\n    done();\n  });",
              "err": {},
              "uuid": "a2b1018a-8080-4584-af1b-e965ca9d643c",
              "parentUUID": "e85f4336-3985-47f3-a479-06725a5c3add",
              "isHook": false,
              "skipped": false
            },
            {
              "title": "Phone number with more than 10 digits",
              "fullTitle": "Testing route company/register Phone number with more than 10 digits",
              "timedOut": false,
              "duration": 2,
              "state": "passed",
              "speed": "fast",
              "pass": true,
              "fail": false,
              "pending": false,
              "context": null,
              "code": "chai\n  .request(host)\n  .post(path)\n  .send({\n    name: 'bhargav',\n    email: 'bhargav.vidja@daiict.ac.in',\n    password: 'Apple@1122',\n    cpassword: 'Apple@1122',\n    number: '12345678900',\n    DOB: '2023-11-25',\n    gender: 'male',\n  })\n  .end(function (err, res, body) {\n    console.log(res)\n    res.status.should.equal(400);\n    done();\n  });",
              "err": {},
              "uuid": "0f24ec3e-437a-47c9-925e-a4698c6acde8",
              "parentUUID": "e85f4336-3985-47f3-a479-06725a5c3add",
              "isHook": false,
              "skipped": false
            }
          ],
          "suites": [],
          "passes": [
            "1199711b-c106-404c-b427-fb8fc910fb14",
            "10ea57cb-069a-44d6-9fd5-7621798d120d",
            "f36be7f3-ea44-449f-b293-603ecb92e531",
            "213061e3-04ba-4db8-a079-19bf0ede2124",
            "85bd2e23-2ee2-443e-aa34-e8bce83551cb",
            "9519698f-65a3-4a57-b07d-036a5c019167",
            "c67ae764-5d40-4257-a3e8-21347d1e25da",
            "270c7a22-dadc-4902-8e79-b8a79e45bd7c",
            "60397baa-7519-45a9-8363-bece4fa6d5bb",
            "a15478c5-dfcf-4a23-ae89-c5dd6d25a0e1",
            "bffbc7d9-f4cc-4ceb-9307-1b7440c801c9",
            "01bc3969-5a13-411b-aacd-f12026268947",
            "ae43f03d-ee7e-4d7c-ad62-db3db84214bd",
            "099fdda3-f716-48f5-b09b-32ec59e0b497",
            "b6c1aba3-253f-40ac-83df-ab5581a7f6e7",
            "9e750c99-05bd-4f4f-8e64-4b3b8ea5583b",
            "75d1f248-7187-496f-828f-ac40e8abbc2d",
            "d641aa7a-fa3e-454a-85d9-38d058ce5033",
            "002f71d3-9206-4a1e-8c47-2372b2b23f4b",
            "75c7e23e-05fe-4161-a7bf-58f9092acba2",
            "3f1a73a9-ec98-4f67-9966-003e6ef55aea",
            "4e8eb51e-8a84-402e-a49a-e22557373c62",
            "3d8151ad-baae-4b87-9db7-f4e71967fe4d",
            "35d4dd1b-238c-4a23-bab0-8fe222982727",
            "b7f018d1-7021-451f-8e75-c07b260b81fb",
            "2acaa6d4-8936-4eb6-ae3c-a174acd2e34f",
            "cd775923-4996-4164-aca2-263412fbbc70",
            "eaab9c29-5a12-4bf6-a3a8-b4e9abe6cd3a",
            "9809ed11-9b02-4c5a-80f7-9630bfaebbc5",
            "8fc21265-5660-4552-8963-758acff0d87d",
            "939d2ece-c1bd-4f29-999c-42b5ebf06cd1",
            "fbc825c4-a6b3-40d2-9e49-3018b8f4171d",
            "5fe064a3-e290-4f81-8244-82de80731973",
            "a2b1018a-8080-4584-af1b-e965ca9d643c",
            "0f24ec3e-437a-47c9-925e-a4698c6acde8"
          ],
          "failures": [
            "def55f77-dd5e-4976-ada5-bcd741780628",
            "079f3183-1499-4157-b1d7-e2980ebcf48f"
          ],
          "pending": [],
          "skipped": [],
          "duration": 144,
          "root": false,
          "rootEmpty": false,
          "_timeout": 2000
        }
      ],
      "passes": [],
      "failures": [],
      "pending": [],
      "skipped": [],
      "duration": 0,
      "root": true,
      "rootEmpty": true,
      "_timeout": 2000
    }
  ],
  "meta": {
    "mocha": {
      "version": "10.2.0"
    },
    "mochawesome": {
      "options": {
        "quiet": false,
        "reportFilename": "mochawesome",
        "saveHtml": true,
        "saveJson": true,
        "consoleReporter": "spec",
        "useInlineDiffs": false,
        "code": true
      },
      "version": "7.1.3"
    },
    "marge": {
      "options": null,
      "version": "6.2.0"
    }
  }
}