{
  "stats": {
    "suites": 1,
    "tests": 37,
    "passes": 36,
    "pending": 0,
    "failures": 1,
    "start": "2023-11-26T11:53:11.565Z",
    "end": "2023-11-26T11:53:11.998Z",
    "duration": 433,
    "testsRegistered": 37,
    "passPercent": 97.2972972972973,
    "pendingPercent": 0,
    "other": 0,
    "hasOther": false,
    "skipped": 0,
    "hasSkipped": false
  },
  "results": [
    {
      "uuid": "6d9a5f69-7683-442e-ba7b-776db3df92e8",
      "title": "",
      "fullFile": "/Users/bhargavvidja/Desktop/now/IT_314_JOB_FICTION/Backend_final/test/test.spec.js",
      "file": "/test/test.spec.js",
      "beforeHooks": [],
      "afterHooks": [],
      "tests": [],
      "suites": [
        {
          "uuid": "12220f83-3a63-4351-950b-861ad5260dc9",
          "title": "Testing route company/companyregister",
          "fullFile": "/Users/bhargavvidja/Desktop/now/IT_314_JOB_FICTION/Backend_final/test/test.spec.js",
          "file": "/test/test.spec.js",
          "beforeHooks": [],
          "afterHooks": [],
          "tests": [
            {
              "title": "Error in Password (needs one special character)",
              "fullTitle": "Testing route company/companyregister Error in Password (needs one special character)",
              "timedOut": false,
              "duration": 278,
              "state": "passed",
              "speed": "slow",
              "pass": true,
              "fail": false,
              "pending": false,
              "context": null,
              "code": "chai\n  .request(host)\n  .post(path)\n  .send({\n    companyname: 'Apple',\n    industrytype: 'Type',\n    company_description: 'Description',\n    companylocation: 'Gujarat',\n    employee_name: 'Bhargv',\n    employee_designation: 'Founder',\n    number: '1234567890',\n    email: 'bhargav.vidja@gmail.com',\n    password:'Apple1122',\n    cpassword: 'Apple1122'\n  })\n  .end(function (err, res, body) {\n    console.log(res)\n    res.status.should.equal(400);\n    done();\n  });",
              "err": {},
              "uuid": "7ad86102-2e18-4a95-99f6-ee31c05f1f0d",
              "parentUUID": "12220f83-3a63-4351-950b-861ad5260dc9",
              "isHook": false,
              "skipped": false
            },
            {
              "title": "Error in Password(need atleast one upper case",
              "fullTitle": "Testing route company/companyregister Error in Password(need atleast one upper case",
              "timedOut": false,
              "duration": 7,
              "state": "passed",
              "speed": "fast",
              "pass": true,
              "fail": false,
              "pending": false,
              "context": null,
              "code": "chai\n  .request(host)\n  .post(path)\n  .send({\n    companyname: 'Apple',\n    industrytype: 'Type',\n    company_description: 'Description',\n    companylocation: 'Gujarat',\n    employee_name: 'Bhargv',\n    employee_designation: 'Founder',\n    number: '1234567890',\n    email: 'bhargav.vidja@gmail.com',\n    password:'apple@1122',\n    cpassword: 'apple@1122'\n  })\n  .end(function (err, res, body) {\n    console.log(res)\n    res.status.should.equal(400);\n    done();\n  });",
              "err": {},
              "uuid": "cbe2a05a-4ffa-471e-8542-2b55c7efbe0a",
              "parentUUID": "12220f83-3a63-4351-950b-861ad5260dc9",
              "isHook": false,
              "skipped": false
            },
            {
              "title": "Error in Password(need atleast one lower case",
              "fullTitle": "Testing route company/companyregister Error in Password(need atleast one lower case",
              "timedOut": false,
              "duration": 5,
              "state": "passed",
              "speed": "fast",
              "pass": true,
              "fail": false,
              "pending": false,
              "context": null,
              "code": "chai\n  .request(host)\n  .post(path)\n  .send({\n    companyname: 'Apple',\n    industrytype: 'Type',\n    company_description: 'Description',\n    companylocation: 'Gujarat',\n    employee_name: 'Bhargv',\n    employee_designation: 'Founder',\n    number: '1234567890',\n    email: 'bhargav.vidja@gmail.com',\n    password:'APPLE@1122',\n    cpassword: 'APPLE@1122'\n  })\n  .end(function (err, res, body) {\n    console.log(res)\n    res.status.should.equal(400);\n    done();\n  });",
              "err": {},
              "uuid": "0db612b0-7bf7-4d1f-a7e4-05b2b6c72618",
              "parentUUID": "12220f83-3a63-4351-950b-861ad5260dc9",
              "isHook": false,
              "skipped": false
            },
            {
              "title": "Error in Password(need atleast one number)",
              "fullTitle": "Testing route company/companyregister Error in Password(need atleast one number)",
              "timedOut": false,
              "duration": 5,
              "state": "passed",
              "speed": "fast",
              "pass": true,
              "fail": false,
              "pending": false,
              "context": null,
              "code": "chai\n  .request(host)\n  .post(path)\n  .send({\n    companyname: 'Apple',\n    industrytype: 'Type',\n    company_description: 'Description',\n    companylocation: 'Gujarat',\n    employee_name: 'Bhargv',\n    employee_designation: 'Founder',\n    number: '1234567890',\n    email: 'bhargav.vidja@gmail.com',\n    password:'Apple@aaa',\n    cpassword: 'Apple@aaa'\n  })\n  .end(function (err, res, body) {\n    console.log(res)\n    res.status.should.equal(400);\n    done();\n  });",
              "err": {},
              "uuid": "91d38ae3-ac6e-41f1-8665-cb48a5b14398",
              "parentUUID": "12220f83-3a63-4351-950b-861ad5260dc9",
              "isHook": false,
              "skipped": false
            },
            {
              "title": "Password needs to have less than 15 character.",
              "fullTitle": "Testing route company/companyregister Password needs to have less than 15 character.",
              "timedOut": false,
              "duration": 4,
              "state": "passed",
              "speed": "fast",
              "pass": true,
              "fail": false,
              "pending": false,
              "context": null,
              "code": "chai\n  .request(host)\n  .post(path)\n  .send({\n    companyname: 'Apple',\n    industrytype: 'Type',\n    company_description: 'Description',\n    companylocation: 'Gujarat',\n    employee_name: 'Bhargv',\n    employee_designation: 'Founder',\n    number: '1234567890',\n    email: 'bhargav.vidja@gmail.com',\n    password:'Apple@1111111111',\n    cpassword: 'Apple@1111111111'\n  })\n  .end(function (err, res, body) {\n    console.log(res)\n    res.status.should.equal(400);\n    done();\n  });",
              "err": {},
              "uuid": "53cdbdca-7bdf-4406-aa07-d921bb0e67a4",
              "parentUUID": "12220f83-3a63-4351-950b-861ad5260dc9",
              "isHook": false,
              "skipped": false
            },
            {
              "title": "All valid Field",
              "fullTitle": "Testing route company/companyregister All valid Field",
              "timedOut": false,
              "duration": 4,
              "state": "passed",
              "speed": "fast",
              "pass": true,
              "fail": false,
              "pending": false,
              "context": null,
              "code": "chai\n  .request(host)\n  .post(path)\n  .send({\n    companyname: 'Apple',\n    industrytype: 'Type',\n    company_description: 'Description',\n    companylocation: 'Gujarat',\n    employee_name: 'Bhargv',\n    employee_designation: 'Founder',\n    number: '9081231384',\n    email: '202101201@daiict.ac.in',\n    password: 'Apple@1122',\n    cpassword: 'Apple@1122'\n  })\n  .end(function (err, res, body) {\n    console.log(res)\n    res.status.should.equal(200);\n    done();\n  });",
              "err": {},
              "uuid": "20ae185d-691f-482a-9b3b-0b737e3c19dc",
              "parentUUID": "12220f83-3a63-4351-950b-861ad5260dc9",
              "isHook": false,
              "skipped": false
            },
            {
              "title": "Invalid Email",
              "fullTitle": "Testing route company/companyregister Invalid Email",
              "timedOut": false,
              "duration": 3,
              "state": "passed",
              "speed": "fast",
              "pass": true,
              "fail": false,
              "pending": false,
              "context": null,
              "code": "chai\n  .request(host)\n  .post(path)\n  .send({\n    companyname: 'Apple',\n    industrytype: 'Type',\n    company_description: 'Description',\n    companylocation: 'Gujarat',\n    employee_name: 'Bhargv',\n    employee_designation: 'Founder',\n    number: '9081231384',\n    email: 'Bhargav.Vidja@daiict.ac.in',\n    password: 'Apple@1122',\n    cpassword: 'Apple@1122'\n  })\n  .end(function (err, res, body) {\n    console.log(res)\n    res.status.should.equal(400);\n    done();\n  });",
              "err": {},
              "uuid": "fae24480-895f-403a-a105-60f59752734b",
              "parentUUID": "12220f83-3a63-4351-950b-861ad5260dc9",
              "isHook": false,
              "skipped": false
            },
            {
              "title": "Invalid Email",
              "fullTitle": "Testing route company/companyregister Invalid Email",
              "timedOut": false,
              "duration": 4,
              "state": "passed",
              "speed": "fast",
              "pass": true,
              "fail": false,
              "pending": false,
              "context": null,
              "code": "chai\n  .request(host)\n  .post(path)\n  .send({\n    companyname: 'Apple',\n    industrytype: 'Type',\n    company_description: 'Description',\n    companylocation: 'Gujarat',\n    employee_name: 'Bhargv',\n    employee_designation: 'Founder',\n    number: '9081231384',\n    email: 'Bhargav.Vidja@daiict..in',\n    password: 'Apple@1122',\n    cpassword: 'Apple@1122'\n  })\n  .end(function (err, res, body) {\n    console.log(res)\n    res.status.should.equal(400);\n    done();\n  });",
              "err": {},
              "uuid": "69db4959-4c83-4f15-aa6b-da52e0d034e2",
              "parentUUID": "12220f83-3a63-4351-950b-861ad5260dc9",
              "isHook": false,
              "skipped": false
            },
            {
              "title": "Invalid Email",
              "fullTitle": "Testing route company/companyregister Invalid Email",
              "timedOut": false,
              "duration": 5,
              "state": "passed",
              "speed": "fast",
              "pass": true,
              "fail": false,
              "pending": false,
              "context": null,
              "code": "chai\n  .request(host)\n  .post(path)\n  .send({\n    companyname: 'Apple',\n    industrytype: 'Type',\n    company_description: 'Description',\n    companylocation: 'Gujarat',\n    employee_name: 'Bhargv',\n    employee_designation: 'Founder',\n    number: '9081231384',\n    email: 'bhargav.vidja@gmailcom',\n    password: 'Apple@1122',\n    cpassword: 'Apple@1122'\n  })\n  .end(function (err, res, body) {\n    console.log(res)\n    res.status.should.equal(400);\n    done();\n  });",
              "err": {},
              "uuid": "55874069-1467-4591-ad75-c864e8ac5917",
              "parentUUID": "12220f83-3a63-4351-950b-861ad5260dc9",
              "isHook": false,
              "skipped": false
            },
            {
              "title": "Invalid Email",
              "fullTitle": "Testing route company/companyregister Invalid Email",
              "timedOut": false,
              "duration": 3,
              "state": "passed",
              "speed": "fast",
              "pass": true,
              "fail": false,
              "pending": false,
              "context": null,
              "code": "chai\n  .request(host)\n  .post(path)\n  .send({\n    companyname: 'Apple',\n    industrytype: 'Type',\n    company_description: 'Description',\n    companylocation: 'Gujarat',\n    employee_name: 'Bhargv',\n    employee_designation: 'Founder',\n    number: '9081231384',\n    email: 'bhargav.vidja@gmail..com',\n    password: 'Apple@1122',\n    cpassword: 'Apple@1122'\n  })\n  .end(function (err, res, body) {\n    console.log(res)\n    res.status.should.equal(400);\n    done();\n  });",
              "err": {},
              "uuid": "ebc2bc55-6cc1-4ae6-9302-5896d5cf4daa",
              "parentUUID": "12220f83-3a63-4351-950b-861ad5260dc9",
              "isHook": false,
              "skipped": false
            },
            {
              "title": "Invalid Email",
              "fullTitle": "Testing route company/companyregister Invalid Email",
              "timedOut": false,
              "duration": 4,
              "state": "passed",
              "speed": "fast",
              "pass": true,
              "fail": false,
              "pending": false,
              "context": null,
              "code": "chai\n  .request(host)\n  .post(path)\n  .send({\n    companyname: 'Apple',\n    industrytype: 'Type',\n    company_description: 'Description',\n    companylocation: 'Gujarat',\n    employee_name: 'Bhargv',\n    employee_designation: 'Founder',\n    number: '9081231384',\n    email: 'bhargav.vidjacom',\n    password: 'Apple@1122',\n    cpassword: 'Apple@1122'\n  })\n  .end(function (err, res, body) {\n    console.log(res)\n    res.status.should.equal(400);\n    done();\n  });",
              "err": {},
              "uuid": "64d04eb5-15be-4726-b06a-59207a742d20",
              "parentUUID": "12220f83-3a63-4351-950b-861ad5260dc9",
              "isHook": false,
              "skipped": false
            },
            {
              "title": "Invalid Email",
              "fullTitle": "Testing route company/companyregister Invalid Email",
              "timedOut": false,
              "duration": 5,
              "state": "passed",
              "speed": "fast",
              "pass": true,
              "fail": false,
              "pending": false,
              "context": null,
              "code": "chai\n  .request(host)\n  .post(path)\n  .send({\n    companyname: 'Apple',\n    industrytype: 'Type',\n    company_description: 'Description',\n    companylocation: 'Gujarat',\n    employee_name: 'Bhargv',\n    employee_designation: 'Founder',\n    number: '9081231384',\n    email: 'bhargav.vidja@.in',\n    password: 'Apple@1122',\n    cpassword: 'Apple@1122'\n  })\n  .end(function (err, res, body) {\n    console.log(res)\n    res.status.should.equal(400);\n    done();\n  });",
              "err": {},
              "uuid": "e1fb30f9-5a37-42eb-965f-bec33d52cbdc",
              "parentUUID": "12220f83-3a63-4351-950b-861ad5260dc9",
              "isHook": false,
              "skipped": false
            },
            {
              "title": "Error in Number field.",
              "fullTitle": "Testing route company/companyregister Error in Number field.",
              "timedOut": false,
              "duration": 5,
              "state": "failed",
              "speed": null,
              "pass": false,
              "fail": true,
              "pending": false,
              "context": null,
              "code": "chai\n  .request(host)\n  .post(path)\n  .send({\n    companyname: 'Apple',\n    industrytype: 'Type',\n    company_description: 'Description',\n    companylocation: 'Gujarat',\n    employee_name: 'Bhargv',\n    employee_designation: 'Founder',\n    number: '123456-7890',\n    email: 'bhargav.vidja@gmail.com',\n    password:'Apple@1122',\n    cpassword: 'Apple@1122'\n  })\n  .end(function (err, res, body) {\n    console.log(res)\n    res.status.should.equal(200);\n    done();\n  });",
              "err": {
                "message": "AssertionError: expected 400 to equal 200",
                "estack": "AssertionError: expected 400 to equal 200\n    at /Users/bhargavvidja/Desktop/now/IT_314_JOB_FICTION/Backend_final/test/test.spec.js:933:27\n    at Request.callback (node_modules/superagent/lib/node/index.js:857:12)\n    at /Users/bhargavvidja/Desktop/now/IT_314_JOB_FICTION/Backend_final/node_modules/superagent/lib/node/index.js:1070:18\n    at IncomingMessage.<anonymous> (node_modules/superagent/lib/node/parsers/json.js:21:7)\n    at IncomingMessage.emit (node:events:527:35)\n    at endReadableNT (node:internal/streams/readable:1409:12)\n    at process.processTicksAndRejections (node:internal/process/task_queues:82:21)",
                "diff": "- 400\n+ 200\n"
              },
              "uuid": "58164318-9f8e-4093-a1ff-0fdcdd5c67b8",
              "parentUUID": "12220f83-3a63-4351-950b-861ad5260dc9",
              "isHook": false,
              "skipped": false
            },
            {
              "title": "All valid Field",
              "fullTitle": "Testing route company/companyregister All valid Field",
              "timedOut": false,
              "duration": 3,
              "state": "passed",
              "speed": "fast",
              "pass": true,
              "fail": false,
              "pending": false,
              "context": null,
              "code": "chai\n  .request(host)\n  .post(path)\n  .send({\n    companyname: 'Apple',\n    industrytype: 'Type',\n    company_description: 'Description',\n    companylocation: 'Gujarat,India',\n    employee_name: 'Bhargv',\n    employee_designation: 'Founder',\n    number: '9081231384',\n    email: 'john.doe123@example.co.uk',\n    password: 'Apple@1122',\n    cpassword: 'Apple@1122'\n  })\n  .end(function (err, res, body) {\n    console.log(res)\n    res.status.should.equal(200);\n    done();\n  });",
              "err": {},
              "uuid": "59ce86e4-ae05-4939-9f83-2005a7eaa55f",
              "parentUUID": "12220f83-3a63-4351-950b-861ad5260dc9",
              "isHook": false,
              "skipped": false
            },
            {
              "title": "All valid Field",
              "fullTitle": "Testing route company/companyregister All valid Field",
              "timedOut": false,
              "duration": 4,
              "state": "passed",
              "speed": "fast",
              "pass": true,
              "fail": false,
              "pending": false,
              "context": null,
              "code": "chai\n  .request(host)\n  .post(path)\n  .send({\n    companyname: 'Apple',\n    industrytype: 'Type',\n    company_description: 'Description',\n    companylocation: 'Gujarat,India',\n    employee_name: 'Bhargv',\n    employee_designation: 'Founder',\n    number: '9081231384',\n    email: 'bob@email123.net',\n    password: 'Apple@1122',\n    cpassword: 'Apple@1122'\n  })\n  .end(function (err, res, body) {\n    console.log(res)\n    res.status.should.equal(200);\n    done();\n  });",
              "err": {},
              "uuid": "b16c495d-8d73-41bb-94d9-fa96fb260330",
              "parentUUID": "12220f83-3a63-4351-950b-861ad5260dc9",
              "isHook": false,
              "skipped": false
            },
            {
              "title": "All valid Field",
              "fullTitle": "Testing route company/companyregister All valid Field",
              "timedOut": false,
              "duration": 3,
              "state": "passed",
              "speed": "fast",
              "pass": true,
              "fail": false,
              "pending": false,
              "context": null,
              "code": "chai\n  .request(host)\n  .post(path)\n  .send({\n    companyname: 'Apple',\n    industrytype: 'Type',\n    company_description: 'Description',\n    companylocation: 'Gujarat,India',\n    employee_name: 'Bhargv',\n    employee_designation: 'Founder',\n    number: '9081231384',\n    email: 'invalidemailformat.com',\n    password: 'Apple@1122',\n    cpassword: 'Apple@1122'\n  })\n  .end(function (err, res, body) {\n    console.log(res)\n    res.status.should.equal(400);\n    done();\n  });",
              "err": {},
              "uuid": "bad8cb00-3efa-42d0-a612-1bce5cf42af0",
              "parentUUID": "12220f83-3a63-4351-950b-861ad5260dc9",
              "isHook": false,
              "skipped": false
            },
            {
              "title": "Password not matching",
              "fullTitle": "Testing route company/companyregister Password not matching",
              "timedOut": false,
              "duration": 4,
              "state": "passed",
              "speed": "fast",
              "pass": true,
              "fail": false,
              "pending": false,
              "context": null,
              "code": "chai\n  .request(host)\n  .post(path)\n  .send({\n    companyname: 'Apple',\n    industrytype: 'Type',\n    company_description: 'Description',\n    companylocation: 'Gujarat,India',\n    employee_name: 'Bhargv',\n    employee_designation: 'Founder',\n    number: '9081231384',\n    email: 'john.doe123@example.co.uk',\n    password: 'Apple@1122',\n    cpassword: 'Apple@2211'\n  })\n  .end(function (err, res, body) {\n    console.log(res)\n    res.status.should.equal(400);\n    done();\n  });",
              "err": {},
              "uuid": "3d580bc5-e480-4c28-8246-eb9cb062d383",
              "parentUUID": "12220f83-3a63-4351-950b-861ad5260dc9",
              "isHook": false,
              "skipped": false
            },
            {
              "title": "Error in Number field",
              "fullTitle": "Testing route company/companyregister Error in Number field",
              "timedOut": false,
              "duration": 3,
              "state": "passed",
              "speed": "fast",
              "pass": true,
              "fail": false,
              "pending": false,
              "context": null,
              "code": "chai\n  .request(host)\n  .post(path)\n  .send({\n    companyname: 'Apple',\n    industrytype: 'Type',\n    company_description: 'Description',\n    companylocation: 'Gujarat',\n    employee_name: 'Bhargv',\n    employee_designation: 'Founder',\n    number: '94',\n    email: 'bhargav.vidja@gmail.com',\n    password: 'Apple@1122',\n    cpassword: 'Apple@1122'\n  })\n  .end(function (err, res, body) {\n    console.log(res)\n    res.status.should.equal(400);\n    done();\n  });",
              "err": {},
              "uuid": "c215bd6c-b667-4f3a-acc0-f1e9cac2db08",
              "parentUUID": "12220f83-3a63-4351-950b-861ad5260dc9",
              "isHook": false,
              "skipped": false
            },
            {
              "title": "Error in Number field",
              "fullTitle": "Testing route company/companyregister Error in Number field",
              "timedOut": false,
              "duration": 4,
              "state": "passed",
              "speed": "fast",
              "pass": true,
              "fail": false,
              "pending": false,
              "context": null,
              "code": "chai\n  .request(host)\n  .post(path)\n  .send({\n    companyname: 'Apple',\n    industrytype: 'Type',\n    company_description: 'Description',\n    companylocation: 'Gujarat',\n    employee_name: 'Bhargv',\n    employee_designation: 'Founder',\n    number: '12346-7890',\n    email: 'bhargav.vidja@gmail.com',\n    password: 'Apple@1122',\n    cpassword: 'Apple@1122'\n  })\n  .end(function (err, res, body) {\n    console.log(res)\n    res.status.should.equal(400);\n    done();\n  });",
              "err": {},
              "uuid": "98e1b99b-3221-4894-9cff-568303e4db6d",
              "parentUUID": "12220f83-3a63-4351-950b-861ad5260dc9",
              "isHook": false,
              "skipped": false
            },
            {
              "title": "Error in Number field",
              "fullTitle": "Testing route company/companyregister Error in Number field",
              "timedOut": false,
              "duration": 3,
              "state": "passed",
              "speed": "fast",
              "pass": true,
              "fail": false,
              "pending": false,
              "context": null,
              "code": "chai\n  .request(host)\n  .post(path)\n  .send({\n    companyname: 'Apple',\n    industrytype: 'Type',\n    company_description: 'Description',\n    companylocation: 'Gujarat',\n    employee_name: 'Bhargv',\n    employee_designation: 'Founder',\n    number: '12345-67890',\n    email: 'bhargav.vidja@gmail.com',\n    password: 'Apple@1122',\n    cpassword: 'Apple@1122'\n  })\n  .end(function (err, res, body) {\n    console.log(res)\n    res.status.should.equal(200);\n    done();\n  });",
              "err": {},
              "uuid": "4a24010f-904c-40df-8117-4e548a26a329",
              "parentUUID": "12220f83-3a63-4351-950b-861ad5260dc9",
              "isHook": false,
              "skipped": false
            },
            {
              "title": "Character in Number",
              "fullTitle": "Testing route company/companyregister Character in Number",
              "timedOut": false,
              "duration": 4,
              "state": "passed",
              "speed": "fast",
              "pass": true,
              "fail": false,
              "pending": false,
              "context": null,
              "code": "chai\n  .request(host)\n  .post(path)\n  .send({\n    companyname: 'Apple',\n    industrytype: 'Type',\n    company_description: 'Description',\n    companylocation: 'Gujarat',\n    employee_name: 'Bhargv',\n    employee_designation: 'Founder',\n    number: '9081aa1384',\n    email: 'bhargav.vidja@gmail.com',\n    password: 'Apple@1122',\n    cpassword: 'Apple@1122'\n  })\n  .end(function (err, res, body) {\n    console.log(res)\n    res.status.should.equal(400);\n    done();\n  });",
              "err": {},
              "uuid": "98c54c4f-9e3a-451f-a756-99502b2a18dd",
              "parentUUID": "12220f83-3a63-4351-950b-861ad5260dc9",
              "isHook": false,
              "skipped": false
            },
            {
              "title": "Less than 3 character in Company Name",
              "fullTitle": "Testing route company/companyregister Less than 3 character in Company Name",
              "timedOut": false,
              "duration": 3,
              "state": "passed",
              "speed": "fast",
              "pass": true,
              "fail": false,
              "pending": false,
              "context": null,
              "code": "chai\n  .request(host)\n  .post(path)\n  .send({\n    companyname: 'IT',\n    industrytype: 'Type',\n    company_description: 'Description',\n    companylocation: 'Gujarat',\n    employee_name: 'Bhargav',\n    employee_designation: 'Founder',\n    number: '9081331384',\n    email: 'bharga.vidja@gmail.com',\n    password: 'Apple@1122',\n    cpassword: 'Apple@1122'\n  })\n  .end(function (err, res, body) {\n    console.log(res)\n    res.status.should.equal(400);\n    done();\n  });",
              "err": {},
              "uuid": "ef13a16b-4225-4001-8401-3246c2a87e56",
              "parentUUID": "12220f83-3a63-4351-950b-861ad5260dc9",
              "isHook": false,
              "skipped": false
            },
            {
              "title": "More than 50 character in Company Name",
              "fullTitle": "Testing route company/companyregister More than 50 character in Company Name",
              "timedOut": false,
              "duration": 6,
              "state": "passed",
              "speed": "fast",
              "pass": true,
              "fail": false,
              "pending": false,
              "context": null,
              "code": "chai\n  .request(host)\n  .post(path)\n  .send({\n    companyname: 'hbehdbcbhcbhyudeuibbcwbchbcbdhjbchjbchdbcnnjkdncdjjknvn',\n    industrytype: 'Type',\n    company_description: 'Description',\n    companylocation: 'Gujarat',\n    employee_name: 'Bhargav',\n    employee_designation: 'Founder',\n    number: '9081331384',\n    email: 'bhargav.vidja@gmail.com',\n    password: 'Apple@1122',\n    cpassword: 'Apple@1122'\n  })\n  .end(function (err, res, body) {\n    console.log(res)\n    res.status.should.equal(400);\n    done();\n  });",
              "err": {},
              "uuid": "e871a89c-ce4e-42cf-8866-51a7c739a351",
              "parentUUID": "12220f83-3a63-4351-950b-861ad5260dc9",
              "isHook": false,
              "skipped": false
            },
            {
              "title": "Less than 3 character in Company Type",
              "fullTitle": "Testing route company/companyregister Less than 3 character in Company Type",
              "timedOut": false,
              "duration": 5,
              "state": "passed",
              "speed": "fast",
              "pass": true,
              "fail": false,
              "pending": false,
              "context": null,
              "code": "chai\n  .request(host)\n  .post(path)\n  .send({\n    companyname: 'Apple',\n    industrytype: 'IT',\n    company_description: 'Description',\n    companylocation: 'Gujarat',\n    employee_name: 'Bhargav',\n    employee_designation: 'Founder',\n    number: '9081331384',\n    email: 'bharga.vidja@gmail.com',\n    password: 'Apple@1122',\n    cpassword: 'Apple@1122'\n  })\n  .end(function (err, res, body) {\n    console.log(res)\n    res.status.should.equal(400);\n    done();\n  });",
              "err": {},
              "uuid": "f8430f88-1735-4a96-8f51-2e2f05b4d91d",
              "parentUUID": "12220f83-3a63-4351-950b-861ad5260dc9",
              "isHook": false,
              "skipped": false
            },
            {
              "title": "More than 40 character in Company Type",
              "fullTitle": "Testing route company/companyregister More than 40 character in Company Type",
              "timedOut": false,
              "duration": 3,
              "state": "passed",
              "speed": "fast",
              "pass": true,
              "fail": false,
              "pending": false,
              "context": null,
              "code": "chai\n  .request(host)\n  .post(path)\n  .send({\n    companyname: 'Apple',\n    industrytype: 'hbehdbcbhcbhyudeuibbcwbchbcbdhjbchjbchdbcnnjkdncdjjknvn',\n    company_description: 'Description',\n    companylocation: 'Gujarat',\n    employee_name: 'Bhargav',\n    employee_designation: 'Founder',\n    number: '9081331384',\n    email: 'bhargav.vidja@gmail.com',\n    password: 'Apple@1122',\n    cpassword: 'Apple@1122'\n  })\n  .end(function (err, res, body) {\n    console.log(res)\n    res.status.should.equal(400);\n    done();\n  });",
              "err": {},
              "uuid": "9b200b18-c304-4ff9-b0fc-a3884495a792",
              "parentUUID": "12220f83-3a63-4351-950b-861ad5260dc9",
              "isHook": false,
              "skipped": false
            },
            {
              "title": "More than 50 character in Designation",
              "fullTitle": "Testing route company/companyregister More than 50 character in Designation",
              "timedOut": false,
              "duration": 4,
              "state": "passed",
              "speed": "fast",
              "pass": true,
              "fail": false,
              "pending": false,
              "context": null,
              "code": "chai\n  .request(host)\n  .post(path)\n  .send({\n    companyname: 'Apple',\n    industrytype: 'Type',\n    company_description: 'Description',\n    companylocation: 'Gujarat',\n    employee_name: 'Bhargav',\n    employee_designation: 'Chief Executive Officer and President of Global Strategic Operations and Innovations',\n    number: '9081331384',\n    email: 'bhargav.vidja@gmail.com',\n    password: 'Apple@1122',\n    cpassword: 'Apple@1122'\n  })\n  .end(function (err, res, body) {\n    console.log(res)\n    res.status.should.equal(400);\n    done();\n  });",
              "err": {},
              "uuid": "48ea0342-e304-44e1-9a00-de554e76793c",
              "parentUUID": "12220f83-3a63-4351-950b-861ad5260dc9",
              "isHook": false,
              "skipped": false
            },
            {
              "title": "less than 3 character in Designation",
              "fullTitle": "Testing route company/companyregister less than 3 character in Designation",
              "timedOut": false,
              "duration": 3,
              "state": "passed",
              "speed": "fast",
              "pass": true,
              "fail": false,
              "pending": false,
              "context": null,
              "code": "chai\n  .request(host)\n  .post(path)\n  .send({\n    companyname: 'Apple',\n    industrytype: 'Type',\n    company_description: 'Description',\n    companylocation: 'Gujarat',\n    employee_name: 'Bhargav',\n    employee_designation: 'CE',\n    number: '9081331384',\n    email: 'bhargav.vidja@gmail.com',\n    password: 'Apple@1122',\n    cpassword: 'Apple@1122'\n  })\n  .end(function (err, res, body) {\n    console.log(res)\n    res.status.should.equal(400);\n    done();\n  });",
              "err": {},
              "uuid": "14a7432f-20ca-4068-b9cb-ac1c49bd7428",
              "parentUUID": "12220f83-3a63-4351-950b-861ad5260dc9",
              "isHook": false,
              "skipped": false
            },
            {
              "title": "Empty Field",
              "fullTitle": "Testing route company/companyregister Empty Field",
              "timedOut": false,
              "duration": 4,
              "state": "passed",
              "speed": "fast",
              "pass": true,
              "fail": false,
              "pending": false,
              "context": null,
              "code": "chai\n  .request(host)\n  .post(path)\n  .send({\n    companyname: '',\n    industrytype: 'Type',\n    company_description: 'Description',\n    companylocation: 'Gujarat',\n    employee_name: 'Bhargv',\n    employee_designation: 'Founder',\n    number: '9081231384',\n    email: 'bhargav.vidja@gmail.com',\n    password: 'Apple@1122',\n    cpassword: 'Apple@1122'\n  })\n  .end(function (err, res, body) {\n    console.log(res)\n    res.status.should.equal(400);\n    done();\n  });",
              "err": {},
              "uuid": "d3f86637-641b-4660-a70a-48575c945096",
              "parentUUID": "12220f83-3a63-4351-950b-861ad5260dc9",
              "isHook": false,
              "skipped": false
            },
            {
              "title": "Empty Field",
              "fullTitle": "Testing route company/companyregister Empty Field",
              "timedOut": false,
              "duration": 5,
              "state": "passed",
              "speed": "fast",
              "pass": true,
              "fail": false,
              "pending": false,
              "context": null,
              "code": "chai\n  .request(host)\n  .post(path)\n  .send({\n    companyname: 'Apple',\n    industrytype: '',\n    company_description: 'Description',\n    companylocation: 'Gujarat',\n    employee_name: 'Bhargv',\n    employee_designation: 'Founder',\n    number: '9081231384',\n    email: 'bhargav.vidja@gmail.com',\n    password: 'Apple@1122',\n    cpassword: 'Apple@1122'\n  })\n  .end(function (err, res, body) {\n    console.log(res)\n    res.status.should.equal(400);\n    done();\n  });",
              "err": {},
              "uuid": "3fc5770a-5388-4c79-9573-82bfc24ee63a",
              "parentUUID": "12220f83-3a63-4351-950b-861ad5260dc9",
              "isHook": false,
              "skipped": false
            },
            {
              "title": "Empty Field",
              "fullTitle": "Testing route company/companyregister Empty Field",
              "timedOut": false,
              "duration": 2,
              "state": "passed",
              "speed": "fast",
              "pass": true,
              "fail": false,
              "pending": false,
              "context": null,
              "code": "chai\n  .request(host)\n  .post(path)\n  .send({\n    companyname: 'Apple',\n    industrytype: 'Type',\n    company_description: '',\n    companylocation: 'Gujarat',\n    employee_name: 'Bhargv',\n    employee_designation: 'Founder',\n    number: '9081231384',\n    email: 'bhargav.vidja@gmail.com',\n    password: 'Apple@1122',\n    cpassword: 'Apple@1122'\n  })\n  .end(function (err, res, body) {\n    console.log(res)\n    res.status.should.equal(400);\n    done();\n  });",
              "err": {},
              "uuid": "5996f365-09f2-4aea-a3b7-555b1574309b",
              "parentUUID": "12220f83-3a63-4351-950b-861ad5260dc9",
              "isHook": false,
              "skipped": false
            },
            {
              "title": "Empty Location",
              "fullTitle": "Testing route company/companyregister Empty Location",
              "timedOut": false,
              "duration": 3,
              "state": "passed",
              "speed": "fast",
              "pass": true,
              "fail": false,
              "pending": false,
              "context": null,
              "code": "chai\n  .request(host)\n  .post(path)\n  .send({\n    companyname: 'Apple',\n    industrytype: 'Type',\n    company_description: 'Description',\n    companylocation: '',\n    employee_name: 'Bhargv',\n    employee_designation: 'Founder',\n    number: '9081231384',\n    email: 'bhargav.vidja@gmail.com',\n    password: 'Apple@1122',\n    cpassword: 'Apple@1122'\n  })\n  .end(function (err, res, body) {\n    console.log(res)\n    res.status.should.equal(400);\n    done();\n  });",
              "err": {},
              "uuid": "257e8690-fcee-4f44-95ce-b5eaa13fc875",
              "parentUUID": "12220f83-3a63-4351-950b-861ad5260dc9",
              "isHook": false,
              "skipped": false
            },
            {
              "title": "Empty Employee name",
              "fullTitle": "Testing route company/companyregister Empty Employee name",
              "timedOut": false,
              "duration": 3,
              "state": "passed",
              "speed": "fast",
              "pass": true,
              "fail": false,
              "pending": false,
              "context": null,
              "code": "chai\n  .request(host)\n  .post(path)\n  .send({\n    companyname: 'Apple',\n    industrytype: 'Type',\n    company_description: 'Description',\n    companylocation: 'Gujarat',\n    employee_name: '',\n    employee_designation: 'Founder',\n    number: '9081231384',\n    email: 'bhargav.vidja@gmail.com',\n    password: 'Apple@1122',\n    cpassword: 'Apple@1122'\n  })\n  .end(function (err, res, body) {\n    console.log(res)\n    res.status.should.equal(400);\n    done();\n  });",
              "err": {},
              "uuid": "0817c1a9-737d-45be-9d78-5682ac67efe0",
              "parentUUID": "12220f83-3a63-4351-950b-861ad5260dc9",
              "isHook": false,
              "skipped": false
            },
            {
              "title": "Empty Designation",
              "fullTitle": "Testing route company/companyregister Empty Designation",
              "timedOut": false,
              "duration": 3,
              "state": "passed",
              "speed": "fast",
              "pass": true,
              "fail": false,
              "pending": false,
              "context": null,
              "code": "chai\n  .request(host)\n  .post(path)\n  .send({\n    companyname: 'Apple',\n    industrytype: 'Type',\n    company_description: 'Description',\n    companylocation: 'Gujarat',\n    employee_name: 'Bhargv',\n    employee_designation: '',\n    number: '9081231384',\n    email: 'bhargav.vidja@gmail.com',\n    password: 'Apple@1122',\n    cpassword: 'Apple@1122'\n  })\n  .end(function (err, res, body) {\n    console.log(res)\n    res.status.should.equal(400);\n    done();\n  });",
              "err": {},
              "uuid": "36e65dbf-028a-4e12-b807-0c2fdccfb564",
              "parentUUID": "12220f83-3a63-4351-950b-861ad5260dc9",
              "isHook": false,
              "skipped": false
            },
            {
              "title": "Empty Number",
              "fullTitle": "Testing route company/companyregister Empty Number",
              "timedOut": false,
              "duration": 5,
              "state": "passed",
              "speed": "fast",
              "pass": true,
              "fail": false,
              "pending": false,
              "context": null,
              "code": "chai\n  .request(host)\n  .post(path)\n  .send({\n    companyname: 'Apple',\n    industrytype: 'Type',\n    company_description: 'Description',\n    companylocation: 'Gujarat',\n    employee_name: 'Bhargv',\n    employee_designation: 'Founder',\n    number: '',\n    email: 'bhargav.vidja@gmail.com',\n    password: 'Apple@1122',\n    cpassword: 'Apple@1122'\n  })\n  .end(function (err, res, body) {\n    console.log(res)\n    res.status.should.equal(400);\n    done();\n  });",
              "err": {},
              "uuid": "744de92b-9b65-4b88-a0fe-1bc70f7ea9d2",
              "parentUUID": "12220f83-3a63-4351-950b-861ad5260dc9",
              "isHook": false,
              "skipped": false
            },
            {
              "title": "Empty Email",
              "fullTitle": "Testing route company/companyregister Empty Email",
              "timedOut": false,
              "duration": 5,
              "state": "passed",
              "speed": "fast",
              "pass": true,
              "fail": false,
              "pending": false,
              "context": null,
              "code": "chai\n  .request(host)\n  .post(path)\n  .send({\n    companyname: 'Apple',\n    industrytype: 'Type',\n    company_description: 'Description',\n    companylocation: 'Gujarat',\n    employee_name: 'Bhargv',\n    employee_designation: 'Founder',\n    number: '9081231384',\n    email: '',\n    password: 'Apple@1122',\n    cpassword: 'Apple@1122'\n  })\n  .end(function (err, res, body) {\n    console.log(res)\n    res.status.should.equal(400);\n    done();\n  });",
              "err": {},
              "uuid": "c5515b25-dbc5-4b82-9365-87107d6cf62c",
              "parentUUID": "12220f83-3a63-4351-950b-861ad5260dc9",
              "isHook": false,
              "skipped": false
            },
            {
              "title": "Empty Password",
              "fullTitle": "Testing route company/companyregister Empty Password",
              "timedOut": false,
              "duration": 4,
              "state": "passed",
              "speed": "fast",
              "pass": true,
              "fail": false,
              "pending": false,
              "context": null,
              "code": "chai\n  .request(host)\n  .post(path)\n  .send({\n    companyname: 'Apple',\n    industrytype: 'Type',\n    company_description: 'Description',\n    companylocation: 'Gujarat',\n    employee_name: 'Bhargv',\n    employee_designation: 'Founder',\n    number: '9081231384',\n    email: 'bhargav.vidja@gmail.com',\n    password: '',\n    cpassword: 'Apple@1122'\n  })\n  .end(function (err, res, body) {\n    console.log(res)\n    res.status.should.equal(400);\n    done();\n  });",
              "err": {},
              "uuid": "294a68a3-4005-4af8-9cee-f2b8c207ffd7",
              "parentUUID": "12220f83-3a63-4351-950b-861ad5260dc9",
              "isHook": false,
              "skipped": false
            },
            {
              "title": "Empty Confirm Password",
              "fullTitle": "Testing route company/companyregister Empty Confirm Password",
              "timedOut": false,
              "duration": 4,
              "state": "passed",
              "speed": "fast",
              "pass": true,
              "fail": false,
              "pending": false,
              "context": null,
              "code": "chai\n  .request(host)\n  .post(path)\n  .send({\n    companyname: 'Apple',\n    industrytype: 'Type',\n    company_description: 'Description',\n    companylocation: 'Gujarat',\n    employee_name: 'Bhargv',\n    employee_designation: 'Founder',\n    number: '9081231384',\n    email: 'bhargav.vidja@gmail.com',\n    password: 'Apple@1122',\n    cpassword: ''\n  })\n  .end(function (err, res, body) {\n    console.log(res)\n    res.status.should.equal(400);\n    done();\n  });",
              "err": {},
              "uuid": "e6937f27-e945-4882-9a98-b5d76491ee85",
              "parentUUID": "12220f83-3a63-4351-950b-861ad5260dc9",
              "isHook": false,
              "skipped": false
            }
          ],
          "suites": [],
          "passes": [
            "7ad86102-2e18-4a95-99f6-ee31c05f1f0d",
            "cbe2a05a-4ffa-471e-8542-2b55c7efbe0a",
            "0db612b0-7bf7-4d1f-a7e4-05b2b6c72618",
            "91d38ae3-ac6e-41f1-8665-cb48a5b14398",
            "53cdbdca-7bdf-4406-aa07-d921bb0e67a4",
            "20ae185d-691f-482a-9b3b-0b737e3c19dc",
            "fae24480-895f-403a-a105-60f59752734b",
            "69db4959-4c83-4f15-aa6b-da52e0d034e2",
            "55874069-1467-4591-ad75-c864e8ac5917",
            "ebc2bc55-6cc1-4ae6-9302-5896d5cf4daa",
            "64d04eb5-15be-4726-b06a-59207a742d20",
            "e1fb30f9-5a37-42eb-965f-bec33d52cbdc",
            "59ce86e4-ae05-4939-9f83-2005a7eaa55f",
            "b16c495d-8d73-41bb-94d9-fa96fb260330",
            "bad8cb00-3efa-42d0-a612-1bce5cf42af0",
            "3d580bc5-e480-4c28-8246-eb9cb062d383",
            "c215bd6c-b667-4f3a-acc0-f1e9cac2db08",
            "98e1b99b-3221-4894-9cff-568303e4db6d",
            "4a24010f-904c-40df-8117-4e548a26a329",
            "98c54c4f-9e3a-451f-a756-99502b2a18dd",
            "ef13a16b-4225-4001-8401-3246c2a87e56",
            "e871a89c-ce4e-42cf-8866-51a7c739a351",
            "f8430f88-1735-4a96-8f51-2e2f05b4d91d",
            "9b200b18-c304-4ff9-b0fc-a3884495a792",
            "48ea0342-e304-44e1-9a00-de554e76793c",
            "14a7432f-20ca-4068-b9cb-ac1c49bd7428",
            "d3f86637-641b-4660-a70a-48575c945096",
            "3fc5770a-5388-4c79-9573-82bfc24ee63a",
            "5996f365-09f2-4aea-a3b7-555b1574309b",
            "257e8690-fcee-4f44-95ce-b5eaa13fc875",
            "0817c1a9-737d-45be-9d78-5682ac67efe0",
            "36e65dbf-028a-4e12-b807-0c2fdccfb564",
            "744de92b-9b65-4b88-a0fe-1bc70f7ea9d2",
            "c5515b25-dbc5-4b82-9365-87107d6cf62c",
            "294a68a3-4005-4af8-9cee-f2b8c207ffd7",
            "e6937f27-e945-4882-9a98-b5d76491ee85"
          ],
          "failures": [
            "58164318-9f8e-4093-a1ff-0fdcdd5c67b8"
          ],
          "pending": [],
          "skipped": [],
          "duration": 422,
          "root": false,
          "rootEmpty": false,
          "_timeout": 2000
        }
      ],
      "passes": [],
      "failures": [],
      "pending": [],
      "skipped": [],
      "duration": 0,
      "root": true,
      "rootEmpty": true,
      "_timeout": 2000
    }
  ],
  "meta": {
    "mocha": {
      "version": "10.2.0"
    },
    "mochawesome": {
      "options": {
        "quiet": false,
        "reportFilename": "mochawesome",
        "saveHtml": true,
        "saveJson": true,
        "consoleReporter": "spec",
        "useInlineDiffs": false,
        "code": true
      },
      "version": "7.1.3"
    },
    "marge": {
      "options": null,
      "version": "6.2.0"
    }
  }
}