{
  "stats": {
    "suites": 1,
    "tests": 15,
    "passes": 15,
    "pending": 0,
    "failures": 0,
    "start": "2023-12-02T16:49:16.054Z",
    "end": "2023-12-02T16:49:16.174Z",
    "duration": 120,
    "testsRegistered": 15,
    "passPercent": 100,
    "pendingPercent": 0,
    "other": 0,
    "hasOther": false,
    "skipped": 0,
    "hasSkipped": false
  },
  "results": [
    {
      "uuid": "9b31ee2a-779d-43ee-b381-86b7e3e3dfc7",
      "title": "",
      "fullFile": "/Users/bhargavvidja/Desktop/newest/IT_314_JOB_FICTION/Backend_final/test/test.spec.js",
      "file": "/test/test.spec.js",
      "beforeHooks": [],
      "afterHooks": [],
      "tests": [],
      "suites": [
        {
          "uuid": "6ccae776-236b-4dd5-bf6f-76d61b59f883",
          "title": "Testing route company/companylogin",
          "fullFile": "/Users/bhargavvidja/Desktop/newest/IT_314_JOB_FICTION/Backend_final/test/test.spec.js",
          "file": "/test/test.spec.js",
          "beforeHooks": [],
          "afterHooks": [],
          "tests": [
            {
              "title": "All Valid Information",
              "fullTitle": "Testing route company/companylogin All Valid Information",
              "timedOut": false,
              "duration": 88,
              "state": "passed",
              "speed": "slow",
              "pass": true,
              "fail": false,
              "pending": false,
              "context": null,
              "code": "chai\n  .request(host)\n  .post(path)\n  .send({\n    email: '202101201@daiict.ac.in', \n    password: 'Apple@1122',\n  })\n  .end((err, res) => {\n    res.should.have.status(200);\n    res.body.should.be.an(\"object\");\n    done();\n  });",
              "err": {},
              "uuid": "e664dd47-193d-4bce-af3a-a01c6023ecb3",
              "parentUUID": "6ccae776-236b-4dd5-bf6f-76d61b59f883",
              "isHook": false,
              "skipped": false
            },
            {
              "title": "Invalid Email Upper latter",
              "fullTitle": "Testing route company/companylogin Invalid Email Upper latter",
              "timedOut": false,
              "duration": 3,
              "state": "passed",
              "speed": "fast",
              "pass": true,
              "fail": false,
              "pending": false,
              "context": null,
              "code": "chai\n  .request(host)\n  .post(path)\n  .send({\n    email: 'Bhargav.Vidja@gmail.com', \n    password: 'Apple@1122',\n  })\n  .end((err, res) => {\n    res.should.have.status(400);\n    res.body.should.be.an(\"object\");\n    done();\n  });",
              "err": {},
              "uuid": "9d3ebfca-85f1-4e01-8226-a381ed14ce7b",
              "parentUUID": "6ccae776-236b-4dd5-bf6f-76d61b59f883",
              "isHook": false,
              "skipped": false
            },
            {
              "title": "Invalid Email two times @",
              "fullTitle": "Testing route company/companylogin Invalid Email two times @",
              "timedOut": false,
              "duration": 2,
              "state": "passed",
              "speed": "fast",
              "pass": true,
              "fail": false,
              "pending": false,
              "context": null,
              "code": "chai\n  .request(host)\n  .post(path)\n  .send({\n    email: 'bhargav.vidja@@gmail.com', \n    password: 'Apple@1122',\n  })\n  .end((err, res) => {\n    res.should.have.status(400);\n    res.body.should.be.an(\"object\");\n    done();\n  });",
              "err": {},
              "uuid": "4c3e0f42-cc06-4060-a41e-be629a32d39e",
              "parentUUID": "6ccae776-236b-4dd5-bf6f-76d61b59f883",
              "isHook": false,
              "skipped": false
            },
            {
              "title": "Invalid Email (Missing @)",
              "fullTitle": "Testing route company/companylogin Invalid Email (Missing @)",
              "timedOut": false,
              "duration": 3,
              "state": "passed",
              "speed": "fast",
              "pass": true,
              "fail": false,
              "pending": false,
              "context": null,
              "code": "chai\n  .request(host)\n  .post(path)\n  .send({\n    email: 'bhargav.vidjagmail.com', \n    password: 'Apple@1122',\n  })\n  .end((err, res) => {\n    res.should.have.status(400);\n    res.body.should.be.an(\"object\");\n    done();\n  });",
              "err": {},
              "uuid": "c8cbe267-de57-4d21-8269-bbe969a75bbe",
              "parentUUID": "6ccae776-236b-4dd5-bf6f-76d61b59f883",
              "isHook": false,
              "skipped": false
            },
            {
              "title": "Invalid Email ",
              "fullTitle": "Testing route company/companylogin Invalid Email ",
              "timedOut": false,
              "duration": 2,
              "state": "passed",
              "speed": "fast",
              "pass": true,
              "fail": false,
              "pending": false,
              "context": null,
              "code": "chai\n  .request(host)\n  .post(path)\n  .send({\n    email: 'bhargav.vidja@gmail', \n    password: 'Apple@1122',\n  })\n  .end((err, res) => {\n    res.should.have.status(400);\n    res.body.should.be.an(\"object\");\n    done();\n  });",
              "err": {},
              "uuid": "48ce53b9-6b10-4d3a-b749-1488c4a80b79",
              "parentUUID": "6ccae776-236b-4dd5-bf6f-76d61b59f883",
              "isHook": false,
              "skipped": false
            },
            {
              "title": "Not in database",
              "fullTitle": "Testing route company/companylogin Not in database",
              "timedOut": false,
              "duration": 2,
              "state": "passed",
              "speed": "fast",
              "pass": true,
              "fail": false,
              "pending": false,
              "context": null,
              "code": "chai\n  .request(host)\n  .post(path)\n  .send({\n    email: 'vidja.bhargav@gmail.com', \n    password: 'Apple@1122',\n  })\n  .end((err, res) => {\n    res.should.have.status(400);\n    res.body.should.be.an(\"object\");\n    done();\n  });",
              "err": {},
              "uuid": "33e63d0a-a70c-495c-8da8-cdea203a83d4",
              "parentUUID": "6ccae776-236b-4dd5-bf6f-76d61b59f883",
              "isHook": false,
              "skipped": false
            },
            {
              "title": "Password length needs to beetween 8 to 15",
              "fullTitle": "Testing route company/companylogin Password length needs to beetween 8 to 15",
              "timedOut": false,
              "duration": 2,
              "state": "passed",
              "speed": "fast",
              "pass": true,
              "fail": false,
              "pending": false,
              "context": null,
              "code": "chai\n  .request(host)\n  .post(path)\n  .send({\n    email: 'bhargav.vidja@gmail.com', \n    password: 'a',\n  })\n  .end((err, res) => {\n    res.should.have.status(400);\n    res.body.should.be.an(\"object\");\n    done();\n  });",
              "err": {},
              "uuid": "efcae432-7372-417b-ac06-b1baf976c8ac",
              "parentUUID": "6ccae776-236b-4dd5-bf6f-76d61b59f883",
              "isHook": false,
              "skipped": false
            },
            {
              "title": "Password length needs to beetween 8 to 15",
              "fullTitle": "Testing route company/companylogin Password length needs to beetween 8 to 15",
              "timedOut": false,
              "duration": 2,
              "state": "passed",
              "speed": "fast",
              "pass": true,
              "fail": false,
              "pending": false,
              "context": null,
              "code": "chai\n  .request(host)\n  .post(path)\n  .send({\n    email: 'bhargav.vidja@gmail.com', \n    password: 'Apple@@1212233323232',\n  })\n  .end((err, res) => {\n    res.should.have.status(400);\n    res.body.should.be.an(\"object\");\n    done();\n  });",
              "err": {},
              "uuid": "c66edb2f-ec42-4a86-9fec-eb0a9735d352",
              "parentUUID": "6ccae776-236b-4dd5-bf6f-76d61b59f883",
              "isHook": false,
              "skipped": false
            },
            {
              "title": "Need one upper later in password",
              "fullTitle": "Testing route company/companylogin Need one upper later in password",
              "timedOut": false,
              "duration": 3,
              "state": "passed",
              "speed": "fast",
              "pass": true,
              "fail": false,
              "pending": false,
              "context": null,
              "code": "chai\n  .request(host)\n  .post(path)\n  .send({\n    email: 'bhargav.vidja@gmail.com', \n    password: 'apple@1122',\n  })\n  .end((err, res) => {\n    res.should.have.status(400);\n    res.body.should.be.an(\"object\");\n    done();\n  });",
              "err": {},
              "uuid": "e60df0c2-cacc-4a38-96fa-f7895d3ffbc4",
              "parentUUID": "6ccae776-236b-4dd5-bf6f-76d61b59f883",
              "isHook": false,
              "skipped": false
            },
            {
              "title": "Need one lower later in password",
              "fullTitle": "Testing route company/companylogin Need one lower later in password",
              "timedOut": false,
              "duration": 1,
              "state": "passed",
              "speed": "fast",
              "pass": true,
              "fail": false,
              "pending": false,
              "context": null,
              "code": "chai\n  .request(host)\n  .post(path)\n  .send({\n    email: 'bhargav.vidja@gmail.com', \n    password: 'APPLE@1122',\n  })\n  .end((err, res) => {\n    res.should.have.status(400);\n    res.body.should.be.an(\"object\");\n    done();\n  });",
              "err": {},
              "uuid": "e3f28c5b-e49d-46a9-a593-4314d1f5ce7f",
              "parentUUID": "6ccae776-236b-4dd5-bf6f-76d61b59f883",
              "isHook": false,
              "skipped": false
            },
            {
              "title": "Need one number in password",
              "fullTitle": "Testing route company/companylogin Need one number in password",
              "timedOut": false,
              "duration": 1,
              "state": "passed",
              "speed": "fast",
              "pass": true,
              "fail": false,
              "pending": false,
              "context": null,
              "code": "chai\n  .request(host)\n  .post(path)\n  .send({\n    email: 'bhargav.vidja@gmail.com', \n    password: 'APPle@@#@df',\n  })\n  .end((err, res) => {\n    res.should.have.status(400);\n    res.body.should.be.an(\"object\");\n    done();\n  });",
              "err": {},
              "uuid": "3f3d9508-90f7-4194-94d7-b6c96750ae71",
              "parentUUID": "6ccae776-236b-4dd5-bf6f-76d61b59f883",
              "isHook": false,
              "skipped": false
            },
            {
              "title": "Need one special character in password",
              "fullTitle": "Testing route company/companylogin Need one special character in password",
              "timedOut": false,
              "duration": 1,
              "state": "passed",
              "speed": "fast",
              "pass": true,
              "fail": false,
              "pending": false,
              "context": null,
              "code": "chai\n  .request(host)\n  .post(path)\n  .send({\n    email: 'bhargav.vidja@gmail.com', \n    password: 'APPle232',\n  })\n  .end((err, res) => {\n    res.should.have.status(400);\n    res.body.should.be.an(\"object\");\n    done();\n  });",
              "err": {},
              "uuid": "f3939f68-8dd5-407d-a0dc-8770e3250cd8",
              "parentUUID": "6ccae776-236b-4dd5-bf6f-76d61b59f883",
              "isHook": false,
              "skipped": false
            },
            {
              "title": "password length should between 8-15",
              "fullTitle": "Testing route company/companylogin password length should between 8-15",
              "timedOut": false,
              "duration": 1,
              "state": "passed",
              "speed": "fast",
              "pass": true,
              "fail": false,
              "pending": false,
              "context": null,
              "code": "chai\n  .request(host)\n  .post(path)\n  .send({\n    email: 'bhargav.vidja@gmail.com', \n    password: 'Apple@12121212121212121',\n  })\n  .end((err, res) => {\n    res.should.have.status(400);\n    res.body.should.be.an(\"object\");\n    done();\n  });",
              "err": {},
              "uuid": "0eab867f-76ea-4dd0-a40d-1007b83e5d4b",
              "parentUUID": "6ccae776-236b-4dd5-bf6f-76d61b59f883",
              "isHook": false,
              "skipped": false
            },
            {
              "title": "password cant be empty",
              "fullTitle": "Testing route company/companylogin password cant be empty",
              "timedOut": false,
              "duration": 2,
              "state": "passed",
              "speed": "fast",
              "pass": true,
              "fail": false,
              "pending": false,
              "context": null,
              "code": "chai\n  .request(host)\n  .post(path)\n  .send({\n    email: 'bhargav.vidja@gmail.com', \n    password: '',\n  })\n  .end((err, res) => {\n    res.should.have.status(400);\n    res.body.should.be.an(\"object\");\n    done();\n  });",
              "err": {},
              "uuid": "234b4ab3-22bf-49a1-9c85-6443454bb5f5",
              "parentUUID": "6ccae776-236b-4dd5-bf6f-76d61b59f883",
              "isHook": false,
              "skipped": false
            },
            {
              "title": "Email cant be empty",
              "fullTitle": "Testing route company/companylogin Email cant be empty",
              "timedOut": false,
              "duration": 1,
              "state": "passed",
              "speed": "fast",
              "pass": true,
              "fail": false,
              "pending": false,
              "context": null,
              "code": "chai\n  .request(host)\n  .post(path)\n  .send({\n    email: '', \n    password: 'Apple@1122',\n  })\n  .end((err, res) => {\n    res.should.have.status(400);\n    res.body.should.be.an(\"object\");\n    done();\n  });",
              "err": {},
              "uuid": "1e3ff7b9-016e-4053-9ff3-cdd58bbc8674",
              "parentUUID": "6ccae776-236b-4dd5-bf6f-76d61b59f883",
              "isHook": false,
              "skipped": false
            }
          ],
          "suites": [],
          "passes": [
            "e664dd47-193d-4bce-af3a-a01c6023ecb3",
            "9d3ebfca-85f1-4e01-8226-a381ed14ce7b",
            "4c3e0f42-cc06-4060-a41e-be629a32d39e",
            "c8cbe267-de57-4d21-8269-bbe969a75bbe",
            "48ce53b9-6b10-4d3a-b749-1488c4a80b79",
            "33e63d0a-a70c-495c-8da8-cdea203a83d4",
            "efcae432-7372-417b-ac06-b1baf976c8ac",
            "c66edb2f-ec42-4a86-9fec-eb0a9735d352",
            "e60df0c2-cacc-4a38-96fa-f7895d3ffbc4",
            "e3f28c5b-e49d-46a9-a593-4314d1f5ce7f",
            "3f3d9508-90f7-4194-94d7-b6c96750ae71",
            "f3939f68-8dd5-407d-a0dc-8770e3250cd8",
            "0eab867f-76ea-4dd0-a40d-1007b83e5d4b",
            "234b4ab3-22bf-49a1-9c85-6443454bb5f5",
            "1e3ff7b9-016e-4053-9ff3-cdd58bbc8674"
          ],
          "failures": [],
          "pending": [],
          "skipped": [],
          "duration": 114,
          "root": false,
          "rootEmpty": false,
          "_timeout": 2000
        }
      ],
      "passes": [],
      "failures": [],
      "pending": [],
      "skipped": [],
      "duration": 0,
      "root": true,
      "rootEmpty": true,
      "_timeout": 2000
    }
  ],
  "meta": {
    "mocha": {
      "version": "10.2.0"
    },
    "mochawesome": {
      "options": {
        "quiet": false,
        "reportFilename": "mochawesome",
        "saveHtml": true,
        "saveJson": true,
        "consoleReporter": "spec",
        "useInlineDiffs": false,
        "code": true
      },
      "version": "7.1.3"
    },
    "marge": {
      "options": null,
      "version": "6.2.0"
    }
  }
}